{"D:\\GB-Mobile-Application--Android---iOS-\\backend\\src\\index.ts": {"path":"D:\\GB-Mobile-Application--Android---iOS-\\backend\\src\\index.ts","all":false,"statementMap":{"0":{"start":{"line":1,"column":0},"end":{"line":1,"column":23}},"1":{"start":{"line":2,"column":0},"end":{"line":2,"column":30}},"2":{"start":{"line":3,"column":0},"end":{"line":3,"column":49}},"3":{"start":{"line":4,"column":0},"end":{"line":4,"column":45}},"4":{"start":{"line":5,"column":0},"end":{"line":5,"column":45}},"5":{"start":{"line":6,"column":0},"end":{"line":6,"column":49}},"6":{"start":{"line":7,"column":0},"end":{"line":7,"column":47}},"7":{"start":{"line":8,"column":0},"end":{"line":8,"column":57}},"8":{"start":{"line":9,"column":0},"end":{"line":9,"column":55}},"9":{"start":{"line":10,"column":0},"end":{"line":10,"column":67}},"10":{"start":{"line":11,"column":0},"end":{"line":11,"column":67}},"11":{"start":{"line":12,"column":0},"end":{"line":12,"column":47}},"12":{"start":{"line":13,"column":0},"end":{"line":13,"column":53}},"13":{"start":{"line":14,"column":0},"end":{"line":14,"column":45}},"14":{"start":{"line":15,"column":0},"end":{"line":15,"column":57}},"15":{"start":{"line":16,"column":0},"end":{"line":16,"column":57}},"16":{"start":{"line":17,"column":0},"end":{"line":17,"column":63}},"17":{"start":{"line":18,"column":0},"end":{"line":18,"column":52}},"18":{"start":{"line":19,"column":0},"end":{"line":19,"column":41}},"19":{"start":{"line":20,"column":0},"end":{"line":20,"column":64}},"21":{"start":{"line":22,"column":0},"end":{"line":22,"column":22}},"23":{"start":{"line":24,"column":0},"end":{"line":24,"column":23}},"24":{"start":{"line":25,"column":0},"end":{"line":25,"column":32}},"25":{"start":{"line":26,"column":0},"end":{"line":26,"column":24}},"27":{"start":{"line":28,"column":0},"end":{"line":28,"column":22}},"28":{"start":{"line":29,"column":0},"end":{"line":29,"column":29}},"29":{"start":{"line":30,"column":0},"end":{"line":30,"column":20}},"30":{"start":{"line":31,"column":0},"end":{"line":31,"column":22}},"31":{"start":{"line":32,"column":0},"end":{"line":32,"column":21}},"32":{"start":{"line":33,"column":0},"end":{"line":33,"column":26}},"33":{"start":{"line":34,"column":0},"end":{"line":34,"column":25}},"34":{"start":{"line":35,"column":0},"end":{"line":35,"column":31}},"35":{"start":{"line":36,"column":0},"end":{"line":36,"column":31}},"36":{"start":{"line":37,"column":0},"end":{"line":37,"column":21}},"37":{"start":{"line":38,"column":0},"end":{"line":38,"column":30}},"38":{"start":{"line":39,"column":0},"end":{"line":39,"column":24}},"39":{"start":{"line":40,"column":0},"end":{"line":40,"column":26}},"40":{"start":{"line":41,"column":0},"end":{"line":41,"column":22}},"42":{"start":{"line":43,"column":0},"end":{"line":43,"column":38}},"43":{"start":{"line":44,"column":0},"end":{"line":44,"column":38}},"44":{"start":{"line":45,"column":0},"end":{"line":45,"column":28}},"45":{"start":{"line":46,"column":0},"end":{"line":46,"column":26}},"46":{"start":{"line":47,"column":0},"end":{"line":47,"column":16}},"47":{"start":{"line":48,"column":0},"end":{"line":48,"column":83}},"48":{"start":{"line":49,"column":0},"end":{"line":49,"column":25}},"49":{"start":{"line":50,"column":0},"end":{"line":50,"column":6}},"50":{"start":{"line":51,"column":0},"end":{"line":51,"column":5}},"51":{"start":{"line":52,"column":0},"end":{"line":52,"column":1}},"53":{"start":{"line":54,"column":0},"end":{"line":54,"column":19}}},"s":{"0":1,"1":1,"2":1,"3":1,"4":1,"5":1,"6":1,"7":1,"8":1,"9":1,"10":1,"11":1,"12":1,"13":1,"14":1,"15":1,"16":1,"17":1,"18":1,"19":1,"21":1,"23":1,"24":1,"25":1,"27":1,"28":1,"29":1,"30":1,"31":1,"32":1,"33":1,"34":1,"35":1,"36":1,"37":1,"38":1,"39":1,"40":1,"42":1,"43":1,"44":0,"45":0,"46":0,"47":0,"48":0,"49":0,"50":0,"51":0,"53":1},"branchMap":{"0":{"type":"branch","line":43,"loc":{"start":{"line":43,"column":25},"end":{"line":43,"column":38}},"locations":[{"start":{"line":43,"column":25},"end":{"line":43,"column":38}}]},"1":{"type":"branch","line":44,"loc":{"start":{"line":44,"column":37},"end":{"line":52,"column":1}},"locations":[{"start":{"line":44,"column":37},"end":{"line":52,"column":1}}]}},"b":{"0":[0],"1":[0]},"fnMap":{},"f":{}}
,"D:\\GB-Mobile-Application--Android---iOS-\\backend\\src\\config\\cors.ts": {"path":"D:\\GB-Mobile-Application--Android---iOS-\\backend\\src\\config\\cors.ts","all":false,"statementMap":{"0":{"start":{"line":1,"column":0},"end":{"line":1,"column":32}},"1":{"start":{"line":2,"column":0},"end":{"line":2,"column":53}},"2":{"start":{"line":3,"column":0},"end":{"line":3,"column":12}},"3":{"start":{"line":4,"column":0},"end":{"line":4,"column":15}},"4":{"start":{"line":5,"column":0},"end":{"line":5,"column":33}},"5":{"start":{"line":6,"column":0},"end":{"line":6,"column":21}},"6":{"start":{"line":7,"column":0},"end":{"line":7,"column":1}},"8":{"start":{"line":9,"column":0},"end":{"line":9,"column":34}},"9":{"start":{"line":10,"column":0},"end":{"line":10,"column":52}},"10":{"start":{"line":11,"column":0},"end":{"line":11,"column":47}},"11":{"start":{"line":12,"column":0},"end":{"line":12,"column":71}},"13":{"start":{"line":14,"column":0},"end":{"line":14,"column":60}},"14":{"start":{"line":15,"column":0},"end":{"line":15,"column":70}},"15":{"start":{"line":16,"column":0},"end":{"line":16,"column":3}},"17":{"start":{"line":18,"column":0},"end":{"line":18,"column":10}},"18":{"start":{"line":19,"column":0},"end":{"line":19,"column":8}},"19":{"start":{"line":20,"column":0},"end":{"line":20,"column":19}},"20":{"start":{"line":21,"column":0},"end":{"line":21,"column":13}},"21":{"start":{"line":22,"column":0},"end":{"line":22,"column":4}},"22":{"start":{"line":23,"column":0},"end":{"line":23,"column":1}}},"s":{"0":23,"1":23,"2":23,"3":23,"4":23,"5":23,"6":23,"8":1,"9":23,"10":23,"11":23,"13":23,"14":0,"15":0,"17":23,"18":23,"19":23,"20":23,"21":23,"22":23},"branchMap":{"0":{"type":"branch","line":1,"loc":{"start":{"line":1,"column":0},"end":{"line":7,"column":1}},"locations":[{"start":{"line":1,"column":0},"end":{"line":7,"column":1}}]},"1":{"type":"branch","line":2,"loc":{"start":{"line":2,"column":26},"end":{"line":2,"column":53}},"locations":[{"start":{"line":2,"column":26},"end":{"line":2,"column":53}}]},"2":{"type":"branch","line":5,"loc":{"start":{"line":5,"column":9},"end":{"line":5,"column":32}},"locations":[{"start":{"line":5,"column":9},"end":{"line":5,"column":32}}]},"3":{"type":"branch","line":9,"loc":{"start":{"line":9,"column":7},"end":{"line":23,"column":1}},"locations":[{"start":{"line":9,"column":7},"end":{"line":23,"column":1}}]},"4":{"type":"branch","line":10,"loc":{"start":{"line":10,"column":26},"end":{"line":10,"column":52}},"locations":[{"start":{"line":10,"column":26},"end":{"line":10,"column":52}}]},"5":{"type":"branch","line":14,"loc":{"start":{"line":14,"column":14},"end":{"line":14,"column":59}},"locations":[{"start":{"line":14,"column":14},"end":{"line":14,"column":59}}]},"6":{"type":"branch","line":14,"loc":{"start":{"line":14,"column":59},"end":{"line":16,"column":3}},"locations":[{"start":{"line":14,"column":59},"end":{"line":16,"column":3}}]}},"b":{"0":[23],"1":[0],"2":[46],"3":[23],"4":[0],"5":[0],"6":[0]},"fnMap":{"0":{"name":"parseAllowedOrigins","decl":{"start":{"line":1,"column":0},"end":{"line":7,"column":1}},"loc":{"start":{"line":1,"column":0},"end":{"line":7,"column":1}},"line":1},"1":{"name":"loadCorsConfig","decl":{"start":{"line":9,"column":7},"end":{"line":23,"column":1}},"loc":{"start":{"line":9,"column":7},"end":{"line":23,"column":1}},"line":9}},"f":{"0":23,"1":23}}
,"D:\\GB-Mobile-Application--Android---iOS-\\backend\\src\\config\\db.ts": {"path":"D:\\GB-Mobile-Application--Android---iOS-\\backend\\src\\config\\db.ts","all":false,"statementMap":{"0":{"start":{"line":1,"column":0},"end":{"line":1,"column":46}},"5":{"start":{"line":6,"column":0},"end":{"line":6,"column":54}},"6":{"start":{"line":7,"column":0},"end":{"line":7,"column":34}},"7":{"start":{"line":8,"column":0},"end":{"line":8,"column":91}},"9":{"start":{"line":10,"column":0},"end":{"line":10,"column":47}},"10":{"start":{"line":11,"column":0},"end":{"line":11,"column":76}},"11":{"start":{"line":12,"column":0},"end":{"line":12,"column":1}},"12":{"start":{"line":13,"column":0},"end":{"line":13,"column":24}},"13":{"start":{"line":14,"column":0},"end":{"line":14,"column":42}},"14":{"start":{"line":15,"column":0},"end":{"line":15,"column":1}},"16":{"start":{"line":17,"column":0},"end":{"line":17,"column":44}},"17":{"start":{"line":18,"column":0},"end":{"line":18,"column":43}},"18":{"start":{"line":19,"column":0},"end":{"line":19,"column":34}},"19":{"start":{"line":20,"column":0},"end":{"line":20,"column":57}},"21":{"start":{"line":22,"column":0},"end":{"line":22,"column":71}},"22":{"start":{"line":23,"column":0},"end":{"line":23,"column":15}},"23":{"start":{"line":24,"column":0},"end":{"line":24,"column":20}},"24":{"start":{"line":25,"column":0},"end":{"line":25,"column":28}},"25":{"start":{"line":26,"column":0},"end":{"line":26,"column":38}},"26":{"start":{"line":27,"column":0},"end":{"line":27,"column":7}},"27":{"start":{"line":28,"column":0},"end":{"line":28,"column":53}},"28":{"start":{"line":29,"column":0},"end":{"line":29,"column":53}},"29":{"start":{"line":30,"column":0},"end":{"line":30,"column":57}},"30":{"start":{"line":31,"column":0},"end":{"line":31,"column":18}},"31":{"start":{"line":32,"column":0},"end":{"line":32,"column":17}},"32":{"start":{"line":33,"column":0},"end":{"line":33,"column":53}},"33":{"start":{"line":34,"column":0},"end":{"line":34,"column":88}},"34":{"start":{"line":35,"column":0},"end":{"line":35,"column":14}},"35":{"start":{"line":36,"column":0},"end":{"line":36,"column":3}},"36":{"start":{"line":37,"column":0},"end":{"line":37,"column":1}},"38":{"start":{"line":39,"column":0},"end":{"line":39,"column":35}},"39":{"start":{"line":40,"column":0},"end":{"line":40,"column":19}},"40":{"start":{"line":41,"column":0},"end":{"line":41,"column":1}},"42":{"start":{"line":43,"column":0},"end":{"line":43,"column":53}},"43":{"start":{"line":44,"column":0},"end":{"line":44,"column":43}},"44":{"start":{"line":45,"column":0},"end":{"line":45,"column":41}},"46":{"start":{"line":47,"column":0},"end":{"line":47,"column":29}},"47":{"start":{"line":48,"column":0},"end":{"line":48,"column":48}},"48":{"start":{"line":49,"column":0},"end":{"line":49,"column":13}},"49":{"start":{"line":50,"column":0},"end":{"line":50,"column":49}},"50":{"start":{"line":51,"column":0},"end":{"line":51,"column":57}},"51":{"start":{"line":52,"column":0},"end":{"line":52,"column":6}},"52":{"start":{"line":53,"column":0},"end":{"line":53,"column":33}},"53":{"start":{"line":54,"column":0},"end":{"line":54,"column":3}},"55":{"start":{"line":56,"column":0},"end":{"line":56,"column":16}},"56":{"start":{"line":57,"column":0},"end":{"line":57,"column":1}},"58":{"start":{"line":59,"column":0},"end":{"line":59,"column":39}},"59":{"start":{"line":60,"column":0},"end":{"line":60,"column":54}},"60":{"start":{"line":61,"column":0},"end":{"line":61,"column":20}},"61":{"start":{"line":62,"column":0},"end":{"line":62,"column":85}},"62":{"start":{"line":63,"column":0},"end":{"line":63,"column":1}},"64":{"start":{"line":65,"column":0},"end":{"line":65,"column":88}},"65":{"start":{"line":66,"column":0},"end":{"line":66,"column":36}},"66":{"start":{"line":67,"column":0},"end":{"line":67,"column":48}},"68":{"start":{"line":69,"column":0},"end":{"line":69,"column":51}},"69":{"start":{"line":70,"column":0},"end":{"line":70,"column":11}},"70":{"start":{"line":71,"column":0},"end":{"line":71,"column":5}},"71":{"start":{"line":72,"column":0},"end":{"line":72,"column":17}},"72":{"start":{"line":73,"column":0},"end":{"line":73,"column":40}},"73":{"start":{"line":74,"column":0},"end":{"line":74,"column":33}},"74":{"start":{"line":75,"column":0},"end":{"line":75,"column":16}},"75":{"start":{"line":76,"column":0},"end":{"line":76,"column":33}},"76":{"start":{"line":77,"column":0},"end":{"line":77,"column":6}},"77":{"start":{"line":78,"column":0},"end":{"line":78,"column":25}},"78":{"start":{"line":79,"column":0},"end":{"line":79,"column":4}},"79":{"start":{"line":80,"column":0},"end":{"line":80,"column":1}}},"s":{"0":1,"5":1,"6":1,"7":1,"9":1,"10":0,"11":0,"12":1,"13":0,"14":0,"16":1,"17":1,"18":1,"19":1,"21":474,"22":474,"23":474,"24":474,"25":474,"26":474,"27":474,"28":474,"29":474,"30":474,"31":474,"32":0,"33":0,"34":0,"35":0,"36":474,"38":1,"39":1,"40":1,"42":20,"43":20,"44":20,"46":0,"47":20,"48":0,"49":0,"50":0,"51":0,"52":0,"53":0,"55":0,"56":0,"58":0,"59":0,"60":0,"61":0,"62":0,"64":474,"65":474,"66":474,"68":0,"69":474,"70":474,"71":474,"72":474,"73":474,"74":474,"75":474,"76":474,"77":474,"78":474,"79":474},"branchMap":{"0":{"type":"branch","line":6,"loc":{"start":{"line":6,"column":28},"end":{"line":6,"column":54}},"locations":[{"start":{"line":6,"column":28},"end":{"line":6,"column":54}}]},"1":{"type":"branch","line":8,"loc":{"start":{"line":8,"column":46},"end":{"line":8,"column":91}},"locations":[{"start":{"line":8,"column":46},"end":{"line":8,"column":91}}]},"2":{"type":"branch","line":10,"loc":{"start":{"line":10,"column":46},"end":{"line":12,"column":1}},"locations":[{"start":{"line":10,"column":46},"end":{"line":12,"column":1}}]},"3":{"type":"branch","line":13,"loc":{"start":{"line":13,"column":23},"end":{"line":15,"column":1}},"locations":[{"start":{"line":13,"column":23},"end":{"line":15,"column":1}}]},"4":{"type":"branch","line":22,"loc":{"start":{"line":22,"column":0},"end":{"line":37,"column":1}},"locations":[{"start":{"line":22,"column":0},"end":{"line":37,"column":1}}]},"5":{"type":"branch","line":32,"loc":{"start":{"line":32,"column":2},"end":{"line":36,"column":3}},"locations":[{"start":{"line":32,"column":2},"end":{"line":36,"column":3}}]},"6":{"type":"branch","line":39,"loc":{"start":{"line":39,"column":0},"end":{"line":41,"column":1}},"locations":[{"start":{"line":39,"column":0},"end":{"line":41,"column":1}}]},"7":{"type":"branch","line":43,"loc":{"start":{"line":43,"column":0},"end":{"line":57,"column":1}},"locations":[{"start":{"line":43,"column":0},"end":{"line":57,"column":1}}]},"8":{"type":"branch","line":45,"loc":{"start":{"line":45,"column":19},"end":{"line":48,"column":47}},"locations":[{"start":{"line":45,"column":19},"end":{"line":48,"column":47}}]},"9":{"type":"branch","line":48,"loc":{"start":{"line":48,"column":47},"end":{"line":57,"column":1}},"locations":[{"start":{"line":48,"column":47},"end":{"line":57,"column":1}}]},"10":{"type":"branch","line":65,"loc":{"start":{"line":65,"column":0},"end":{"line":80,"column":1}},"locations":[{"start":{"line":65,"column":0},"end":{"line":80,"column":1}}]},"11":{"type":"branch","line":66,"loc":{"start":{"line":66,"column":29},"end":{"line":66,"column":36}},"locations":[{"start":{"line":66,"column":29},"end":{"line":66,"column":36}}]},"12":{"type":"branch","line":67,"loc":{"start":{"line":67,"column":41},"end":{"line":69,"column":51}},"locations":[{"start":{"line":67,"column":41},"end":{"line":69,"column":51}}]},"13":{"type":"branch","line":74,"loc":{"start":{"line":74,"column":16},"end":{"line":74,"column":33}},"locations":[{"start":{"line":74,"column":16},"end":{"line":74,"column":33}}]}},"b":{"0":[0],"1":[0],"2":[0],"3":[0],"4":[474],"5":[0],"6":[1],"7":[20],"8":[0],"9":[0],"10":[474],"11":[0],"12":[0],"13":[0]},"fnMap":{"0":{"name":"query","decl":{"start":{"line":22,"column":0},"end":{"line":37,"column":1}},"loc":{"start":{"line":22,"column":0},"end":{"line":37,"column":1}},"line":22},"1":{"name":"closePool","decl":{"start":{"line":39,"column":0},"end":{"line":41,"column":1}},"loc":{"start":{"line":39,"column":0},"end":{"line":41,"column":1}},"line":39},"2":{"name":"resolveSlowQueryThreshold","decl":{"start":{"line":43,"column":0},"end":{"line":57,"column":1}},"loc":{"start":{"line":43,"column":0},"end":{"line":57,"column":1}},"line":43},"3":{"name":"summarizeQuery","decl":{"start":{"line":59,"column":0},"end":{"line":63,"column":1}},"loc":{"start":{"line":59,"column":0},"end":{"line":63,"column":1}},"line":59},"4":{"name":"maybeLogSlowQuery","decl":{"start":{"line":65,"column":0},"end":{"line":80,"column":1}},"loc":{"start":{"line":65,"column":0},"end":{"line":80,"column":1}},"line":65}},"f":{"0":474,"1":1,"2":20,"3":0,"4":474}}
,"D:\\GB-Mobile-Application--Android---iOS-\\backend\\src\\config\\logger.ts": {"path":"D:\\GB-Mobile-Application--Android---iOS-\\backend\\src\\config\\logger.ts","all":false,"statementMap":{"0":{"start":{"line":1,"column":0},"end":{"line":1,"column":24}},"3":{"start":{"line":4,"column":0},"end":{"line":4,"column":54}},"4":{"start":{"line":5,"column":0},"end":{"line":5,"column":49}},"6":{"start":{"line":7,"column":0},"end":{"line":7,"column":28}},"7":{"start":{"line":8,"column":0},"end":{"line":8,"column":18}},"8":{"start":{"line":9,"column":0},"end":{"line":9,"column":9}},"9":{"start":{"line":10,"column":0},"end":{"line":10,"column":32}},"10":{"start":{"line":11,"column":0},"end":{"line":11,"column":17}},"11":{"start":{"line":12,"column":0},"end":{"line":12,"column":4}},"12":{"start":{"line":13,"column":0},"end":{"line":13,"column":11}},"13":{"start":{"line":14,"column":0},"end":{"line":14,"column":40}},"14":{"start":{"line":15,"column":0},"end":{"line":15,"column":70}},"15":{"start":{"line":16,"column":0},"end":{"line":16,"column":4}},"16":{"start":{"line":17,"column":0},"end":{"line":17,"column":3}}},"s":{"0":1,"3":1,"4":1,"6":1,"7":1,"8":1,"9":1,"10":1,"11":1,"12":1,"13":385,"14":385,"15":385,"16":1},"branchMap":{"0":{"type":"branch","line":4,"loc":{"start":{"line":4,"column":28},"end":{"line":4,"column":54}},"locations":[{"start":{"line":4,"column":28},"end":{"line":4,"column":54}}]},"1":{"type":"branch","line":5,"loc":{"start":{"line":5,"column":29},"end":{"line":5,"column":49}},"locations":[{"start":{"line":5,"column":29},"end":{"line":5,"column":49}}]},"2":{"type":"branch","line":13,"loc":{"start":{"line":13,"column":2},"end":{"line":16,"column":4}},"locations":[{"start":{"line":13,"column":2},"end":{"line":16,"column":4}}]},"3":{"type":"branch","line":15,"loc":{"start":{"line":15,"column":11},"end":{"line":15,"column":32}},"locations":[{"start":{"line":15,"column":11},"end":{"line":15,"column":32}}]},"4":{"type":"branch","line":15,"loc":{"start":{"line":15,"column":20},"end":{"line":15,"column":67}},"locations":[{"start":{"line":15,"column":20},"end":{"line":15,"column":67}}]},"5":{"type":"branch","line":15,"loc":{"start":{"line":15,"column":63},"end":{"line":15,"column":70}},"locations":[{"start":{"line":15,"column":63},"end":{"line":15,"column":70}}]}},"b":{"0":[0],"1":[0],"2":[385],"3":[373],"4":[373],"5":[12]},"fnMap":{"0":{"name":"mixin","decl":{"start":{"line":13,"column":2},"end":{"line":16,"column":4}},"loc":{"start":{"line":13,"column":2},"end":{"line":16,"column":4}},"line":13}},"f":{"0":385}}
,"D:\\GB-Mobile-Application--Android---iOS-\\backend\\src\\config\\requestContext.ts": {"path":"D:\\GB-Mobile-Application--Android---iOS-\\backend\\src\\config\\requestContext.ts","all":false,"statementMap":{"0":{"start":{"line":1,"column":0},"end":{"line":1,"column":48}},"6":{"start":{"line":7,"column":0},"end":{"line":7,"column":54}},"8":{"start":{"line":9,"column":0},"end":{"line":9,"column":80}},"9":{"start":{"line":10,"column":0},"end":{"line":10,"column":32}},"10":{"start":{"line":11,"column":0},"end":{"line":11,"column":1}},"12":{"start":{"line":13,"column":0},"end":{"line":13,"column":37}},"13":{"start":{"line":14,"column":0},"end":{"line":14,"column":26}},"14":{"start":{"line":15,"column":0},"end":{"line":15,"column":1}},"16":{"start":{"line":17,"column":0},"end":{"line":17,"column":60}},"17":{"start":{"line":18,"column":0},"end":{"line":18,"column":27}},"18":{"start":{"line":19,"column":0},"end":{"line":19,"column":1}}},"s":{"0":1,"6":1,"8":1,"9":196,"10":196,"12":1,"13":385,"14":385,"16":1,"17":0,"18":0},"branchMap":{"0":{"type":"branch","line":9,"loc":{"start":{"line":9,"column":7},"end":{"line":11,"column":1}},"locations":[{"start":{"line":9,"column":7},"end":{"line":11,"column":1}}]},"1":{"type":"branch","line":13,"loc":{"start":{"line":13,"column":7},"end":{"line":15,"column":1}},"locations":[{"start":{"line":13,"column":7},"end":{"line":15,"column":1}}]}},"b":{"0":[196],"1":[385]},"fnMap":{"0":{"name":"runWithRequestContext","decl":{"start":{"line":9,"column":7},"end":{"line":11,"column":1}},"loc":{"start":{"line":9,"column":7},"end":{"line":11,"column":1}},"line":9},"1":{"name":"getRequestContext","decl":{"start":{"line":13,"column":7},"end":{"line":15,"column":1}},"loc":{"start":{"line":13,"column":7},"end":{"line":15,"column":1}},"line":13},"2":{"name":"setRequestContext","decl":{"start":{"line":17,"column":7},"end":{"line":19,"column":1}},"loc":{"start":{"line":17,"column":7},"end":{"line":19,"column":1}},"line":17}},"f":{"0":196,"1":385,"2":0}}
,"D:\\GB-Mobile-Application--Android---iOS-\\backend\\src\\config\\storage.ts": {"path":"D:\\GB-Mobile-Application--Android---iOS-\\backend\\src\\config\\storage.ts","all":false,"statementMap":{"0":{"start":{"line":1,"column":0},"end":{"line":1,"column":20}},"3":{"start":{"line":4,"column":0},"end":{"line":4,"column":49}},"4":{"start":{"line":5,"column":0},"end":{"line":5,"column":47}},"5":{"start":{"line":6,"column":0},"end":{"line":6,"column":45}},"7":{"start":{"line":8,"column":0},"end":{"line":8,"column":56}},"9":{"start":{"line":10,"column":0},"end":{"line":10,"column":34}},"10":{"start":{"line":11,"column":0},"end":{"line":11,"column":21}},"11":{"start":{"line":12,"column":0},"end":{"line":12,"column":1}},"13":{"start":{"line":14,"column":0},"end":{"line":14,"column":37}},"14":{"start":{"line":15,"column":0},"end":{"line":15,"column":17}},"15":{"start":{"line":16,"column":0},"end":{"line":16,"column":1}},"17":{"start":{"line":18,"column":0},"end":{"line":18,"column":34}},"18":{"start":{"line":19,"column":0},"end":{"line":19,"column":47}},"19":{"start":{"line":20,"column":0},"end":{"line":20,"column":81}},"20":{"start":{"line":21,"column":0},"end":{"line":21,"column":1}},"22":{"start":{"line":23,"column":0},"end":{"line":23,"column":50}},"23":{"start":{"line":24,"column":0},"end":{"line":24,"column":65}},"24":{"start":{"line":25,"column":0},"end":{"line":25,"column":1}},"26":{"start":{"line":27,"column":0},"end":{"line":27,"column":47}},"27":{"start":{"line":28,"column":0},"end":{"line":28,"column":41}},"28":{"start":{"line":29,"column":0},"end":{"line":29,"column":52}},"29":{"start":{"line":30,"column":0},"end":{"line":30,"column":53}},"30":{"start":{"line":31,"column":0},"end":{"line":31,"column":44}},"31":{"start":{"line":32,"column":0},"end":{"line":32,"column":3}},"32":{"start":{"line":33,"column":0},"end":{"line":33,"column":26}},"33":{"start":{"line":34,"column":0},"end":{"line":34,"column":1}},"35":{"start":{"line":36,"column":0},"end":{"line":36,"column":56}},"36":{"start":{"line":37,"column":0},"end":{"line":37,"column":56}},"37":{"start":{"line":38,"column":0},"end":{"line":38,"column":1}},"39":{"start":{"line":40,"column":0},"end":{"line":40,"column":50}},"40":{"start":{"line":41,"column":0},"end":{"line":41,"column":61}},"41":{"start":{"line":42,"column":0},"end":{"line":42,"column":44}},"42":{"start":{"line":43,"column":0},"end":{"line":43,"column":1}},"44":{"start":{"line":45,"column":0},"end":{"line":45,"column":54}},"45":{"start":{"line":46,"column":0},"end":{"line":46,"column":54}},"46":{"start":{"line":47,"column":0},"end":{"line":47,"column":16}},"47":{"start":{"line":48,"column":0},"end":{"line":48,"column":57}},"48":{"start":{"line":49,"column":0},"end":{"line":49,"column":3}},"49":{"start":{"line":50,"column":0},"end":{"line":50,"column":32}},"50":{"start":{"line":51,"column":0},"end":{"line":51,"column":1}},"52":{"start":{"line":53,"column":0},"end":{"line":53,"column":98}},"53":{"start":{"line":54,"column":0},"end":{"line":54,"column":45}},"54":{"start":{"line":55,"column":0},"end":{"line":55,"column":41}},"55":{"start":{"line":56,"column":0},"end":{"line":56,"column":53}},"56":{"start":{"line":57,"column":0},"end":{"line":57,"column":26}},"57":{"start":{"line":58,"column":0},"end":{"line":58,"column":80}},"58":{"start":{"line":59,"column":0},"end":{"line":59,"column":4}},"59":{"start":{"line":60,"column":0},"end":{"line":60,"column":1}},"61":{"start":{"line":62,"column":0},"end":{"line":62,"column":98}},"62":{"start":{"line":63,"column":0},"end":{"line":63,"column":45}},"63":{"start":{"line":64,"column":0},"end":{"line":64,"column":41}},"64":{"start":{"line":65,"column":0},"end":{"line":65,"column":43}},"65":{"start":{"line":66,"column":0},"end":{"line":66,"column":47}},"66":{"start":{"line":67,"column":0},"end":{"line":67,"column":26}},"67":{"start":{"line":68,"column":0},"end":{"line":68,"column":87}},"68":{"start":{"line":69,"column":0},"end":{"line":69,"column":4}},"69":{"start":{"line":70,"column":0},"end":{"line":70,"column":1}}},"s":{"0":1,"3":1,"4":1,"5":0,"7":1,"9":1,"10":29,"11":29,"13":1,"14":0,"15":0,"17":2,"18":2,"19":2,"20":2,"22":1,"23":17,"24":17,"26":2,"27":2,"28":2,"29":2,"30":0,"31":0,"32":2,"33":2,"35":2,"36":2,"37":2,"39":1,"40":2,"41":2,"42":2,"44":1,"45":7,"46":7,"47":7,"48":7,"49":0,"50":0,"52":1,"53":1,"54":1,"55":1,"56":1,"57":1,"58":1,"59":1,"61":1,"62":1,"63":1,"64":1,"65":1,"66":1,"67":1,"68":1,"69":1},"branchMap":{"0":{"type":"branch","line":5,"loc":{"start":{"line":5,"column":46},"end":{"line":6,"column":45}},"locations":[{"start":{"line":5,"column":46},"end":{"line":6,"column":45}}]},"1":{"type":"branch","line":8,"loc":{"start":{"line":8,"column":28},"end":{"line":8,"column":56}},"locations":[{"start":{"line":8,"column":28},"end":{"line":8,"column":56}}]},"2":{"type":"branch","line":10,"loc":{"start":{"line":10,"column":7},"end":{"line":12,"column":1}},"locations":[{"start":{"line":10,"column":7},"end":{"line":12,"column":1}}]},"3":{"type":"branch","line":18,"loc":{"start":{"line":18,"column":0},"end":{"line":21,"column":1}},"locations":[{"start":{"line":18,"column":0},"end":{"line":21,"column":1}}]},"4":{"type":"branch","line":20,"loc":{"start":{"line":20,"column":37},"end":{"line":20,"column":54}},"locations":[{"start":{"line":20,"column":37},"end":{"line":20,"column":54}}]},"5":{"type":"branch","line":23,"loc":{"start":{"line":23,"column":7},"end":{"line":25,"column":1}},"locations":[{"start":{"line":23,"column":7},"end":{"line":25,"column":1}}]},"6":{"type":"branch","line":27,"loc":{"start":{"line":27,"column":0},"end":{"line":34,"column":1}},"locations":[{"start":{"line":27,"column":0},"end":{"line":34,"column":1}}]},"7":{"type":"branch","line":30,"loc":{"start":{"line":30,"column":52},"end":{"line":32,"column":3}},"locations":[{"start":{"line":30,"column":52},"end":{"line":32,"column":3}}]},"8":{"type":"branch","line":36,"loc":{"start":{"line":36,"column":0},"end":{"line":38,"column":1}},"locations":[{"start":{"line":36,"column":0},"end":{"line":38,"column":1}}]},"9":{"type":"branch","line":40,"loc":{"start":{"line":40,"column":7},"end":{"line":43,"column":1}},"locations":[{"start":{"line":40,"column":7},"end":{"line":43,"column":1}}]},"10":{"type":"branch","line":45,"loc":{"start":{"line":45,"column":7},"end":{"line":51,"column":1}},"locations":[{"start":{"line":45,"column":7},"end":{"line":51,"column":1}}]},"11":{"type":"branch","line":49,"loc":{"start":{"line":49,"column":2},"end":{"line":51,"column":1}},"locations":[{"start":{"line":49,"column":2},"end":{"line":51,"column":1}}]},"12":{"type":"branch","line":53,"loc":{"start":{"line":53,"column":7},"end":{"line":60,"column":1}},"locations":[{"start":{"line":53,"column":7},"end":{"line":60,"column":1}}]},"13":{"type":"branch","line":62,"loc":{"start":{"line":62,"column":7},"end":{"line":70,"column":1}},"locations":[{"start":{"line":62,"column":7},"end":{"line":70,"column":1}}]}},"b":{"0":[0],"1":[0],"2":[29],"3":[2],"4":[0],"5":[17],"6":[2],"7":[0],"8":[2],"9":[2],"10":[7],"11":[0],"12":[1],"13":[1]},"fnMap":{"0":{"name":"getStorageRoot","decl":{"start":{"line":10,"column":7},"end":{"line":12,"column":1}},"loc":{"start":{"line":10,"column":7},"end":{"line":12,"column":1}},"line":10},"1":{"name":"getStorageBaseUrl","decl":{"start":{"line":14,"column":7},"end":{"line":16,"column":1}},"loc":{"start":{"line":14,"column":7},"end":{"line":16,"column":1}},"line":14},"2":{"name":"normalizeRoot","decl":{"start":{"line":18,"column":0},"end":{"line":21,"column":1}},"loc":{"start":{"line":18,"column":0},"end":{"line":21,"column":1}},"line":18},"3":{"name":"sanitizeSegment","decl":{"start":{"line":23,"column":7},"end":{"line":25,"column":1}},"loc":{"start":{"line":23,"column":7},"end":{"line":25,"column":1}},"line":23},"4":{"name":"ensureWithinRoot","decl":{"start":{"line":27,"column":0},"end":{"line":34,"column":1}},"loc":{"start":{"line":27,"column":0},"end":{"line":34,"column":1}},"line":27},"5":{"name":"ensureDirExists","decl":{"start":{"line":36,"column":0},"end":{"line":38,"column":1}},"loc":{"start":{"line":36,"column":0},"end":{"line":38,"column":1}},"line":36},"6":{"name":"toRelativePath","decl":{"start":{"line":40,"column":7},"end":{"line":43,"column":1}},"loc":{"start":{"line":40,"column":7},"end":{"line":43,"column":1}},"line":40},"7":{"name":"buildPublicUrl","decl":{"start":{"line":45,"column":7},"end":{"line":51,"column":1}},"loc":{"start":{"line":45,"column":7},"end":{"line":51,"column":1}},"line":45},"8":{"name":"getWorkOrderAttachmentPath","decl":{"start":{"line":53,"column":7},"end":{"line":60,"column":1}},"loc":{"start":{"line":53,"column":7},"end":{"line":60,"column":1}},"line":53},"9":{"name":"getDocumentPath","decl":{"start":{"line":62,"column":7},"end":{"line":70,"column":1}},"loc":{"start":{"line":62,"column":7},"end":{"line":70,"column":1}},"line":62}},"f":{"0":29,"1":0,"2":2,"3":17,"4":2,"5":2,"6":2,"7":7,"8":1,"9":1}}
,"D:\\GB-Mobile-Application--Android---iOS-\\backend\\src\\config\\vendorGuards.ts": {"path":"D:\\GB-Mobile-Application--Android---iOS-\\backend\\src\\config\\vendorGuards.ts","all":false,"statementMap":{"0":{"start":{"line":1,"column":0},"end":{"line":1,"column":34}},"2":{"start":{"line":3,"column":0},"end":{"line":3,"column":49}},"3":{"start":{"line":4,"column":0},"end":{"line":4,"column":30}},"4":{"start":{"line":5,"column":0},"end":{"line":5,"column":30}},"5":{"start":{"line":6,"column":0},"end":{"line":6,"column":25}},"6":{"start":{"line":7,"column":0},"end":{"line":7,"column":18}},"7":{"start":{"line":8,"column":0},"end":{"line":8,"column":32}},"8":{"start":{"line":9,"column":0},"end":{"line":9,"column":2}},"10":{"start":{"line":11,"column":0},"end":{"line":11,"column":90}},"11":{"start":{"line":12,"column":0},"end":{"line":12,"column":52}},"12":{"start":{"line":13,"column":0},"end":{"line":13,"column":92}},"14":{"start":{"line":15,"column":0},"end":{"line":15,"column":45}},"15":{"start":{"line":16,"column":0},"end":{"line":16,"column":16}},"16":{"start":{"line":17,"column":0},"end":{"line":17,"column":38}},"17":{"start":{"line":18,"column":0},"end":{"line":18,"column":106}},"18":{"start":{"line":19,"column":0},"end":{"line":19,"column":6}},"20":{"start":{"line":21,"column":0},"end":{"line":21,"column":3}},"22":{"start":{"line":23,"column":0},"end":{"line":23,"column":37}},"23":{"start":{"line":24,"column":0},"end":{"line":24,"column":1}}},"s":{"0":1,"2":1,"3":1,"4":1,"5":1,"6":1,"7":1,"8":1,"10":1,"11":2,"12":2,"14":2,"15":1,"16":1,"17":1,"18":1,"20":1,"22":2,"23":2},"branchMap":{"0":{"type":"branch","line":11,"loc":{"start":{"line":11,"column":7},"end":{"line":24,"column":1}},"locations":[{"start":{"line":11,"column":7},"end":{"line":24,"column":1}}]},"1":{"type":"branch","line":11,"loc":{"start":{"line":11,"column":62},"end":{"line":11,"column":89}},"locations":[{"start":{"line":11,"column":62},"end":{"line":11,"column":89}}]},"2":{"type":"branch","line":15,"loc":{"start":{"line":15,"column":6},"end":{"line":15,"column":44}},"locations":[{"start":{"line":15,"column":6},"end":{"line":15,"column":44}}]},"3":{"type":"branch","line":15,"loc":{"start":{"line":15,"column":44},"end":{"line":21,"column":3}},"locations":[{"start":{"line":15,"column":44},"end":{"line":21,"column":3}}]},"4":{"type":"branch","line":13,"loc":{"start":{"line":13,"column":52},"end":{"line":13,"column":90}},"locations":[{"start":{"line":13,"column":52},"end":{"line":13,"column":90}}]}},"b":{"0":[2],"1":[0],"2":[1],"3":[1],"4":[8]},"fnMap":{"0":{"name":"checkVendorDisableFlags","decl":{"start":{"line":11,"column":7},"end":{"line":24,"column":1}},"loc":{"start":{"line":11,"column":7},"end":{"line":24,"column":1}},"line":11}},"f":{"0":2}}
,"D:\\GB-Mobile-Application--Android---iOS-\\backend\\src\\middleware\\corsConfig.ts": {"path":"D:\\GB-Mobile-Application--Android---iOS-\\backend\\src\\middleware\\corsConfig.ts","all":false,"statementMap":{"0":{"start":{"line":1,"column":0},"end":{"line":1,"column":41}},"3":{"start":{"line":4,"column":0},"end":{"line":4,"column":49}},"4":{"start":{"line":5,"column":0},"end":{"line":5,"column":56}},"6":{"start":{"line":7,"column":0},"end":{"line":7,"column":10}},"7":{"start":{"line":8,"column":0},"end":{"line":8,"column":35}},"8":{"start":{"line":9,"column":0},"end":{"line":9,"column":20}},"10":{"start":{"line":11,"column":0},"end":{"line":11,"column":36}},"11":{"start":{"line":12,"column":0},"end":{"line":12,"column":7}},"13":{"start":{"line":14,"column":0},"end":{"line":14,"column":68}},"14":{"start":{"line":15,"column":0},"end":{"line":15,"column":39}},"15":{"start":{"line":16,"column":0},"end":{"line":16,"column":6}},"16":{"start":{"line":17,"column":0},"end":{"line":17,"column":22}},"17":{"start":{"line":18,"column":0},"end":{"line":18,"column":18}},"18":{"start":{"line":19,"column":0},"end":{"line":19,"column":30}},"19":{"start":{"line":20,"column":0},"end":{"line":20,"column":4}},"20":{"start":{"line":21,"column":0},"end":{"line":21,"column":1}},"22":{"start":{"line":23,"column":0},"end":{"line":23,"column":40}},"23":{"start":{"line":24,"column":0},"end":{"line":24,"column":41}},"24":{"start":{"line":25,"column":0},"end":{"line":25,"column":27}},"25":{"start":{"line":26,"column":0},"end":{"line":26,"column":1}}},"s":{"0":1,"3":1,"4":23,"6":23,"7":23,"8":194,"10":194,"11":194,"13":0,"14":194,"15":194,"16":23,"17":23,"18":23,"19":23,"20":23,"22":1,"23":23,"24":23,"25":23},"branchMap":{"0":{"type":"branch","line":4,"loc":{"start":{"line":4,"column":7},"end":{"line":21,"column":1}},"locations":[{"start":{"line":4,"column":7},"end":{"line":21,"column":1}}]},"1":{"type":"branch","line":8,"loc":{"start":{"line":8,"column":12},"end":{"line":16,"column":6}},"locations":[{"start":{"line":8,"column":12},"end":{"line":16,"column":6}}]},"2":{"type":"branch","line":12,"loc":{"start":{"line":12,"column":6},"end":{"line":14,"column":68}},"locations":[{"start":{"line":12,"column":6},"end":{"line":14,"column":68}}]},"3":{"type":"branch","line":23,"loc":{"start":{"line":23,"column":7},"end":{"line":26,"column":1}},"locations":[{"start":{"line":23,"column":7},"end":{"line":26,"column":1}}]}},"b":{"0":[23],"1":[194],"2":[0],"3":[23]},"fnMap":{"0":{"name":"buildCorsOptions","decl":{"start":{"line":4,"column":7},"end":{"line":21,"column":1}},"loc":{"start":{"line":4,"column":7},"end":{"line":21,"column":1}},"line":4},"1":{"name":"origin","decl":{"start":{"line":8,"column":12},"end":{"line":16,"column":6}},"loc":{"start":{"line":8,"column":12},"end":{"line":16,"column":6}},"line":8},"2":{"name":"createCorsMiddleware","decl":{"start":{"line":23,"column":7},"end":{"line":26,"column":1}},"loc":{"start":{"line":23,"column":7},"end":{"line":26,"column":1}},"line":23}},"f":{"0":23,"1":194,"2":23}}
,"D:\\GB-Mobile-Application--Android---iOS-\\backend\\src\\middleware\\errorHandler.ts": {"path":"D:\\GB-Mobile-Application--Android---iOS-\\backend\\src\\middleware\\errorHandler.ts","all":false,"statementMap":{"0":{"start":{"line":1,"column":0},"end":{"line":1,"column":58}},"3":{"start":{"line":4,"column":0},"end":{"line":4,"column":29}},"4":{"start":{"line":5,"column":0},"end":{"line":5,"column":15}},"5":{"start":{"line":6,"column":0},"end":{"line":6,"column":15}},"6":{"start":{"line":7,"column":0},"end":{"line":7,"column":16}},"7":{"start":{"line":8,"column":0},"end":{"line":8,"column":21}},"8":{"start":{"line":9,"column":0},"end":{"line":9,"column":3}},"9":{"start":{"line":10,"column":0},"end":{"line":10,"column":15}},"10":{"start":{"line":11,"column":0},"end":{"line":11,"column":90}},"11":{"start":{"line":12,"column":0},"end":{"line":12,"column":21}},"12":{"start":{"line":13,"column":0},"end":{"line":13,"column":4}},"14":{"start":{"line":15,"column":0},"end":{"line":15,"column":24}},"15":{"start":{"line":16,"column":0},"end":{"line":16,"column":11}},"16":{"start":{"line":17,"column":0},"end":{"line":17,"column":3}},"18":{"start":{"line":19,"column":0},"end":{"line":19,"column":61}},"19":{"start":{"line":20,"column":0},"end":{"line":20,"column":1}}},"s":{"0":1,"3":1,"4":0,"5":0,"6":0,"7":0,"8":0,"9":0,"10":0,"11":0,"12":0,"14":0,"15":0,"16":0,"18":0,"19":0},"branchMap":{},"b":{},"fnMap":{"0":{"name":"errorHandler","decl":{"start":{"line":4,"column":7},"end":{"line":20,"column":1}},"loc":{"start":{"line":4,"column":7},"end":{"line":20,"column":1}},"line":4}},"f":{"0":0}}
,"D:\\GB-Mobile-Application--Android---iOS-\\backend\\src\\middleware\\logger.ts": {"path":"D:\\GB-Mobile-Application--Android---iOS-\\backend\\src\\middleware\\logger.ts","all":false,"statementMap":{"0":{"start":{"line":1,"column":0},"end":{"line":1,"column":36}},"5":{"start":{"line":6,"column":0},"end":{"line":6,"column":41}},"15":{"start":{"line":16,"column":0},"end":{"line":16,"column":80}},"16":{"start":{"line":17,"column":0},"end":{"line":17,"column":50}},"17":{"start":{"line":18,"column":0},"end":{"line":18,"column":70}},"18":{"start":{"line":19,"column":0},"end":{"line":19,"column":73}},"19":{"start":{"line":20,"column":0},"end":{"line":20,"column":44}},"21":{"start":{"line":22,"column":0},"end":{"line":22,"column":46}},"22":{"start":{"line":23,"column":0},"end":{"line":23,"column":30}},"23":{"start":{"line":24,"column":0},"end":{"line":24,"column":45}},"25":{"start":{"line":26,"column":0},"end":{"line":26,"column":60}},"26":{"start":{"line":27,"column":0},"end":{"line":27,"column":77}},"28":{"start":{"line":29,"column":0},"end":{"line":29,"column":25}},"29":{"start":{"line":30,"column":0},"end":{"line":30,"column":45}},"30":{"start":{"line":31,"column":0},"end":{"line":31,"column":27}},"31":{"start":{"line":32,"column":0},"end":{"line":32,"column":22}},"32":{"start":{"line":33,"column":0},"end":{"line":33,"column":81}},"33":{"start":{"line":34,"column":0},"end":{"line":34,"column":23}},"34":{"start":{"line":35,"column":0},"end":{"line":35,"column":27}},"35":{"start":{"line":36,"column":0},"end":{"line":36,"column":30}},"36":{"start":{"line":37,"column":0},"end":{"line":37,"column":31}},"37":{"start":{"line":38,"column":0},"end":{"line":38,"column":19}},"38":{"start":{"line":39,"column":0},"end":{"line":39,"column":8}},"40":{"start":{"line":41,"column":0},"end":{"line":41,"column":16}},"41":{"start":{"line":42,"column":0},"end":{"line":42,"column":55}},"42":{"start":{"line":43,"column":0},"end":{"line":43,"column":14}},"43":{"start":{"line":44,"column":0},"end":{"line":44,"column":46}},"44":{"start":{"line":45,"column":0},"end":{"line":45,"column":7}},"45":{"start":{"line":46,"column":0},"end":{"line":46,"column":6}},"47":{"start":{"line":48,"column":0},"end":{"line":48,"column":43}},"48":{"start":{"line":49,"column":0},"end":{"line":49,"column":42}},"49":{"start":{"line":50,"column":0},"end":{"line":50,"column":48}},"51":{"start":{"line":52,"column":0},"end":{"line":52,"column":11}},"52":{"start":{"line":53,"column":0},"end":{"line":53,"column":5}},"53":{"start":{"line":54,"column":0},"end":{"line":54,"column":1}}},"s":{"0":1,"5":1,"15":1,"16":196,"17":196,"18":196,"19":196,"21":196,"22":196,"23":196,"25":196,"26":196,"28":196,"29":196,"30":390,"31":196,"32":196,"33":196,"34":196,"35":196,"36":196,"37":196,"38":196,"40":390,"41":1,"42":389,"43":195,"44":195,"45":390,"47":196,"48":196,"49":196,"51":196,"52":196,"53":196},"branchMap":{"0":{"type":"branch","line":16,"loc":{"start":{"line":16,"column":7},"end":{"line":54,"column":1}},"locations":[{"start":{"line":16,"column":7},"end":{"line":54,"column":1}}]},"1":{"type":"branch","line":18,"loc":{"start":{"line":18,"column":43},"end":{"line":18,"column":61}},"locations":[{"start":{"line":18,"column":43},"end":{"line":18,"column":61}}]},"2":{"type":"branch","line":19,"loc":{"start":{"line":19,"column":21},"end":{"line":19,"column":39}},"locations":[{"start":{"line":19,"column":21},"end":{"line":19,"column":39}}]},"3":{"type":"branch","line":19,"loc":{"start":{"line":19,"column":55},"end":{"line":19,"column":73}},"locations":[{"start":{"line":19,"column":55},"end":{"line":19,"column":73}}]},"4":{"type":"branch","line":22,"loc":{"start":{"line":22,"column":39},"end":{"line":53,"column":3}},"locations":[{"start":{"line":22,"column":39},"end":{"line":53,"column":3}}]},"5":{"type":"branch","line":30,"loc":{"start":{"line":30,"column":25},"end":{"line":46,"column":6}},"locations":[{"start":{"line":30,"column":25},"end":{"line":46,"column":6}}]},"6":{"type":"branch","line":31,"loc":{"start":{"line":31,"column":20},"end":{"line":41,"column":15}},"locations":[{"start":{"line":31,"column":20},"end":{"line":41,"column":15}}]},"7":{"type":"branch","line":31,"loc":{"start":{"line":31,"column":20},"end":{"line":31,"column":27}},"locations":[{"start":{"line":31,"column":20},"end":{"line":31,"column":27}}]},"8":{"type":"branch","line":41,"loc":{"start":{"line":41,"column":15},"end":{"line":45,"column":7}},"locations":[{"start":{"line":41,"column":15},"end":{"line":45,"column":7}}]},"9":{"type":"branch","line":41,"loc":{"start":{"line":41,"column":15},"end":{"line":43,"column":13}},"locations":[{"start":{"line":41,"column":15},"end":{"line":43,"column":13}}]},"10":{"type":"branch","line":43,"loc":{"start":{"line":43,"column":6},"end":{"line":45,"column":7}},"locations":[{"start":{"line":43,"column":6},"end":{"line":45,"column":7}}]},"11":{"type":"branch","line":48,"loc":{"start":{"line":48,"column":21},"end":{"line":48,"column":41}},"locations":[{"start":{"line":48,"column":21},"end":{"line":48,"column":41}}]},"12":{"type":"branch","line":49,"loc":{"start":{"line":49,"column":20},"end":{"line":49,"column":40}},"locations":[{"start":{"line":49,"column":20},"end":{"line":49,"column":40}}]},"13":{"type":"branch","line":50,"loc":{"start":{"line":50,"column":20},"end":{"line":50,"column":46}},"locations":[{"start":{"line":50,"column":20},"end":{"line":50,"column":46}}]}},"b":{"0":[196],"1":[0],"2":[195],"3":[195],"4":[196],"5":[390],"6":[196],"7":[194],"8":[389],"9":[1],"10":[195],"11":[195],"12":[194],"13":[1]},"fnMap":{"0":{"name":"requestLogger","decl":{"start":{"line":16,"column":7},"end":{"line":54,"column":1}},"loc":{"start":{"line":16,"column":7},"end":{"line":54,"column":1}},"line":16},"1":{"name":"markFinished","decl":{"start":{"line":30,"column":25},"end":{"line":46,"column":6}},"loc":{"start":{"line":30,"column":25},"end":{"line":46,"column":6}},"line":30}},"f":{"0":196,"1":390}}
,"D:\\GB-Mobile-Application--Android---iOS-\\backend\\src\\middleware\\rateLimit.ts": {"path":"D:\\GB-Mobile-Application--Android---iOS-\\backend\\src\\middleware\\rateLimit.ts","all":false,"statementMap":{"21":{"start":{"line":22,"column":0},"end":{"line":22,"column":80}},"22":{"start":{"line":23,"column":0},"end":{"line":23,"column":42}},"23":{"start":{"line":24,"column":0},"end":{"line":24,"column":42}},"24":{"start":{"line":25,"column":0},"end":{"line":25,"column":39}},"25":{"start":{"line":26,"column":0},"end":{"line":26,"column":3}},"26":{"start":{"line":27,"column":0},"end":{"line":27,"column":25}},"27":{"start":{"line":28,"column":0},"end":{"line":28,"column":1}},"29":{"start":{"line":30,"column":0},"end":{"line":30,"column":63}},"30":{"start":{"line":31,"column":0},"end":{"line":31,"column":42}},"31":{"start":{"line":32,"column":0},"end":{"line":32,"column":42}},"32":{"start":{"line":33,"column":0},"end":{"line":33,"column":20}},"33":{"start":{"line":34,"column":0},"end":{"line":34,"column":3}},"34":{"start":{"line":35,"column":0},"end":{"line":35,"column":13}},"35":{"start":{"line":36,"column":0},"end":{"line":36,"column":1}},"37":{"start":{"line":38,"column":0},"end":{"line":38,"column":44}},"38":{"start":{"line":39,"column":0},"end":{"line":39,"column":50}},"39":{"start":{"line":40,"column":0},"end":{"line":40,"column":60}},"40":{"start":{"line":41,"column":0},"end":{"line":41,"column":62}},"41":{"start":{"line":42,"column":0},"end":{"line":42,"column":2}},"43":{"start":{"line":44,"column":0},"end":{"line":44,"column":93}},"44":{"start":{"line":45,"column":0},"end":{"line":45,"column":77}},"45":{"start":{"line":46,"column":0},"end":{"line":46,"column":48}},"46":{"start":{"line":47,"column":0},"end":{"line":47,"column":1}},"48":{"start":{"line":49,"column":0},"end":{"line":49,"column":30}},"49":{"start":{"line":50,"column":0},"end":{"line":50,"column":54}},"51":{"start":{"line":52,"column":0},"end":{"line":52,"column":78}},"53":{"start":{"line":54,"column":0},"end":{"line":54,"column":57}},"54":{"start":{"line":55,"column":0},"end":{"line":55,"column":27}},"55":{"start":{"line":56,"column":0},"end":{"line":56,"column":46}},"57":{"start":{"line":58,"column":0},"end":{"line":58,"column":41}},"58":{"start":{"line":59,"column":0},"end":{"line":59,"column":44}},"59":{"start":{"line":60,"column":0},"end":{"line":60,"column":28}},"61":{"start":{"line":62,"column":0},"end":{"line":62,"column":70}},"62":{"start":{"line":63,"column":0},"end":{"line":63,"column":37}},"64":{"start":{"line":65,"column":0},"end":{"line":65,"column":55}},"65":{"start":{"line":66,"column":0},"end":{"line":66,"column":73}},"66":{"start":{"line":67,"column":0},"end":{"line":67,"column":7}},"67":{"start":{"line":68,"column":0},"end":{"line":68,"column":5}},"69":{"start":{"line":70,"column":0},"end":{"line":70,"column":29}},"70":{"start":{"line":71,"column":0},"end":{"line":71,"column":3}},"72":{"start":{"line":73,"column":0},"end":{"line":73,"column":63}},"73":{"start":{"line":74,"column":0},"end":{"line":74,"column":27}},"74":{"start":{"line":75,"column":0},"end":{"line":75,"column":46}},"75":{"start":{"line":76,"column":0},"end":{"line":76,"column":40}},"77":{"start":{"line":78,"column":0},"end":{"line":78,"column":33}},"78":{"start":{"line":79,"column":0},"end":{"line":79,"column":66}},"79":{"start":{"line":80,"column":0},"end":{"line":80,"column":72}},"80":{"start":{"line":81,"column":0},"end":{"line":81,"column":32}},"82":{"start":{"line":83,"column":0},"end":{"line":83,"column":62}},"83":{"start":{"line":84,"column":0},"end":{"line":84,"column":55}},"84":{"start":{"line":85,"column":0},"end":{"line":85,"column":63}},"85":{"start":{"line":86,"column":0},"end":{"line":86,"column":7}},"87":{"start":{"line":88,"column":0},"end":{"line":88,"column":37}},"88":{"start":{"line":89,"column":0},"end":{"line":89,"column":5}},"90":{"start":{"line":91,"column":0},"end":{"line":91,"column":21}},"91":{"start":{"line":92,"column":0},"end":{"line":92,"column":3}},"93":{"start":{"line":94,"column":0},"end":{"line":94,"column":48}},"94":{"start":{"line":95,"column":0},"end":{"line":95,"column":46}},"95":{"start":{"line":96,"column":0},"end":{"line":96,"column":33}},"96":{"start":{"line":97,"column":0},"end":{"line":97,"column":32}},"97":{"start":{"line":98,"column":0},"end":{"line":98,"column":5}},"98":{"start":{"line":99,"column":0},"end":{"line":99,"column":3}},"100":{"start":{"line":101,"column":0},"end":{"line":101,"column":11}},"101":{"start":{"line":102,"column":0},"end":{"line":102,"column":26}},"102":{"start":{"line":103,"column":0},"end":{"line":103,"column":3}},"104":{"start":{"line":105,"column":0},"end":{"line":105,"column":52}},"105":{"start":{"line":106,"column":0},"end":{"line":106,"column":69}},"106":{"start":{"line":107,"column":0},"end":{"line":107,"column":53}},"107":{"start":{"line":108,"column":0},"end":{"line":108,"column":6}},"108":{"start":{"line":109,"column":0},"end":{"line":109,"column":19}},"109":{"start":{"line":110,"column":0},"end":{"line":110,"column":79}},"110":{"start":{"line":111,"column":0},"end":{"line":111,"column":5}},"111":{"start":{"line":112,"column":0},"end":{"line":112,"column":16}},"112":{"start":{"line":113,"column":0},"end":{"line":113,"column":3}},"113":{"start":{"line":114,"column":0},"end":{"line":114,"column":1}},"115":{"start":{"line":116,"column":0},"end":{"line":116,"column":56}},"117":{"start":{"line":118,"column":0},"end":{"line":118,"column":90}},"118":{"start":{"line":119,"column":0},"end":{"line":119,"column":84}},"119":{"start":{"line":120,"column":0},"end":{"line":120,"column":59}},"120":{"start":{"line":121,"column":0},"end":{"line":121,"column":22}},"121":{"start":{"line":122,"column":0},"end":{"line":122,"column":18}},"122":{"start":{"line":123,"column":0},"end":{"line":123,"column":3}},"124":{"start":{"line":125,"column":0},"end":{"line":125,"column":92}},"125":{"start":{"line":126,"column":0},"end":{"line":126,"column":61}},"126":{"start":{"line":127,"column":0},"end":{"line":127,"column":31}},"127":{"start":{"line":128,"column":0},"end":{"line":128,"column":71}},"128":{"start":{"line":129,"column":0},"end":{"line":129,"column":59}},"129":{"start":{"line":130,"column":0},"end":{"line":130,"column":5}},"130":{"start":{"line":131,"column":0},"end":{"line":131,"column":1}},"132":{"start":{"line":133,"column":0},"end":{"line":133,"column":40}},"133":{"start":{"line":134,"column":0},"end":{"line":134,"column":29}},"134":{"start":{"line":135,"column":0},"end":{"line":135,"column":1}}},"s":{"21":48,"22":48,"23":48,"24":48,"25":48,"26":0,"27":0,"29":24,"30":24,"31":24,"32":19,"33":19,"34":5,"35":5,"37":1,"38":1,"39":1,"40":1,"41":1,"43":35,"44":35,"45":35,"46":35,"48":1,"49":1,"51":1,"53":1,"54":52,"55":52,"57":52,"58":101,"59":101,"61":17,"62":17,"64":101,"65":3,"66":3,"67":101,"69":49,"70":52,"72":1,"73":9,"74":9,"75":9,"77":9,"78":18,"79":18,"80":18,"82":18,"83":6,"84":6,"85":6,"87":18,"88":18,"90":9,"91":9,"93":1,"94":40,"95":40,"96":80,"97":80,"98":40,"100":1,"101":8,"102":8,"104":1,"105":101,"106":101,"107":101,"108":101,"109":101,"110":101,"111":101,"112":101,"113":1,"115":1,"117":1,"118":46,"119":46,"120":46,"121":45,"122":45,"124":1,"125":1,"126":1,"127":1,"128":1,"129":1,"130":1,"132":1,"133":8,"134":8},"branchMap":{"0":{"type":"branch","line":22,"loc":{"start":{"line":22,"column":0},"end":{"line":28,"column":1}},"locations":[{"start":{"line":22,"column":0},"end":{"line":28,"column":1}}]},"1":{"type":"branch","line":24,"loc":{"start":{"line":24,"column":26},"end":{"line":24,"column":41}},"locations":[{"start":{"line":24,"column":26},"end":{"line":24,"column":41}}]},"2":{"type":"branch","line":26,"loc":{"start":{"line":26,"column":2},"end":{"line":28,"column":1}},"locations":[{"start":{"line":26,"column":2},"end":{"line":28,"column":1}}]},"3":{"type":"branch","line":30,"loc":{"start":{"line":30,"column":0},"end":{"line":36,"column":1}},"locations":[{"start":{"line":30,"column":0},"end":{"line":36,"column":1}}]},"4":{"type":"branch","line":32,"loc":{"start":{"line":32,"column":26},"end":{"line":32,"column":41}},"locations":[{"start":{"line":32,"column":26},"end":{"line":32,"column":41}}]},"5":{"type":"branch","line":32,"loc":{"start":{"line":32,"column":41},"end":{"line":34,"column":3}},"locations":[{"start":{"line":32,"column":41},"end":{"line":34,"column":3}}]},"6":{"type":"branch","line":34,"loc":{"start":{"line":34,"column":2},"end":{"line":36,"column":1}},"locations":[{"start":{"line":34,"column":2},"end":{"line":36,"column":1}}]},"7":{"type":"branch","line":44,"loc":{"start":{"line":44,"column":0},"end":{"line":47,"column":1}},"locations":[{"start":{"line":44,"column":0},"end":{"line":47,"column":1}}]},"8":{"type":"branch","line":45,"loc":{"start":{"line":45,"column":47},"end":{"line":45,"column":75}},"locations":[{"start":{"line":45,"column":47},"end":{"line":45,"column":75}}]},"9":{"type":"branch","line":52,"loc":{"start":{"line":52,"column":2},"end":{"line":52,"column":78}},"locations":[{"start":{"line":52,"column":2},"end":{"line":52,"column":78}}]},"10":{"type":"branch","line":54,"loc":{"start":{"line":54,"column":2},"end":{"line":71,"column":3}},"locations":[{"start":{"line":54,"column":2},"end":{"line":71,"column":3}}]},"11":{"type":"branch","line":58,"loc":{"start":{"line":58,"column":40},"end":{"line":68,"column":5}},"locations":[{"start":{"line":58,"column":40},"end":{"line":68,"column":5}}]},"12":{"type":"branch","line":60,"loc":{"start":{"line":60,"column":19},"end":{"line":65,"column":30}},"locations":[{"start":{"line":60,"column":19},"end":{"line":65,"column":30}}]},"13":{"type":"branch","line":60,"loc":{"start":{"line":60,"column":19},"end":{"line":60,"column":28}},"locations":[{"start":{"line":60,"column":19},"end":{"line":60,"column":28}}]},"14":{"type":"branch","line":60,"loc":{"start":{"line":60,"column":19},"end":{"line":65,"column":30}},"locations":[{"start":{"line":60,"column":19},"end":{"line":65,"column":30}}]},"15":{"type":"branch","line":65,"loc":{"start":{"line":65,"column":17},"end":{"line":65,"column":54}},"locations":[{"start":{"line":65,"column":17},"end":{"line":65,"column":54}}]},"16":{"type":"branch","line":65,"loc":{"start":{"line":65,"column":54},"end":{"line":67,"column":7}},"locations":[{"start":{"line":65,"column":54},"end":{"line":67,"column":7}}]},"17":{"type":"branch","line":68,"loc":{"start":{"line":68,"column":4},"end":{"line":70,"column":29}},"locations":[{"start":{"line":68,"column":4},"end":{"line":70,"column":29}}]},"18":{"type":"branch","line":73,"loc":{"start":{"line":73,"column":2},"end":{"line":92,"column":3}},"locations":[{"start":{"line":73,"column":2},"end":{"line":92,"column":3}}]},"19":{"type":"branch","line":78,"loc":{"start":{"line":78,"column":32},"end":{"line":89,"column":5}},"locations":[{"start":{"line":78,"column":32},"end":{"line":89,"column":5}}]},"20":{"type":"branch","line":79,"loc":{"start":{"line":79,"column":44},"end":{"line":79,"column":66}},"locations":[{"start":{"line":79,"column":44},"end":{"line":79,"column":66}}]},"21":{"type":"branch","line":83,"loc":{"start":{"line":83,"column":61},"end":{"line":86,"column":7}},"locations":[{"start":{"line":83,"column":61},"end":{"line":86,"column":7}}]},"22":{"type":"branch","line":85,"loc":{"start":{"line":85,"column":29},"end":{"line":85,"column":45}},"locations":[{"start":{"line":85,"column":29},"end":{"line":85,"column":45}}]},"23":{"type":"branch","line":94,"loc":{"start":{"line":94,"column":2},"end":{"line":99,"column":3}},"locations":[{"start":{"line":94,"column":2},"end":{"line":99,"column":3}}]},"24":{"type":"branch","line":96,"loc":{"start":{"line":96,"column":32},"end":{"line":98,"column":5}},"locations":[{"start":{"line":96,"column":32},"end":{"line":98,"column":5}}]},"25":{"type":"branch","line":101,"loc":{"start":{"line":101,"column":2},"end":{"line":103,"column":3}},"locations":[{"start":{"line":101,"column":2},"end":{"line":103,"column":3}}]},"26":{"type":"branch","line":105,"loc":{"start":{"line":105,"column":10},"end":{"line":113,"column":3}},"locations":[{"start":{"line":105,"column":10},"end":{"line":113,"column":3}}]},"27":{"type":"branch","line":107,"loc":{"start":{"line":107,"column":19},"end":{"line":107,"column":34}},"locations":[{"start":{"line":107,"column":19},"end":{"line":107,"column":34}}]},"28":{"type":"branch","line":118,"loc":{"start":{"line":118,"column":7},"end":{"line":131,"column":1}},"locations":[{"start":{"line":118,"column":7},"end":{"line":131,"column":1}}]},"29":{"type":"branch","line":119,"loc":{"start":{"line":119,"column":66},"end":{"line":119,"column":84}},"locations":[{"start":{"line":119,"column":66},"end":{"line":119,"column":84}}]},"30":{"type":"branch","line":121,"loc":{"start":{"line":121,"column":21},"end":{"line":123,"column":3}},"locations":[{"start":{"line":121,"column":21},"end":{"line":123,"column":3}}]},"31":{"type":"branch","line":123,"loc":{"start":{"line":123,"column":2},"end":{"line":131,"column":1}},"locations":[{"start":{"line":123,"column":2},"end":{"line":131,"column":1}}]},"32":{"type":"branch","line":133,"loc":{"start":{"line":133,"column":7},"end":{"line":135,"column":1}},"locations":[{"start":{"line":133,"column":7},"end":{"line":135,"column":1}}]}},"b":{"0":[48],"1":[0],"2":[0],"3":[24],"4":[5],"5":[19],"6":[5],"7":[35],"8":[58],"9":[26],"10":[52],"11":[101],"12":[99],"13":[84],"14":[17],"15":[5],"16":[3],"17":[49],"18":[9],"19":[18],"20":[8],"21":[6],"22":[3],"23":[40],"24":[80],"25":[8],"26":[101],"27":[0],"28":[46],"29":[0],"30":[45],"31":[1],"32":[8]},"fnMap":{"0":{"name":"parseDurationMinutes","decl":{"start":{"line":22,"column":0},"end":{"line":28,"column":1}},"loc":{"start":{"line":22,"column":0},"end":{"line":28,"column":1}},"line":22},"1":{"name":"parseCount","decl":{"start":{"line":30,"column":0},"end":{"line":36,"column":1}},"loc":{"start":{"line":30,"column":0},"end":{"line":36,"column":1}},"line":30},"2":{"name":"pruneAttempts","decl":{"start":{"line":44,"column":0},"end":{"line":47,"column":1}},"loc":{"start":{"line":44,"column":0},"end":{"line":47,"column":1}},"line":44},"3":{"name":"AuthRateLimiter","decl":{"start":{"line":52,"column":2},"end":{"line":52,"column":78}},"loc":{"start":{"line":52,"column":2},"end":{"line":52,"column":78}},"line":52},"4":{"name":"check","decl":{"start":{"line":54,"column":2},"end":{"line":71,"column":3}},"loc":{"start":{"line":54,"column":2},"end":{"line":71,"column":3}},"line":54},"5":{"name":"recordFailure","decl":{"start":{"line":73,"column":2},"end":{"line":92,"column":3}},"loc":{"start":{"line":73,"column":2},"end":{"line":92,"column":3}},"line":73},"6":{"name":"recordSuccess","decl":{"start":{"line":94,"column":2},"end":{"line":99,"column":3}},"loc":{"start":{"line":94,"column":2},"end":{"line":99,"column":3}},"line":94},"7":{"name":"reset","decl":{"start":{"line":101,"column":2},"end":{"line":103,"column":3}},"loc":{"start":{"line":101,"column":2},"end":{"line":103,"column":3}},"line":101},"8":{"name":"buildKeys","decl":{"start":{"line":105,"column":10},"end":{"line":113,"column":3}},"loc":{"start":{"line":105,"column":10},"end":{"line":113,"column":3}},"line":105},"9":{"name":"authRateLimitMiddleware","decl":{"start":{"line":118,"column":7},"end":{"line":131,"column":1}},"loc":{"start":{"line":118,"column":7},"end":{"line":131,"column":1}},"line":118},"10":{"name":"resetAuthRateLimiter","decl":{"start":{"line":133,"column":7},"end":{"line":135,"column":1}},"loc":{"start":{"line":133,"column":7},"end":{"line":135,"column":1}},"line":133}},"f":{"0":48,"1":24,"2":35,"3":26,"4":52,"5":9,"6":40,"7":8,"8":101,"9":46,"10":8}}
,"D:\\GB-Mobile-Application--Android---iOS-\\backend\\src\\middleware\\requireAuth.ts": {"path":"D:\\GB-Mobile-Application--Android---iOS-\\backend\\src\\middleware\\requireAuth.ts","all":false,"statementMap":{"0":{"start":{"line":1,"column":0},"end":{"line":1,"column":58}},"12":{"start":{"line":13,"column":0},"end":{"line":13,"column":78}},"13":{"start":{"line":14,"column":0},"end":{"line":14,"column":43}},"14":{"start":{"line":15,"column":0},"end":{"line":15,"column":39}},"15":{"start":{"line":16,"column":0},"end":{"line":16,"column":61}},"16":{"start":{"line":17,"column":0},"end":{"line":17,"column":3}},"18":{"start":{"line":19,"column":0},"end":{"line":19,"column":32}},"19":{"start":{"line":20,"column":0},"end":{"line":20,"column":7}},"20":{"start":{"line":21,"column":0},"end":{"line":21,"column":54}},"21":{"start":{"line":22,"column":0},"end":{"line":22,"column":36}},"22":{"start":{"line":23,"column":0},"end":{"line":23,"column":11}},"23":{"start":{"line":24,"column":0},"end":{"line":24,"column":11}},"24":{"start":{"line":25,"column":0},"end":{"line":25,"column":61}},"25":{"start":{"line":26,"column":0},"end":{"line":26,"column":3}},"26":{"start":{"line":27,"column":0},"end":{"line":27,"column":1}}},"s":{"0":1,"12":1,"13":114,"14":114,"15":4,"16":4,"18":110,"19":110,"20":110,"21":110,"22":110,"23":114,"24":0,"25":0,"26":114},"branchMap":{"0":{"type":"branch","line":13,"loc":{"start":{"line":13,"column":7},"end":{"line":27,"column":1}},"locations":[{"start":{"line":13,"column":7},"end":{"line":27,"column":1}}]},"1":{"type":"branch","line":15,"loc":{"start":{"line":15,"column":7},"end":{"line":15,"column":26}},"locations":[{"start":{"line":15,"column":7},"end":{"line":15,"column":26}}]},"2":{"type":"branch","line":15,"loc":{"start":{"line":15,"column":38},"end":{"line":17,"column":3}},"locations":[{"start":{"line":15,"column":38},"end":{"line":17,"column":3}}]},"3":{"type":"branch","line":17,"loc":{"start":{"line":17,"column":2},"end":{"line":24,"column":10}},"locations":[{"start":{"line":17,"column":2},"end":{"line":24,"column":10}}]},"4":{"type":"branch","line":24,"loc":{"start":{"line":24,"column":2},"end":{"line":26,"column":3}},"locations":[{"start":{"line":24,"column":2},"end":{"line":26,"column":3}}]}},"b":{"0":[114],"1":[110],"2":[4],"3":[110],"4":[0]},"fnMap":{"0":{"name":"requireAuth","decl":{"start":{"line":13,"column":7},"end":{"line":27,"column":1}},"loc":{"start":{"line":13,"column":7},"end":{"line":27,"column":1}},"line":13}},"f":{"0":114}}
,"D:\\GB-Mobile-Application--Android---iOS-\\backend\\src\\middleware\\uploadMiddleware.ts": {"path":"D:\\GB-Mobile-Application--Android---iOS-\\backend\\src\\middleware\\uploadMiddleware.ts","all":false,"statementMap":{"0":{"start":{"line":1,"column":0},"end":{"line":1,"column":20}},"5":{"start":{"line":6,"column":0},"end":{"line":6,"column":45}},"7":{"start":{"line":8,"column":0},"end":{"line":8,"column":64}},"8":{"start":{"line":9,"column":0},"end":{"line":9,"column":30}},"9":{"start":{"line":10,"column":0},"end":{"line":10,"column":49}},"10":{"start":{"line":11,"column":0},"end":{"line":11,"column":19}},"11":{"start":{"line":12,"column":0},"end":{"line":12,"column":22}},"12":{"start":{"line":13,"column":0},"end":{"line":13,"column":25}},"13":{"start":{"line":14,"column":0},"end":{"line":14,"column":78}},"14":{"start":{"line":15,"column":0},"end":{"line":15,"column":31}},"15":{"start":{"line":16,"column":0},"end":{"line":16,"column":72}},"16":{"start":{"line":17,"column":0},"end":{"line":17,"column":36}},"17":{"start":{"line":18,"column":0},"end":{"line":18,"column":80}},"18":{"start":{"line":19,"column":0},"end":{"line":19,"column":17}},"19":{"start":{"line":20,"column":0},"end":{"line":20,"column":4}},"20":{"start":{"line":21,"column":0},"end":{"line":21,"column":36}},"21":{"start":{"line":22,"column":0},"end":{"line":22,"column":2}},"23":{"start":{"line":24,"column":0},"end":{"line":24,"column":36}},"24":{"start":{"line":25,"column":0},"end":{"line":25,"column":37}},"25":{"start":{"line":26,"column":0},"end":{"line":26,"column":54}},"26":{"start":{"line":27,"column":0},"end":{"line":27,"column":9}},"27":{"start":{"line":28,"column":0},"end":{"line":28,"column":48}},"28":{"start":{"line":29,"column":0},"end":{"line":29,"column":23}},"29":{"start":{"line":30,"column":0},"end":{"line":30,"column":19}},"30":{"start":{"line":31,"column":0},"end":{"line":31,"column":31}},"31":{"start":{"line":32,"column":0},"end":{"line":32,"column":5}},"32":{"start":{"line":33,"column":0},"end":{"line":33,"column":4}},"33":{"start":{"line":34,"column":0},"end":{"line":34,"column":33}},"34":{"start":{"line":35,"column":0},"end":{"line":35,"column":87}},"35":{"start":{"line":36,"column":0},"end":{"line":36,"column":23}},"36":{"start":{"line":37,"column":0},"end":{"line":37,"column":4}},"37":{"start":{"line":38,"column":0},"end":{"line":38,"column":3}},"39":{"start":{"line":40,"column":0},"end":{"line":40,"column":70}},"40":{"start":{"line":41,"column":0},"end":{"line":41,"column":41}},"41":{"start":{"line":42,"column":0},"end":{"line":42,"column":19}},"42":{"start":{"line":43,"column":0},"end":{"line":43,"column":10}},"43":{"start":{"line":44,"column":0},"end":{"line":44,"column":64}},"44":{"start":{"line":45,"column":0},"end":{"line":45,"column":3}},"45":{"start":{"line":46,"column":0},"end":{"line":46,"column":2}},"47":{"start":{"line":48,"column":0},"end":{"line":48,"column":25}},"48":{"start":{"line":49,"column":0},"end":{"line":49,"column":10}},"49":{"start":{"line":50,"column":0},"end":{"line":50,"column":13}},"50":{"start":{"line":51,"column":0},"end":{"line":51,"column":11}},"51":{"start":{"line":52,"column":0},"end":{"line":52,"column":34}},"52":{"start":{"line":53,"column":0},"end":{"line":53,"column":4}},"53":{"start":{"line":54,"column":0},"end":{"line":54,"column":3}},"55":{"start":{"line":56,"column":0},"end":{"line":56,"column":62}}},"s":{"0":1,"5":1,"7":1,"8":8,"9":8,"10":8,"11":8,"12":8,"13":8,"14":8,"15":8,"16":8,"17":8,"18":8,"19":8,"20":8,"21":8,"23":1,"24":1,"25":8,"26":8,"27":8,"28":8,"29":8,"30":0,"31":0,"32":8,"33":1,"34":8,"35":8,"36":8,"37":1,"39":1,"40":8,"41":8,"42":8,"43":0,"44":0,"45":8,"47":1,"48":1,"49":1,"50":1,"51":1,"52":1,"53":1,"55":1},"branchMap":{"0":{"type":"branch","line":8,"loc":{"start":{"line":8,"column":33},"end":{"line":22,"column":2}},"locations":[{"start":{"line":8,"column":33},"end":{"line":22,"column":2}}]},"1":{"type":"branch","line":9,"loc":{"start":{"line":9,"column":17},"end":{"line":9,"column":30}},"locations":[{"start":{"line":9,"column":17},"end":{"line":9,"column":30}}]},"2":{"type":"branch","line":10,"loc":{"start":{"line":10,"column":37},"end":{"line":10,"column":49}},"locations":[{"start":{"line":10,"column":37},"end":{"line":10,"column":49}}]},"3":{"type":"branch","line":25,"loc":{"start":{"line":25,"column":15},"end":{"line":33,"column":4}},"locations":[{"start":{"line":25,"column":15},"end":{"line":33,"column":4}}]},"4":{"type":"branch","line":30,"loc":{"start":{"line":30,"column":4},"end":{"line":32,"column":5}},"locations":[{"start":{"line":30,"column":4},"end":{"line":32,"column":5}}]},"5":{"type":"branch","line":34,"loc":{"start":{"line":34,"column":12},"end":{"line":37,"column":4}},"locations":[{"start":{"line":34,"column":12},"end":{"line":37,"column":4}}]},"6":{"type":"branch","line":35,"loc":{"start":{"line":35,"column":59},"end":{"line":35,"column":83}},"locations":[{"start":{"line":35,"column":59},"end":{"line":35,"column":83}}]},"7":{"type":"branch","line":40,"loc":{"start":{"line":40,"column":49},"end":{"line":46,"column":2}},"locations":[{"start":{"line":40,"column":49},"end":{"line":46,"column":2}}]},"8":{"type":"branch","line":43,"loc":{"start":{"line":43,"column":2},"end":{"line":45,"column":3}},"locations":[{"start":{"line":43,"column":2},"end":{"line":45,"column":3}}]}},"b":{"0":[8],"1":[0],"2":[0],"3":[8],"4":[0],"5":[8],"6":[0],"7":[8],"8":[0]},"fnMap":{"0":{"name":"isAllowedMimeType","decl":{"start":{"line":8,"column":33},"end":{"line":22,"column":2}},"loc":{"start":{"line":8,"column":33},"end":{"line":22,"column":2}},"line":8},"1":{"name":"destination","decl":{"start":{"line":25,"column":15},"end":{"line":33,"column":4}},"loc":{"start":{"line":25,"column":15},"end":{"line":33,"column":4}},"line":25},"2":{"name":"filename","decl":{"start":{"line":34,"column":12},"end":{"line":37,"column":4}},"loc":{"start":{"line":34,"column":12},"end":{"line":37,"column":4}},"line":34},"3":{"name":"fileFilter","decl":{"start":{"line":40,"column":49},"end":{"line":46,"column":2}},"loc":{"start":{"line":40,"column":49},"end":{"line":46,"column":2}},"line":40}},"f":{"0":8,"1":8,"2":8,"3":8}}
,"D:\\GB-Mobile-Application--Android---iOS-\\backend\\src\\modules\\audit\\auditRepository.ts": {"path":"D:\\GB-Mobile-Application--Android---iOS-\\backend\\src\\modules\\audit\\auditRepository.ts","all":false,"statementMap":{"0":{"start":{"line":1,"column":0},"end":{"line":1,"column":40}},"22":{"start":{"line":23,"column":0},"end":{"line":23,"column":94}},"23":{"start":{"line":24,"column":0},"end":{"line":24,"column":41}},"24":{"start":{"line":25,"column":0},"end":{"line":25,"column":5}},"29":{"start":{"line":30,"column":0},"end":{"line":30,"column":5}},"30":{"start":{"line":31,"column":0},"end":{"line":31,"column":18}},"31":{"start":{"line":32,"column":0},"end":{"line":32,"column":27}},"32":{"start":{"line":33,"column":0},"end":{"line":33,"column":19}},"33":{"start":{"line":34,"column":0},"end":{"line":34,"column":23}},"34":{"start":{"line":35,"column":0},"end":{"line":35,"column":21}},"35":{"start":{"line":36,"column":0},"end":{"line":36,"column":27}},"36":{"start":{"line":37,"column":0},"end":{"line":37,"column":5}},"37":{"start":{"line":38,"column":0},"end":{"line":38,"column":4}},"39":{"start":{"line":40,"column":0},"end":{"line":40,"column":21}},"40":{"start":{"line":41,"column":0},"end":{"line":41,"column":1}}},"s":{"0":1,"22":11,"23":11,"24":11,"29":11,"30":11,"31":11,"32":11,"33":11,"34":11,"35":11,"36":11,"37":11,"39":11,"40":11},"branchMap":{"0":{"type":"branch","line":23,"loc":{"start":{"line":23,"column":0},"end":{"line":41,"column":1}},"locations":[{"start":{"line":23,"column":0},"end":{"line":41,"column":1}}]},"1":{"type":"branch","line":32,"loc":{"start":{"line":32,"column":12},"end":{"line":32,"column":27}},"locations":[{"start":{"line":32,"column":12},"end":{"line":32,"column":27}}]},"2":{"type":"branch","line":36,"loc":{"start":{"line":36,"column":12},"end":{"line":36,"column":27}},"locations":[{"start":{"line":36,"column":12},"end":{"line":36,"column":27}}]}},"b":{"0":[11],"1":[0],"2":[0]},"fnMap":{"0":{"name":"insertAuditEvent","decl":{"start":{"line":23,"column":0},"end":{"line":41,"column":1}},"loc":{"start":{"line":23,"column":0},"end":{"line":41,"column":1}},"line":23}},"f":{"0":11}}
,"D:\\GB-Mobile-Application--Android---iOS-\\backend\\src\\modules\\audit\\auditService.ts": {"path":"D:\\GB-Mobile-Application--Android---iOS-\\backend\\src\\modules\\audit\\auditService.ts","all":false,"statementMap":{"0":{"start":{"line":1,"column":0},"end":{"line":1,"column":45}},"11":{"start":{"line":12,"column":0},"end":{"line":12,"column":96}},"12":{"start":{"line":13,"column":0},"end":{"line":13,"column":7}},"13":{"start":{"line":14,"column":0},"end":{"line":14,"column":34}},"14":{"start":{"line":15,"column":0},"end":{"line":15,"column":17}},"15":{"start":{"line":16,"column":0},"end":{"line":16,"column":109}},"16":{"start":{"line":17,"column":0},"end":{"line":17,"column":3}},"17":{"start":{"line":18,"column":0},"end":{"line":18,"column":1}}},"s":{"0":1,"11":13,"12":13,"13":13,"14":12,"15":1,"16":1,"17":13},"branchMap":{"0":{"type":"branch","line":12,"loc":{"start":{"line":12,"column":0},"end":{"line":18,"column":1}},"locations":[{"start":{"line":12,"column":0},"end":{"line":18,"column":1}}]},"1":{"type":"branch","line":14,"loc":{"start":{"line":14,"column":32},"end":{"line":17,"column":3}},"locations":[{"start":{"line":14,"column":32},"end":{"line":17,"column":3}}]},"2":{"type":"branch","line":15,"loc":{"start":{"line":15,"column":2},"end":{"line":17,"column":3}},"locations":[{"start":{"line":15,"column":2},"end":{"line":17,"column":3}}]}},"b":{"0":[13],"1":[12],"2":[1]},"fnMap":{"0":{"name":"recordAuditEvent","decl":{"start":{"line":12,"column":0},"end":{"line":18,"column":1}},"loc":{"start":{"line":12,"column":0},"end":{"line":18,"column":1}},"line":12}},"f":{"0":13}}
,"D:\\GB-Mobile-Application--Android---iOS-\\backend\\src\\modules\\audit\\__tests__\\auditService.test.ts": {"path":"D:\\GB-Mobile-Application--Android---iOS-\\backend\\src\\modules\\audit\\__tests__\\auditService.test.ts","all":false,"statementMap":{"0":{"start":{"line":1,"column":0},"end":{"line":1,"column":62}},"3":{"start":{"line":4,"column":0},"end":{"line":4,"column":37}},"4":{"start":{"line":5,"column":0},"end":{"line":5,"column":25}},"16":{"start":{"line":17,"column":0},"end":{"line":17,"column":36}},"17":{"start":{"line":18,"column":0},"end":{"line":18,"column":20}},"18":{"start":{"line":19,"column":0},"end":{"line":19,"column":37}},"19":{"start":{"line":20,"column":0},"end":{"line":20,"column":25}},"20":{"start":{"line":21,"column":0},"end":{"line":21,"column":5}},"22":{"start":{"line":23,"column":0},"end":{"line":23,"column":62}},"23":{"start":{"line":24,"column":0},"end":{"line":24,"column":48}},"24":{"start":{"line":25,"column":0},"end":{"line":25,"column":20}},"25":{"start":{"line":26,"column":0},"end":{"line":26,"column":22}},"26":{"start":{"line":27,"column":0},"end":{"line":27,"column":24}},"27":{"start":{"line":28,"column":0},"end":{"line":28,"column":36}},"28":{"start":{"line":29,"column":0},"end":{"line":29,"column":26}},"29":{"start":{"line":30,"column":0},"end":{"line":30,"column":26}},"30":{"start":{"line":31,"column":0},"end":{"line":31,"column":19}},"31":{"start":{"line":32,"column":0},"end":{"line":32,"column":43}},"32":{"start":{"line":33,"column":0},"end":{"line":33,"column":7}},"34":{"start":{"line":35,"column":0},"end":{"line":35,"column":28}},"35":{"start":{"line":36,"column":0},"end":{"line":36,"column":21}},"36":{"start":{"line":37,"column":0},"end":{"line":37,"column":23}},"37":{"start":{"line":38,"column":0},"end":{"line":38,"column":36}},"38":{"start":{"line":39,"column":0},"end":{"line":39,"column":25}},"39":{"start":{"line":40,"column":0},"end":{"line":40,"column":25}},"40":{"start":{"line":41,"column":0},"end":{"line":41,"column":42}},"41":{"start":{"line":42,"column":0},"end":{"line":42,"column":7}},"43":{"start":{"line":44,"column":0},"end":{"line":44,"column":55}},"44":{"start":{"line":45,"column":0},"end":{"line":45,"column":21}},"45":{"start":{"line":46,"column":0},"end":{"line":46,"column":23}},"46":{"start":{"line":47,"column":0},"end":{"line":47,"column":36}},"47":{"start":{"line":48,"column":0},"end":{"line":48,"column":25}},"48":{"start":{"line":49,"column":0},"end":{"line":49,"column":25}},"49":{"start":{"line":50,"column":0},"end":{"line":50,"column":42}},"50":{"start":{"line":51,"column":0},"end":{"line":51,"column":7}},"51":{"start":{"line":52,"column":0},"end":{"line":52,"column":44}},"52":{"start":{"line":53,"column":0},"end":{"line":53,"column":5}},"54":{"start":{"line":55,"column":0},"end":{"line":55,"column":78}},"55":{"start":{"line":56,"column":0},"end":{"line":56,"column":69}},"57":{"start":{"line":58,"column":0},"end":{"line":58,"column":28}},"58":{"start":{"line":59,"column":0},"end":{"line":59,"column":21}},"59":{"start":{"line":60,"column":0},"end":{"line":60,"column":19}},"60":{"start":{"line":61,"column":0},"end":{"line":61,"column":35}},"61":{"start":{"line":62,"column":0},"end":{"line":62,"column":31}},"62":{"start":{"line":63,"column":0},"end":{"line":63,"column":26}},"63":{"start":{"line":64,"column":0},"end":{"line":64,"column":7}},"65":{"start":{"line":66,"column":0},"end":{"line":66,"column":42}},"66":{"start":{"line":67,"column":0},"end":{"line":67,"column":31}},"67":{"start":{"line":68,"column":0},"end":{"line":68,"column":31}},"68":{"start":{"line":69,"column":0},"end":{"line":69,"column":37}},"69":{"start":{"line":70,"column":0},"end":{"line":70,"column":33}},"70":{"start":{"line":71,"column":0},"end":{"line":71,"column":9}},"71":{"start":{"line":72,"column":0},"end":{"line":72,"column":36}},"72":{"start":{"line":73,"column":0},"end":{"line":73,"column":6}},"73":{"start":{"line":74,"column":0},"end":{"line":74,"column":5}},"74":{"start":{"line":75,"column":0},"end":{"line":75,"column":3}}},"s":{"0":1,"3":1,"4":1,"16":1,"17":1,"18":2,"19":2,"20":1,"22":1,"23":1,"24":1,"25":1,"26":1,"27":1,"28":1,"29":1,"30":1,"31":1,"32":1,"34":1,"35":1,"36":1,"37":1,"38":1,"39":1,"40":1,"41":1,"43":1,"44":1,"45":1,"46":1,"47":1,"48":1,"49":1,"50":1,"51":1,"52":1,"54":1,"55":1,"57":1,"58":1,"59":1,"60":1,"61":1,"62":1,"63":1,"65":1,"66":1,"67":1,"68":1,"69":1,"70":1,"71":1,"72":1,"73":1,"74":1},"branchMap":{"0":{"type":"branch","line":17,"loc":{"start":{"line":17,"column":29},"end":{"line":75,"column":3}},"locations":[{"start":{"line":17,"column":29},"end":{"line":75,"column":3}}]},"1":{"type":"branch","line":18,"loc":{"start":{"line":18,"column":13},"end":{"line":21,"column":3}},"locations":[{"start":{"line":18,"column":13},"end":{"line":21,"column":3}}]},"2":{"type":"branch","line":23,"loc":{"start":{"line":23,"column":49},"end":{"line":53,"column":3}},"locations":[{"start":{"line":23,"column":49},"end":{"line":53,"column":3}}]},"3":{"type":"branch","line":55,"loc":{"start":{"line":55,"column":65},"end":{"line":74,"column":3}},"locations":[{"start":{"line":55,"column":65},"end":{"line":74,"column":3}}]}},"b":{"0":[1],"1":[2],"2":[1],"3":[1]},"fnMap":{},"f":{}}
,"D:\\GB-Mobile-Application--Android---iOS-\\backend\\src\\modules\\auth\\authSessionsRepository.ts": {"path":"D:\\GB-Mobile-Application--Android---iOS-\\backend\\src\\modules\\auth\\authSessionsRepository.ts","all":false,"statementMap":{"0":{"start":{"line":1,"column":0},"end":{"line":1,"column":40}},"25":{"start":{"line":26,"column":0},"end":{"line":26,"column":72}},"26":{"start":{"line":27,"column":0},"end":{"line":27,"column":75}},"27":{"start":{"line":28,"column":0},"end":{"line":28,"column":14}},"28":{"start":{"line":29,"column":0},"end":{"line":29,"column":5}},"40":{"start":{"line":41,"column":0},"end":{"line":41,"column":76}},"41":{"start":{"line":42,"column":0},"end":{"line":42,"column":4}},"42":{"start":{"line":43,"column":0},"end":{"line":43,"column":1}},"44":{"start":{"line":45,"column":0},"end":{"line":45,"column":87}},"45":{"start":{"line":46,"column":0},"end":{"line":46,"column":42}},"46":{"start":{"line":47,"column":0},"end":{"line":47,"column":5}},"62":{"start":{"line":63,"column":0},"end":{"line":63,"column":8}},"63":{"start":{"line":64,"column":0},"end":{"line":64,"column":4}},"65":{"start":{"line":66,"column":0},"end":{"line":66,"column":29}},"66":{"start":{"line":67,"column":0},"end":{"line":67,"column":1}},"68":{"start":{"line":69,"column":0},"end":{"line":69,"column":55}},"69":{"start":{"line":70,"column":0},"end":{"line":70,"column":14}},"70":{"start":{"line":71,"column":0},"end":{"line":71,"column":5}},"75":{"start":{"line":76,"column":0},"end":{"line":76,"column":8}},"76":{"start":{"line":77,"column":0},"end":{"line":77,"column":4}},"77":{"start":{"line":78,"column":0},"end":{"line":78,"column":1}},"79":{"start":{"line":80,"column":0},"end":{"line":80,"column":90}},"80":{"start":{"line":81,"column":0},"end":{"line":81,"column":14}},"81":{"start":{"line":82,"column":0},"end":{"line":82,"column":5}},"88":{"start":{"line":89,"column":0},"end":{"line":89,"column":36}},"89":{"start":{"line":90,"column":0},"end":{"line":90,"column":4}},"90":{"start":{"line":91,"column":0},"end":{"line":91,"column":1}},"92":{"start":{"line":93,"column":0},"end":{"line":93,"column":81}},"93":{"start":{"line":94,"column":0},"end":{"line":94,"column":14}},"94":{"start":{"line":95,"column":0},"end":{"line":95,"column":5}},"101":{"start":{"line":102,"column":0},"end":{"line":102,"column":20}},"102":{"start":{"line":103,"column":0},"end":{"line":103,"column":4}},"103":{"start":{"line":104,"column":0},"end":{"line":104,"column":1}}},"s":{"0":1,"25":40,"26":40,"27":40,"28":40,"40":40,"41":40,"42":40,"44":4,"45":4,"46":4,"62":4,"63":4,"65":4,"66":4,"68":2,"69":2,"70":2,"75":2,"76":2,"77":2,"79":2,"80":2,"81":2,"88":2,"89":2,"90":2,"92":1,"93":1,"94":1,"101":1,"102":1,"103":1},"branchMap":{"0":{"type":"branch","line":26,"loc":{"start":{"line":26,"column":0},"end":{"line":43,"column":1}},"locations":[{"start":{"line":26,"column":0},"end":{"line":43,"column":1}}]},"1":{"type":"branch","line":41,"loc":{"start":{"line":41,"column":65},"end":{"line":41,"column":75}},"locations":[{"start":{"line":41,"column":65},"end":{"line":41,"column":75}}]},"2":{"type":"branch","line":45,"loc":{"start":{"line":45,"column":0},"end":{"line":67,"column":1}},"locations":[{"start":{"line":45,"column":0},"end":{"line":67,"column":1}}]},"3":{"type":"branch","line":66,"loc":{"start":{"line":66,"column":19},"end":{"line":66,"column":29}},"locations":[{"start":{"line":66,"column":19},"end":{"line":66,"column":29}}]},"4":{"type":"branch","line":69,"loc":{"start":{"line":69,"column":0},"end":{"line":78,"column":1}},"locations":[{"start":{"line":69,"column":0},"end":{"line":78,"column":1}}]},"5":{"type":"branch","line"
[...]
end":{"line":188,"column":25}},"locations":[{"start":{"line":188,"column":13},"end":{"line":188,"column":25}}]},"46":{"type":"branch","line":188,"loc":{"start":{"line":188,"column":20},"end":{"line":200,"column":1}},"locations":[{"start":{"line":188,"column":20},"end":{"line":200,"column":1}}]},"47":{"type":"branch","line":194,"loc":{"start":{"line":194,"column":48},"end":{"line":197,"column":4}},"locations":[{"start":{"line":194,"column":48},"end":{"line":197,"column":4}}]},"48":{"type":"branch","line":196,"loc":{"start":{"line":196,"column":13},"end":{"line":196,"column":83}},"locations":[{"start":{"line":196,"column":13},"end":{"line":196,"column":83}}]},"49":{"type":"branch","line":208,"loc":{"start":{"line":208,"column":0},"end":{"line":221,"column":1}},"locations":[{"start":{"line":208,"column":0},"end":{"line":221,"column":1}}]},"50":{"type":"branch","line":216,"loc":{"start":{"line":216,"column":24},"end":{"line":216,"column":31}},"locations":[{"start":{"line":216,"column":24},"end":{"line":216,"column":31}}]},"51":{"type":"branch","line":216,"loc":{"start":{"line":216,"column":24},"end":{"line":217,"column":40}},"locations":[{"start":{"line":216,"column":24},"end":{"line":217,"column":40}}]},"52":{"type":"branch","line":217,"loc":{"start":{"line":217,"column":35},"end":{"line":217,"column":43}},"locations":[{"start":{"line":217,"column":35},"end":{"line":217,"column":43}}]},"53":{"type":"branch","line":218,"loc":{"start":{"line":218,"column":33},"end":{"line":220,"column":3}},"locations":[{"start":{"line":218,"column":33},"end":{"line":220,"column":3}}]},"54":{"type":"branch","line":223,"loc":{"start":{"line":223,"column":0},"end":{"line":226,"column":1}},"locations":[{"start":{"line":223,"column":0},"end":{"line":226,"column":1}}]},"55":{"type":"branch","line":225,"loc":{"start":{"line":225,"column":20},"end":{"line":225,"column":53}},"locations":[{"start":{"line":225,"column":20},"end":{"line":225,"column":53}}]},"56":{"type":"branch","line":238,"loc":{"start":{"line":238,"column":0},"end":{"line":240,"column":1}},"locations":[{"start":{"line":238,"column":0},"end":{"line":240,"column":1}}]},"57":{"type":"branch","line":242,"loc":{"start":{"line":242,"column":0},"end":{"line":265,"column":1}},"locations":[{"start":{"line":242,"column":0},"end":{"line":265,"column":1}}]},"58":{"type":"branch","line":248,"loc":{"start":{"line":248,"column":13},"end":{"line":250,"column":3}},"locations":[{"start":{"line":248,"column":13},"end":{"line":250,"column":3}}]},"59":{"type":"branch","line":252,"loc":{"start":{"line":252,"column":17},"end":{"line":257,"column":15}},"locations":[{"start":{"line":252,"column":17},"end":{"line":257,"column":15}}]},"60":{"type":"branch","line":252,"loc":{"start":{"line":252,"column":17},"end":{"line":254,"column":3}},"locations":[{"start":{"line":252,"column":17},"end":{"line":254,"column":3}}]},"61":{"type":"branch","line":254,"loc":{"start":{"line":254,"column":2},"end":{"line":257,"column":15}},"locations":[{"start":{"line":254,"column":2},"end":{"line":257,"column":15}}]},"62":{"type":"branch","line":257,"loc":{"start":{"line":257,"column":15},"end":{"line":259,"column":3}},"locations":[{"start":{"line":257,"column":15},"end":{"line":259,"column":3}}]},"63":{"type":"branch","line":259,"loc":{"start":{"line":259,"column":2},"end":{"line":260,"column":33}},"locations":[{"start":{"line":259,"column":2},"end":{"line":260,"column":33}}]},"64":{"type":"branch","line":260,"loc":{"start":{"line":260,"column":33},"end":{"line":262,"column":3}},"locations":[{"start":{"line":260,"column":33},"end":{"line":262,"column":3}}]},"65":{"type":"branch","line":262,"loc":{"start":{"line":262,"column":2},"end":{"line":265,"column":1}},"locations":[{"start":{"line":262,"column":2},"end":{"line":265,"column":1}}]},"66":{"type":"branch","line":267,"loc":{"start":{"line":267,"column":0},"end":{"line":315,"column":1}},"locations":[{"start":{"line":267,"column":0},"end":{"line":315,"column":1}}]},"67":{"type":"branch","line":269,"loc":{"start":{"line":269,"column":57},"end":{"line":269,"column":73}},"locations":[{"start":{"line":269,"column":57},"end":{"line":269,"column":73}}]},"68":{"type":"branch","line":273,"loc":{"start":{"line":273,"column":25},"end":{"line":273,"column":42}},"locations":[{"start":{"line":273,"column":25},"end":{"line":273,"column":42}}]},"69":{"type":"branch","line":275,"loc":{"start":{"line":275,"column":21},"end":{"line":294,"column":3}},"locations":[{"start":{"line":275,"column":21},"end":{"line":294,"column":3}}]},"70":{"type":"branch","line":277,"loc":{"start":{"line":277,"column":16},"end":{"line":279,"column":5}},"locations":[{"start":{"line":277,"column":16},"end":{"line":279,"column":5}}]},"71":{"type":"branch","line":280,"loc":{"start":{"line":280,"column":30},"end":{"line":280,"column":46}},"locations":[{"start":{"line":280,"column":30},"end":{"line":280,"column":46}}]},"72":{"type":"branch","line":282,"loc":{"start":{"line":282,"column":9},"end":{"line":282,"column":44}},"locations":[{"start":{"line":282,"column":9},"end":{"line":282,"column":44}}]},"73":{"type":"branch","line":282,"loc":{"start":{"line":282,"column":44},"end":{"line":285,"column":5}},"locations":[{"start":{"line":282,"column":44},"end":{"line":285,"column":5}}]},"74":{"type":"branch","line":286,"loc":{"start":{"line":286,"column":59},"end":{"line":291,"column":5}},"locations":[{"start":{"line":286,"column":59},"end":{"line":291,"column":5}}]},"75":{"type":"branch","line":292,"loc":{"start":{"line":292,"column":23},"end":{"line":292,"column":98}},"locations":[{"start":{"line":292,"column":23},"end":{"line":292,"column":98}}]},"76":{"type":"branch","line":293,"loc":{"start":{"line":293,"column":23},"end":{"line":293,"column":55}},"locations":[{"start":{"line":293,"column":23},"end":{"line":293,"column":55}}]},"77":{"type":"branch","line":297,"loc":{"start":{"line":297,"column":32},"end":{"line":297,"column":47}},"locations":[{"start":{"line":297,"column":32},"end":{"line":297,"column":47}}]},"78":{"type":"branch","line":303,"loc":{"start":{"line":303,"column":14},"end":{"line":303,"column":39}},"locations":[{"start":{"line":303,"column":14},"end":{"line":303,"column":39}}]},"79":{"type":"branch","line":307,"loc":{"start":{"line":307,"column":14},"end":{"line":307,"column":39}},"locations":[{"start":{"line":307,"column":14},"end":{"line":307,"column":39}}]},"80":{"type":"branch","line":310,"loc":{"start":{"line":310,"column":6},"end":{"line":310,"column":33}},"locations":[{"start":{"line":310,"column":6},"end":{"line":310,"column":33}}]},"81":{"type":"branch","line":310,"loc":{"start":{"line":310,"column":33},"end":{"line":312,"column":3}},"locations":[{"start":{"line":310,"column":33},"end":{"line":312,"column":3}}]},"82":{"type":"branch","line":317,"loc":{"start":{"line":317,"column":0},"end":{"line":360,"column":1}},"locations":[{"start":{"line":317,"column":0},"end":{"line":360,"column":1}}]},"83":{"type":"branch","line":326,"loc":{"start":{"line":326,"column":14},"end":{"line":326,"column":26}},"locations":[{"start":{"line":326,"column":14},"end":{"line":326,"column":26}}]},"84":{"type":"branch","line":328,"loc":{"start":{"line":328,"column":21},"end":{"line":328,"column":37}},"locations":[{"start":{"line":328,"column":21},"end":{"line":328,"column":37}}]},"85":{"type":"branch","line":329,"loc":{"start":{"line":329,"column":25},"end":{"line":329,"column":43}},"locations":[{"start":{"line":329,"column":25},"end":{"line":329,"column":43}}]},"86":{"type":"branch","line":331,"loc":{"start":{"line":331,"column":7},"end":{"line":331,"column":27}},"locations":[{"start":{"line":331,"column":7},"end":{"line":331,"column":27}}]},"87":{"type":"branch","line":331,"loc":{"start":{"line":331,"column":27},"end":{"line":340,"column":3}},"locations":[{"start":{"line":331,"column":27},"end":{"line":340,"column":3}}]},"88":{"type":"branch","line":342,"loc":{"start":{"line":342,"column":15},"end":{"line":344,"column":3}},"locations":[{"start":{"line":342,"column":15},"end":{"line":344,"column":3}}]},"89":{"type":"branch","line":351,"loc":{"start":{"line":351,"column":11},"end":{"line":351,"column":37}},"locations":[{"start":{"line":351,"column":11},"end":{"line":351,"column":37}}]},"90":{"type":"branch","line":351,"loc":{"start":{"line":351,"column":26},"end":{"line":351,"column":50}},"locations":[{"start":{"line":351,"column":26},"end":{"line":351,"column":50}}]},"91":{"type":"branch","line":362,"loc":{"start":{"line":362,"column":0},"end":{"line":409,"column":1}},"locations":[{"start":{"line":362,"column":0},"end":{"line":409,"column":1}}]},"92":{"type":"branch","line":366,"loc":{"start":{"line":366,"column":17},"end":{"line":366,"column":29}},"locations":[{"start":{"line":366,"column":17},"end":{"line":366,"column":29}}]},"93":{"type":"branch","line":368,"loc":{"start":{"line":368,"column":14},"end":{"line":370,"column":3}},"locations":[{"start":{"line":368,"column":14},"end":{"line":370,"column":3}}]},"94":{"type":"branch","line":370,"loc":{"start":{"line":370,"column":2},"end":{"line":372,"column":31}},"locations":[{"start":{"line":370,"column":2},"end":{"line":372,"column":31}}]},"95":{"type":"branch","line":372,"loc":{"start":{"line":372,"column":21},"end":{"line":372,"column":47}},"locations":[{"start":{"line":372,"column":21},"end":{"line":372,"column":47}}]},"96":{"type":"branch","line":374,"loc":{"start":{"line":374,"column":14},"end":{"line":374,"column":46}},"locations":[{"start":{"line":374,"column":14},"end":{"line":374,"column":46}}]},"97":{"type":"branch","line":375,"loc":{"start":{"line":375,"column":16},"end":{"line":375,"column":51}},"locations":[{"start":{"line":375,"column":16},"end":{"line":375,"column":51}}]},"98":{"type":"branch","line":380,"loc":{"start":{"line":380,"column":37},"end":{"line":385,"column":13}},"locations":[{"start":{"line":380,"column":37},"end":{"line":385,"column":13}}]},"99":{"type":"branch","line":385,"loc":{"start":{"line":385,"column":2},"end":{"line":389,"column":48}},"locations":[{"start":{"line":385,"column":2},"end":{"line":389,"column":48}}]},"100":{"type":"branch","line":385,"loc":{"start":{"line":385,"column":28},"end":{"line":385,"column":51}},"locations":[{"start":{"line":385,"column":28},"end":{"line":385,"column":51}}]},"101":{"type":"branch","line":385,"loc":{"start":{"line":385,"column":51},"end":{"line":387,"column":3}},"locations":[{"start":{"line":385,"column":51},"end":{"line":387,"column":3}}]},"102":{"type":"branch","line":389,"loc":{"start":{"line":389,"column":36},"end":{"line":389,"column":77}},"locations":[{"start":{"line":389,"column":36},"end":{"line":389,"column":77}}]},"103":{"type":"branch","line":389,"loc":{"start":{"line":389,"column":62},"end":{"line":389,"column":105}},"locations":[{"start":{"line":389,"column":62},"end":{"line":389,"column":105}}]},"104":{"type":"branch","line":391,"loc":{"start":{"line":391,"column":19},"end":{"line":391,"column":62}},"locations":[{"start":{"line":391,"column":19},"end":{"line":391,"column":62}}]},"105":{"type":"branch","line":391,"loc":{"start":{"line":391,"column":45},"end":{"line":391,"column":91}},"locations":[{"start":{"line":391,"column":45},"end":{"line":391,"column":91}}]},"106":{"type":"branch","line":397,"loc":{"start":{"line":397,"column":27},"end":{"line":397,"column":54}},"locations":[{"start":{"line":397,"column":27},"end":{"line":397,"column":54}}]},"107":{"type":"branch","line":397,"loc":{"start":{"line":397,"column":39},"end":{"line":397,"column":64}},"locations":[{"start":{"line":397,"column":39},"end":{"line":397,"column":64}}]},"108":{"type":"branch","line":398,"loc":{"start":{"line":398,"column":31},"end":{"line":398,"column":60}},"locations":[{"start":{"line":398,"column":31},"end":{"line":398,"column":60}}]},"109":{"type":"branch","line":398,"loc":{"start":{"line":398,"column":43},"end":{"line":398,"column":70}},"locations":[{"start":{"line":398,"column":43},"end":{"line":398,"column":70}}]},"110":{"type":"branch","line":400,"loc":{"start":{"line":400,"column":26},"end":{"line":400,"column":87}},"locations":[{"start":{"line":400,"column":26},"end":{"line":400,"column":87}}]},"111":{"type":"branch","line":400,"loc":{"start":{"line":400,"column":55},"end":{"line":400,"column":87}},"locations":[{"start":{"line":400,"column":55},"end":{"line":400,"column":87}}]},"112":{"type":"branch","line":400,"loc":{"start":{"line":400,"column":75},"end":{"line":401,"column":28}},"locations":[{"start":{"line":400,"column":75},"end":{"line":401,"column":28}}]},"113":{"type":"branch","line":401,"loc":{"start":{"line":401,"column":10},"end":{"line":401,"column":28}},"locations":[{"start":{"line":401,"column":10},"end":{"line":401,"column":28}}]},"114":{"type":"branch","line":401,"loc":{"start":{"line":401,"column":24},"end":{"line":402,"column":20}},"locations":[{"start":{"line":401,"column":24},"end":{"line":402,"column":20}}]},"115":{"type":"branch","line":404,"loc":{"start":{"line":404,"column":27},"end":{"line":404,"column":58}},"locations":[{"start":{"line":404,"column":27},"end":{"line":404,"column":58}}]},"116":{"type":"branch","line":404,"loc":{"start":{"line":404,"column":51},"end":{"line":404,"column":68}},"locations":[{"start":{"line":404,"column":51},"end":{"line":404,"column":68}}]},"117":{"type":"branch","line":405,"loc":{"start":{"line":405,"column":3},"end":{"line":407,"column":23}},"locations":[{"start":{"line":405,"column":3},"end":{"line":407,"column":23}}]},"118":{"type":"branch","line":407,"loc":{"start":{"line":407,"column":16},"end":{"line":407,"column":28}},"locations":[{"start":{"line":407,"column":16},"end":{"line":407,"column":28}}]},"119":{"type":"branch","line":407,"loc":{"start":{"line":407,"column":23},"end":{"line":409,"column":1}},"locations":[{"start":{"line":407,"column":23},"end":{"line":409,"column":1}}]},"120":{"type":"branch","line":411,"loc":{"start":{"line":411,"column":0},"end":{"line":421,"column":1}},"locations":[{"start":{"line":411,"column":0},"end":{"line":421,"column":1}}]},"121":{"type":"branch","line":417,"loc":{"start":{"line":417,"column":17},"end":{"line":417,"column":29}},"locations":[{"start":{"line":417,"column":17},"end":{"line":417,"column":29}}]}},"b":{"0":[2],"1":[1],"2":[121],"3":[50],"4":[117],"5":[71],"6":[50],"7":[0],"8":[0],"9":[50],"10":[45],"11":[39],"12":[15],"13":[30],"14":[4],"15":[0],"16":[26],"17":[2],"18":[0],"19":[1],"20":[1],"21":[0],"22":[21],"23":[7],"24":[16],"25":[19],"26":[14],"27":[0],"28":[14],"29":[5],"30":[0],"31":[14],"32":[1],"33":[20],"34":[4],"35":[0],"36":[20],"37":[4],"38":[4],"39":[1],"40":[19],"41":[26],"42":[25],"43":[1],"44":[25],"45":[1],"46":[24],"47":[10],"48":[0],"49":[10],"50":[2],"51":[8],"52":[0],"53":[1],"54":[1],"55":[2],"56":[5],"57":[10],"58":[0],"59":[8],"60":[3],"61":[7],"62":[0],"63":[7],"64":[0],"65":[7],"66":[10],"67":[3],"68":[8],"69":[2],"70":[0],"71":[0],"72":[0],"73":[0],"74":[0],"75":[0],"76":[0],"77":[0],"78":[5],"79":[8],"80":[2],"81":[2],"82":[2],"83":[0],"84":[0],"85":[0],"86":[0],"87":[0],"88":[0],"89":[0],"90":[0],"91":[12],"92":[0],"93":[10],"94":[11],"95":[2],"96":[10],"97":[10],"98":[0],"99":[9],"100":[3],"101":[3],"102":[0],"103":[9],"104":[0],"105":[9],"106":[0],"107":[9],"108":[0],"109":[9],"110":[9],"111":[3],"112":[3],"113":[0],"114":[6],"115":[0],"116":[9],"117":[9],"118":[0],"119":[9],"120":[1],"121":[0]},"fnMap":{"0":{"name":"WorkOrderValidationError","decl":{"start":{"line":53,"column":2},"end":{"line":56,"column":3}},"loc":{"start":{"line":53,"column":2},"end":{"line":56,"column":3}},"line":53},"1":{"name":"InvalidStatusTransitionError","decl":{"start":{"line":60,"column":2},"end":{"line":63,"column":3}},"loc":{"start":{"line":60,"column":2},"end":{"line":63,"column":3}},"line":60},"2":{"name":"toDate","decl":{"start":{"line":68,"column":0},"end":{"line":72,"column":1}},"loc":{"start":{"line":68,"column":0},"end":{"line":72,"column":1}},"line":68},"3":{"name":"computeSlaBreached","decl":{"start":{"line":74,"column":0},"end":{"line":87,"column":1}},"loc":{"start":{"line":74,"column":0},"end":{"line":87,"column":1}},"line":74},"4":{"name":"deriveDefaultSlaDueAtFromSeverity","decl":{"start":{"line":89,"column":0},"end":{"line":100,"column":1}},"loc":{"start":{"line":89,"column":0},"end":{"line":100,"column":1}},"line":89},"5":{"name":"validateSlaFields","decl":{"start":{"line":102,"column":0},"end":{"line":124,"column":1}},"loc":{"start":{"line":102,"column":0},"end":{"line":124,"column":1}},"line":102},"6":{"name":"withComputedSla","decl":{"start":{"line":126,"column":0},"end":{"line":138,"column":1}},"loc":{"start":{"line":126,"column":0},"end":{"line":138,"column":1}},"line":126},"7":{"name":"startOfDay","decl":{"start":{"line":140,"column":0},"end":{"line":144,"column":1}},"loc":{"start":{"line":140,"column":0},"end":{"line":144,"column":1}},"line":140},"8":{"name":"endOfDay","decl":{"start":{"line":146,"column":0},"end":{"line":150,"column":1}},"loc":{"start":{"line":146,"column":0},"end":{"line":150,"column":1}},"line":146},"9":{"name":"hydrateWorkOrder","decl":{"start":{"line":183,"column":0},"end":{"line":200,"column":1}},"loc":{"start":{"line":183,"column":0},"end":{"line":200,"column":1}},"line":183},"10":{"name":"assertStatusTransition","decl":{"start":{"line":208,"column":0},"end":{"line":221,"column":1}},"loc":{"start":{"line":208,"column":0},"end":{"line":221,"column":1}},"line":208},"11":{"name":"listWorkOrders","decl":{"start":{"line":223,"column":0},"end":{"line":226,"column":1}},"loc":{"start":{"line":223,"column":0},"end":{"line":226,"column":1}},"line":223},"12":{"name":"listWorkOrdersForDevice","decl":{"start":{"line":228,"column":0},"end":{"line":231,"column":1}},"loc":{"start":{"line":228,"column":0},"end":{"line":231,"column":1}},"line":228},"13":{"name":"listWorkOrdersForAlert","decl":{"start":{"line":233,"column":0},"end":{"line":236,"column":1}},"loc":{"start":{"line":233,"column":0},"end":{"line":236,"column":1}},"line":233},"14":{"name":"getWorkOrder","decl":{"start":{"line":238,"column":0},"end":{"line":240,"column":1}},"loc":{"start":{"line":238,"column":0},"end":{"line":240,"column":1}},"line":238},"15":{"name":"validateSiteAndDevice","decl":{"start":{"line":242,"column":0},"end":{"line":265,"column":1}},"loc":{"start":{"line":242,"column":0},"end":{"line":265,"column":1}},"line":242},"16":{"name":"createWorkOrder","decl":{"start":{"line":267,"column":0},"end":{"line":315,"column":1}},"loc":{"start":{"line":267,"column":0},"end":{"line":315,"column":1}},"line":267},"17":{"name":"createFromAlert","decl":{"start":{"line":317,"column":0},"end":{"line":360,"column":1}},"loc":{"start":{"line":317,"column":0},"end":{"line":360,"column":1}},"line":317},"18":{"name":"updateWorkOrderDetails","decl":{"start":{"line":362,"column":0},"end":{"line":409,"column":1}},"loc":{"start":{"line":362,"column":0},"end":{"line":409,"column":1}},"line":362},"19":{"name":"updateWorkOrderTasks","decl":{"start":{"line":411,"column":0},"end":{"line":421,"column":1}},"loc":{"start":{"line":411,"column":0},"end":{"line":421,"column":1}},"line":411},"20":{"name":"getMaintenanceSummary","decl":{"start":{"line":423,"column":0},"end":{"line":482,"column":1}},"loc":{"start":{"line":423,"column":0},"end":{"line":482,"column":1}},"line":423}},"f":{"0":2,"1":1,"2":121,"3":45,"4":2,"5":21,"6":26,"7":0,"8":0,"9":25,"10":10,"11":1,"12":0,"13":0,"14":5,"15":10,"16":10,"17":2,"18":12,"19":1,"20":0}}
,"D:\\GB-Mobile-Application--Android---iOS-\\backend\\src\\types\\files.ts": {"path":"D:\\GB-Mobile-Application--Android---iOS-\\backend\\src\\types\\files.ts","all":true,"statementMap":{},"s":{},"branchMap":{"0":{"type":"branch","line":1,"loc":{"start":{"line":1,"column":62},"end":{"line":1,"column":62}},"locations":[{"start":{"line":1,"column":62},"end":{"line":1,"column":62}}]}},"b":{"0":[1]},"fnMap":{"0":{"name":"(empty-report)","decl":{"start":{"line":1,"column":62},"end":{"line":1,"column":62}},"loc":{"start":{"line":1,"column":62},"end":{"line":1,"column":62}},"line":1}},"f":{"0":1}}
}
