{"D:\\GB-Mobile-Application--Android---iOS-\\backend\\src\\index.ts": {"path":"D:\\GB-Mobile-Application--Android---iOS-\\backend\\src\\index.ts","all":false,"statementMap":{"0":{"start":{"line":1,"column":0},"end":{"line":1,"column":23}},"1":{"start":{"line":2,"column":0},"end":{"line":2,"column":30}},"2":{"start":{"line":3,"column":0},"end":{"line":3,"column":49}},"3":{"start":{"line":4,"column":0},"end":{"line":4,"column":45}},"4":{"start":{"line":5,"column":0},"end":{"line":5,"column":45}},"5":{"start":{"line":6,"column":0},"end":{"line":6,"column":49}},"6":{"start":{"line":7,"column":0},"end":{"line":7,"column":47}},"7":{"start":{"line":8,"column":0},"end":{"line":8,"column":57}},"8":{"start":{"line":9,"column":0},"end":{"line":9,"column":55}},"9":{"start":{"line":10,"column":0},"end":{"line":10,"column":67}},"10":{"start":{"line":11,"column":0},"end":{"line":11,"column":67}},"11":{"start":{"line":12,"column":0},"end":{"line":12,"column":45}},"12":{"start":{"line":13,"column":0},"end":{"line":13,"column":47}},"13":{"start":{"line":14,"column":0},"end":{"line":14,"column":53}},"14":{"start":{"line":15,"column":0},"end":{"line":15,"column":45}},"15":{"start":{"line":16,"column":0},"end":{"line":16,"column":57}},"16":{"start":{"line":17,"column":0},"end":{"line":17,"column":45}},"17":{"start":{"line":18,"column":0},"end":{"line":18,"column":57}},"18":{"start":{"line":19,"column":0},"end":{"line":19,"column":63}},"19":{"start":{"line":20,"column":0},"end":{"line":20,"column":52}},"20":{"start":{"line":21,"column":0},"end":{"line":21,"column":41}},"21":{"start":{"line":22,"column":0},"end":{"line":22,"column":64}},"23":{"start":{"line":24,"column":0},"end":{"line":24,"column":22}},"25":{"start":{"line":26,"column":0},"end":{"line":26,"column":23}},"26":{"start":{"line":27,"column":0},"end":{"line":27,"column":32}},"27":{"start":{"line":28,"column":0},"end":{"line":28,"column":24}},"29":{"start":{"line":30,"column":0},"end":{"line":30,"column":22}},"30":{"start":{"line":31,"column":0},"end":{"line":31,"column":29}},"31":{"start":{"line":32,"column":0},"end":{"line":32,"column":20}},"32":{"start":{"line":33,"column":0},"end":{"line":33,"column":22}},"33":{"start":{"line":34,"column":0},"end":{"line":34,"column":21}},"34":{"start":{"line":35,"column":0},"end":{"line":35,"column":26}},"35":{"start":{"line":36,"column":0},"end":{"line":36,"column":25}},"36":{"start":{"line":37,"column":0},"end":{"line":37,"column":20}},"37":{"start":{"line":38,"column":0},"end":{"line":38,"column":31}},"38":{"start":{"line":39,"column":0},"end":{"line":39,"column":31}},"39":{"start":{"line":40,"column":0},"end":{"line":40,"column":21}},"40":{"start":{"line":41,"column":0},"end":{"line":41,"column":30}},"41":{"start":{"line":42,"column":0},"end":{"line":42,"column":24}},"42":{"start":{"line":43,"column":0},"end":{"line":43,"column":26}},"43":{"start":{"line":44,"column":0},"end":{"line":44,"column":20}},"44":{"start":{"line":45,"column":0},"end":{"line":45,"column":22}},"46":{"start":{"line":47,"column":0},"end":{"line":47,"column":38}},"47":{"start":{"line":48,"column":0},"end":{"line":48,"column":38}},"48":{"start":{"line":49,"column":0},"end":{"line":49,"column":28}},"49":{"start":{"line":50,"column":0},"end":{"line":50,"column":26}},"50":{"start":{"line":51,"column":0},"end":{"line":51,"column":16}},"51":{"start":{"line":52,"column":0},"end":{"line":52,"column":83}},"52":{"start":{"line":53,"column":0},"end":{"line":53,"column":25}},"53":{"start":{"line":54,"column":0},"end":{"line":54,"column":6}},"54":{"start":{"line":55,"column":0},"end":{"line":55,"column":5}},"55":{"start":{"line":56,"column":0},"end":{"line":56,"column":1}},"57":{"start":{"line":58,"column":0},"end":{"line":58,"column":19}}},"s":{"0":1,"1":1,"2":1,"3":1,"4":1,"5":1,"6":1,"7":1,"8":1,"9":1,"10":1,"11":1,"12":1,"13":1,"14":1,"15":1,"16":1,"17":1,"18":1,"19":1,"20":1,"21":1,"23":1,"25":1,"26":1,"27":1,"29":1,"30":1,"31":1,"32":1,"33":1,"34":1,"35":1,"36":1,"37":1,"38":1,"39":1,"40":1,"41":1,"42":1,"43":1,"44":1,"46":1,"47":1,"48":0,"49":0,"50":0,"51":0,"52":0,"53":0,"54":0,"55":0,"57":1},"branchMap":{"0":{"type":"branch","line":47,"loc":{"start":{"line":47,"column":25},"end":{"line":47,"column":38}},"locations":[{"start":{"line":47,"column":25},"end":{"line":47,"column":38}}]},"1":{"type":"branch","line":48,"loc":{"start":{"line":48,"column":37},"end":{"line":56,"column":1}},"locations":[{"start":{"line":48,"column":37},"end":{"line":56,"column":1}}]}},"b":{"0":[0],"1":[0]},"fnMap":{},"f":{}}
,"D:\\GB-Mobile-Application--Android---iOS-\\backend\\src\\config\\cors.ts": {"path":"D:\\GB-Mobile-Application--Android---iOS-\\backend\\src\\config\\cors.ts","all":false,"statementMap":{"0":{"start":{"line":1,"column":0},"end":{"line":1,"column":32}},"1":{"start":{"line":2,"column":0},"end":{"line":2,"column":88}},"2":{"start":{"line":3,"column":0},"end":{"line":3,"column":12}},"3":{"start":{"line":4,"column":0},"end":{"line":4,"column":15}},"4":{"start":{"line":5,"column":0},"end":{"line":5,"column":33}},"5":{"start":{"line":6,"column":0},"end":{"line":6,"column":21}},"6":{"start":{"line":7,"column":0},"end":{"line":7,"column":1}},"8":{"start":{"line":9,"column":0},"end":{"line":9,"column":34}},"9":{"start":{"line":10,"column":0},"end":{"line":10,"column":52}},"10":{"start":{"line":11,"column":0},"end":{"line":11,"column":47}},"11":{"start":{"line":12,"column":0},"end":{"line":12,"column":71}},"13":{"start":{"line":14,"column":0},"end":{"line":14,"column":60}},"14":{"start":{"line":15,"column":0},"end":{"line":15,"column":70}},"15":{"start":{"line":16,"column":0},"end":{"line":16,"column":3}},"17":{"start":{"line":18,"column":0},"end":{"line":18,"column":10}},"18":{"start":{"line":19,"column":0},"end":{"line":19,"column":8}},"19":{"start":{"line":20,"column":0},"end":{"line":20,"column":19}},"20":{"start":{"line":21,"column":0},"end":{"line":21,"column":13}},"21":{"start":{"line":22,"column":0},"end":{"line":22,"column":4}},"22":{"start":{"line":23,"column":0},"end":{"line":23,"column":1}}},"s":{"0":28,"1":28,"2":28,"3":28,"4":28,"5":28,"6":28,"8":1,"9":28,"10":28,"11":28,"13":28,"14":0,"15":0,"17":28,"18":28,"19":28,"20":28,"21":28,"22":28},"branchMap":{"0":{"type":"branch","line":1,"loc":{"start":{"line":1,"column":0},"end":{"line":7,"column":1}},"locations":[{"start":{"line":1,"column":0},"end":{"line":7,"column":1}}]},"1":{"type":"branch","line":2,"loc":{"start":{"line":2,"column":61},"end":{"line":2,"column":88}},"locations":[{"start":{"line":2,"column":61},"end":{"line":2,"column":88}}]},"2":{"type":"branch","line":5,"loc":{"start":{"line":5,"column":9},"end":{"line":5,"column":32}},"locations":[{"start":{"line":5,"column":9},"end":{"line":5,"column":32}}]},"3":{"type":"branch","line":9,"loc":{"start":{"line":9,"column":7},"end":{"line":23,"column":1}},"locations":[{"start":{"line":9,"column":7},"end":{"line":23,"column":1}}]},"4":{"type":"branch","line":10,"loc":{"start":{"line":10,"column":26},"end":{"line":10,"column":52}},"locations":[{"start":{"line":10,"column":26},"end":{"line":10,"column":52}}]},"5":{"type":"branch","line":14,"loc":{"start":{"line":14,"column":14},"end":{"line":14,"column":59}},"locations":[{"start":{"line":14,"column":14},"end":{"line":14,"column":59}}]},"6":{"type":"branch","line":14,"loc":{"start":{"line":14,"column":59},"end":{"line":16,"column":3}},"locations":[{"start":{"line":14,"column":59},"end":{"line":16,"column":3}}]}},"b":{"0":[28],"1":[0],"2":[56],"3":[28],"4":[0],"5":[0],"6":[0]},"fnMap":{"0":{"name":"parseAllowedOrigins","decl":{"start":{"line":1,"column":0},"end":{"line":7,"column":1}},"loc":{"start":{"line":1,"column":0},"end":{"line":7,"column":1}},"line":1},"1":{"name":"loadCorsConfig","decl":{"start":{"line":9,"column":7},"end":{"line":23,"column":1}},"loc":{"start":{"line":9,"column":7},"end":{"line":23,"column":1}},"line":9}},"f":{"0":28,"1":28}}
,"D:\\GB-Mobile-Application--Android---iOS-\\backend\\src\\config\\db.ts": {"path":"D:\\GB-Mobile-Application--Android---iOS-\\backend\\src\\config\\db.ts","all":false,"statementMap":{"0":{"start":{"line":1,"column":0},"end":{"line":1,"column":46}},"5":{"start":{"line":6,"column":0},"end":{"line":6,"column":54}},"6":{"start":{"line":7,"column":0},"end":{"line":7,"column":34}},"7":{"start":{"line":8,"column":0},"end":{"line":8,"column":91}},"9":{"start":{"line":10,"column":0},"end":{"line":10,"column":47}},"10":{"start":{"line":11,"column":0},"end":{"line":11,"column":76}},"11":{"start":{"line":12,"column":0},"end":{"line":12,"column":1}},"12":{"start":{"line":13,"column":0},"end":{"line":13,"column":24}},"13":{"start":{"line":14,"column":0},"end":{"line":14,"column":42}},"14":{"start":{"line":15,"column":0},"end":{"line":15,"column":1}},"16":{"start":{"line":17,"column":0},"end":{"line":17,"column":44}},"17":{"start":{"line":18,"column":0},"end":{"line":18,"column":43}},"18":{"start":{"line":19,"column":0},"end":{"line":19,"column":34}},"19":{"start":{"line":20,"column":0},"end":{"line":20,"column":57}},"21":{"start":{"line":22,"column":0},"end":{"line":22,"column":71}},"22":{"start":{"line":23,"column":0},"end":{"line":23,"column":15}},"23":{"start":{"line":24,"column":0},"end":{"line":24,"column":20}},"24":{"start":{"line":25,"column":0},"end":{"line":25,"column":28}},"25":{"start":{"line":26,"column":0},"end":{"line":26,"column":38}},"26":{"start":{"line":27,"column":0},"end":{"line":27,"column":7}},"27":{"start":{"line":28,"column":0},"end":{"line":28,"column":53}},"28":{"start":{"line":29,"column":0},"end":{"line":29,"column":53}},"29":{"start":{"line":30,"column":0},"end":{"line":30,"column":57}},"30":{"start":{"line":31,"column":0},"end":{"line":31,"column":18}},"31":{"start":{"line":32,"column":0},"end":{"line":32,"column":17}},"32":{"start":{"line":33,"column":0},"end":{"line":33,"column":53}},"33":{"start":{"line":34,"column":0},"end":{"line":34,"column":88}},"34":{"start":{"line":35,"column":0},"end":{"line":35,"column":14}},"35":{"start":{"line":36,"column":0},"end":{"line":36,"column":3}},"36":{"start":{"line":37,"column":0},"end":{"line":37,"column":1}},"38":{"start":{"line":39,"column":0},"end":{"line":39,"column":35}},"39":{"start":{"line":40,"column":0},"end":{"line":40,"column":19}},"40":{"start":{"line":41,"column":0},"end":{"line":41,"column":1}},"42":{"start":{"line":43,"column":0},"end":{"line":43,"column":53}},"43":{"start":{"line":44,"column":0},"end":{"line":44,"column":43}},"44":{"start":{"line":45,"column":0},"end":{"line":45,"column":41}},"46":{"start":{"line":47,"column":0},"end":{"line":47,"column":29}},"47":{"start":{"line":48,"column":0},"end":{"line":48,"column":48}},"48":{"start":{"line":49,"column":0},"end":{"line":49,"column":13}},"49":{"start":{"line":50,"column":0},"end":{"line":50,"column":49}},"50":{"start":{"line":51,"column":0},"end":{"line":51,"column":57}},"51":{"start":{"line":52,"column":0},"end":{"line":52,"column":6}},"52":{"start":{"line":53,"column":0},"end":{"line":53,"column":33}},"53":{"start":{"line":54,"column":0},"end":{"line":54,"column":3}},"55":{"start":{"line":56,"column":0},"end":{"line":56,"column":16}},"56":{"start":{"line":57,"column":0},"end":{"line":57,"column":1}},"58":{"start":{"line":59,"column":0},"end":{"line":59,"column":39}},"59":{"start":{"line":60,"column":0},"end":{"line":60,"column":54}},"60":{"start":{"line":61,"column":0},"end":{"line":61,"column":20}},"61":{"start":{"line":62,"column":0},"end":{"line":62,"column":85}},"62":{"start":{"line":63,"column":0},"end":{"line":63,"column":1}},"64":{"start":{"line":65,"column":0},"end":{"line":65,"column":88}},"65":{"start":{"line":66,"column":0},"end":{"line":66,"column":36}},"66":{"start":{"line":67,"column":0},"end":{"line":67,"column":48}},"68":{"start":{"line":69,"column":0},"end":{"line":69,"column":51}},"69":{"start":{"line":70,"column":0},"end":{"line":70,"column":11}},"70":{"start":{"line":71,"column":0},"end":{"line":71,"column":5}},"71":{"start":{"line":72,"column":0},"end":{"line":72,"column":17}},"72":{"start":{"line":73,"column":0},"end":{"line":73,"column":40}},"73":{"start":{"line":74,"column":0},"end":{"line":74,"column":33}},"74":{"start":{"line":75,"column":0},"end":{"line":75,"column":16}},"75":{"start":{"line":76,"column":0},"end":{"line":76,"column":33}},"76":{"start":{"line":77,"column":0},"end":{"line":77,"column":6}},"77":{"start":{"line":78,"column":0},"end":{"line":78,"column":25}},"78":{"start":{"line":79,"column":0},"end":{"line":79,"column":4}},"79":{"start":{"line":80,"column":0},"end":{"line":80,"column":1}}},"s":{"0":1,"5":1,"6":1,"7":1,"9":1,"10":0,"11":0,"12":1,"13":0,"14":0,"16":1,"17":1,"18":1,"19":1,"21":525,"22":525,"23":525,"24":525,"25":525,"26":525,"27":525,"28":525,"29":525,"30":525,"31":525,"32":0,"33":0,"34":0,"35":0,"36":525,"38":2,"39":2,"40":2,"42":24,"43":24,"44":24,"46":0,"47":24,"48":0,"49":0,"50":0,"51":0,"52":0,"53":0,"55":0,"56":0,"58":0,"59":0,"60":0,"61":0,"62":0,"64":525,"65":525,"66":525,"68":0,"69":525,"70":525,"71":525,"72":525,"73":525,"74":525,"75":525,"76":525,"77":525,"78":525,"79":525},"branchMap":{"0":{"type":"branch","line":6,"loc":{"start":{"line":6,"column":28},"end":{"line":6,"column":54}},"locations":[{"start":{"line":6,"column":28},"end":{"line":6,"column":54}}]},"1":{"type":"branch","line":8,"loc":{"start":{"line":8,"column":46},"end":{"line":8,"column":91}},"locations":[{"start":{"line":8,"column":46},"end":{"line":8,"column":91}}]},"2":{"type":"branch","line":10,"loc":{"start":{"line":10,"column":46},"end":{"line":12,"column":1}},"locations":[{"start":{"line":10,"column":46},"end":{"line":12,"column":1}}]},"3":{"type":"branch","line":13,"loc":{"start":{"line":13,"column":23},"end":{"line":15,"column":1}},"locations":[{"start":{"line":13,"column":23},"end":{"line":15,"column":1}}]},"4":{"type":"branch","line":22,"loc":{"start":{"line":22,"column":0},"end":{"line":37,"column":1}},"locations":[{"start":{"line":22,"column":0},"end":{"line":37,"column":1}}]},"5":{"type":"branch","line":32,"loc":{"start":{"line":32,"column":2},"end":{"line":36,"column":3}},"locations":[{"start":{"line":32,"column":2},"end":{"line":36,"column":3}}]},"6":{"type":"branch","line":39,"loc":{"start":{"line":39,"column":0},"end":{"line":41,"column":1}},"locations":[{"start":{"line":39,"column":0},"end":{"line":41,"column":1}}]},"7":{"type":"branch","line":43,"loc":{"start":{"line":43,"column":0},"end":{"line":57,"column":1}},"locations":[{"start":{"line":43,"column":0},"end":{"line":57,"column":1}}]},"8":{"type":"branch","line":45,"loc":{"start":{"line":45,"column":19},"end":{"line":48,"column":47}},"locations":[{"start":{"line":45,"column":19},"end":{"line":48,"column":47}}]},"9":{"type":"branch","line":48,"loc":{"start":{"line":48,"column":47},"end":{"line":57,"column":1}},"locations":[{"start":{"line":48,"column":47},"end":{"line":57,"column":1}}]},"10":{"type":"branch","line":65,"loc":{"start":{"line":65,"column":0},"end":{"line":80,"column":1}},"locations":[{"start":{"line":65,"column":0},"end":{"line":80,"column":1}}]},"11":{"type":"branch","line":66,"loc":{"start":{"line":66,"column":29},"end":{"line":66,"column":36}},"locations":[{"start":{"line":66,"column":29},"end":{"line":66,"column":36}}]},"12":{"type":"branch","line":67,"loc":{"start":{"line":67,"column":41},"end":{"line":69,"column":51}},"locations":[{"start":{"line":67,"column":41},"end":{"line":69,"column":51}}]},"13":{"type":"branch","line":74,"loc":{"start":{"line":74,"column":16},"end":{"line":74,"column":33}},"locations":[{"start":{"line":74,"column":16},"end":{"line":74,"column":33}}]}},"b":{"0":[0],"1":[0],"2":[0],"3":[0],"4":[525],"5":[0],"6":[2],"7":[24],"8":[0],"9":[0],"10":[525],"11":[0],"12":[0],"13":[0]},"fnMap":{"0":{"name":"query","decl":{"start":{"line":22,"column":0},"end":{"line":37,"column":1}},"loc":{"start":{"line":22,"column":0},"end":{"line":37,"column":1}},"line":22},"1":{"name":"closePool","decl":{"start":{"line":39,"column":0},"end":{"line":41,"column":1}},"loc":{"start":{"line":39,"column":0},"end":{"line":41,"column":1}},"line":39},"2":{"name":"resolveSlowQueryThreshold","decl":{"start":{"line":43,"column":0},"end":{"line":57,"column":1}},"loc":{"start":{"line":43,"column":0},"end":{"line":57,"column":1}},"line":43},"3":{"name":"summarizeQuery","decl":{"start":{"line":59,"column":0},"end":{"line":63,"column":1}},"loc":{"start":{"line":59,"column":0},"end":{"line":63,"column":1}},"line":59},"4":{"name":"maybeLogSlowQuery","decl":{"start":{"line":65,"column":0},"end":{"line":80,"column":1}},"loc":{"start":{"line":65,"column":0},"end":{"line":80,"column":1}},"line":65}},"f":{"0":525,"1":2,"2":24,"3":0,"4":525}}
,"D:\\GB-Mobile-Application--Android---iOS-\\backend\\src\\config\\limits.ts": {"path":"D:\\GB-Mobile-Application--Android---iOS-\\backend\\src\\config\\limits.ts","all":false,"statementMap":{"0":{"start":{"line":1,"column":0},"end":{"line":1,"column":55}},"1":{"start":{"line":2,"column":0},"end":{"line":2,"column":57}},"3":{"start":{"line":4,"column":0},"end":{"line":4,"column":39}},"4":{"start":{"line":5,"column":0},"end":{"line":5,"column":40}},"5":{"start":{"line":6,"column":0},"end":{"line":6,"column":45}},"6":{"start":{"line":7,"column":0},"end":{"line":7,"column":40}}},"s":{"0":1,"1":1,"3":1,"4":1,"5":1,"6":1},"branchMap":{},"b":{},"fnMap":{},"f":{}}
,"D:\\GB-Mobile-Application--Android---iOS-\\backend\\src\\config\\logger.ts": {"path":"D:\\GB-Mobile-Application--Android---iOS-\\backend\\src\\config\\logger.ts","all":false,"statementMap":{"0":{"start":{"line":1,"column":0},"end":{"line":1,"column":24}},"3":{"start":{"line":4,"column":0},"end":{"line":4,"column":54}},"4":{"start":{"line":5,"column":0},"end":{"line":5,"column":49}},"6":{"start":{"line":7,"column":0},"end":{"line":7,"column":28}},"7":{"start":{"line":8,"column":0},"end":{"line":8,"column":18}},"8":{"start":{"line":9,"column":0},"end":{"line":9,"column":9}},"9":{"start":{"line":10,"column":0},"end":{"line":10,"column":32}},"10":{"start":{"line":11,"column":0},"end":{"line":11,"column":17}},"11":{"start":{"line":12,"column":0},"end":{"line":12,"column":4}},"12":{"start":{"line":13,"column":0},"end":{"line":13,"column":11}},"13":{"start":{"line":14,"column":0},"end":{"line":14,"column":40}},"14":{"start":{"line":15,"column":0},"end":{"line":15,"column":70}},"15":{"start":{"line":16,"column":0},"end":{"line":16,"column":4}},"16":{"start":{"line":17,"column":0},"end":{"line":17,"column":3}}},"s":{"0":1,"3":1,"4":1,"6":1,"7":1,"8":1,"9":1,"10":1,"11":1,"12":1,"13":450,"14":450,"15":450,"16":1},"branchMap":{"0":{"type":"branch","line":4,"loc":{"start":{"line":4,"column":28},"end":{"line":4,"column":54}},"locations":[{"start":{"line":4,"column":28},"end":{"line":4,"column":54}}]},"1":{"type":"branch","line":5,"loc":{"start":{"line":5,"column":29},"end":{"line":5,"column":49}},"locations":[{"start":{"line":5,"column":29},"end":{"line":5,"column":49}}]},"2":{"type":"branch","line":13,"loc":{"start":{"line":13,"column":2},"end":{"line":16,"column":4}},"locations":[{"start":{"line":13,"column":2},"end":{"line":16,"column":4}}]},"3":{"type":"branch","line":15,"loc":{"start":{"line":15,"column":11},"end":{"line":15,"column":32}},"locations":[{"start":{"line":15,"column":11},"end":{"line":15,"column":32}}]},"4":{"type":"branch","line":15,"loc":{"start":{"line":15,"column":20},"end":{"line":15,"column":67}},"locations":[{"start":{"line":15,"column":20},"end":{"line":15,"column":67}}]},"5":{"type":"branch","line":15,"loc":{"start":{"line":15,"column":63},"end":{"line":15,"column":70}},"locations":[{"start":{"line":15,"column":63},"end":{"line":15,"column":70}}]}},"b":{"0":[0],"1":[0],"2":[450],"3":[437],"4":[437],"5":[13]},"fnMap":{"0":{"name":"mixin","decl":{"start":{"line":13,"column":2},"end":{"line":16,"column":4}},"loc":{"start":{"line":13,"column":2},"end":{"line":16,"column":4}},"line":13}},"f":{"0":450}}
,"D:\\GB-Mobile-Application--Android---iOS-\\backend\\src\\config\\requestContext.ts": {"path":"D:\\GB-Mobile-Application--Android---iOS-\\backend\\src\\config\\requestContext.ts","all":false,"statementMap":{"0":{"start":{"line":1,"column":0},"end":{"line":1,"column":48}},"6":{"start":{"line":7,"column":0},"end":{"line":7,"column":54}},"8":{"start":{"line":9,"column":0},"end":{"line":9,"column":80}},"9":{"start":{"line":10,"column":0},"end":{"line":10,"column":32}},"10":{"start":{"line":11,"column":0},"end":{"line":11,"column":1}},"12":{"start":{"line":13,"column":0},"end":{"line":13,"column":37}},"13":{"start":{"line":14,"column":0},"end":{"line":14,"column":26}},"14":{"start":{"line":15,"column":0},"end":{"line":15,"column":1}},"16":{"start":{"line":17,"column":0},"end":{"line":17,"column":60}},"17":{"start":{"line":18,"column":0},"end":{"line":18,"column":27}},"18":{"start":{"line":19,"column":0},"end":{"line":19,"column":1}}},"s":{"0":1,"6":1,"8":1,"9":229,"10":229,"12":1,"13":450,"14":450,"16":1,"17":0,"18":0},"branchMap":{"0":{"type":"branch","line":9,"loc":{"start":{"line":9,"column":7},"end":{"line":11,"column":1}},"locations":[{"start":{"line":9,"column":7},"end":{"line":11,"column":1}}]},"1":{"type":"branch","line":13,"loc":{"start":{"line":13,"column":7},"end":{"line":15,"column":1}},"locations":[{"start":{"line":13,"column":7},"end":{"line":15,"column":1}}]}},"b":{"0":[229],"1":[450]},"fnMap":{"0":{"name":"runWithRequestContext","decl":{"start":{"line":9,"column":7},"end":{"line":11,"column":1}},"loc":{"start":{"line":9,"column":7},"end":{"line":11,"column":1}},"line":9},"1":{"name":"getRequestContext","decl":{"start":{"line":13,"column":7},"end":{"line":15,"column":1}},"loc":{"start":{"line":13,"column":7},"end":{"line":15,"column":1}},"line":13},"2":{"name":"setRequestContext","decl":{"start":{"line":17,"column":7},"end":{"line":19,"column":1}},"loc":{"start":{"line":17,"column":7},"end":{"line":19,"column":1}},"line":17}},"f":{"0":229,"1":450,"2":0}}
,"D:\\GB-Mobile-Application--Android---iOS-\\backend\\src\\config\\storage.ts": {"path":"D:\\GB-Mobile-Application--Android---iOS-\\backend\\src\\config\\storage.ts","all":false,"statementMap":{"0":{"start":{"line":1,"column":0},"end":{"line":1,"column":20}},"3":{"start":{"line":4,"column":0},"end":{"line":4,"column":49}},"4":{"start":{"line":5,"column":0},"end":{"line":5,"column":47}},"5":{"start":{"line":6,"column":0},"end":{"line":6,"column":45}},"7":{"start":{"line":8,"column":0},"end":{"line":8,"column":56}},"9":{"start":{"line":10,"column":0},"end":{"line":10,"column":34}},"10":{"start":{"line":11,"column":0},"end":{"line":11,"column":21}},"11":{"start":{"line":12,"column":0},"end":{"line":12,"column":1}},"13":{"start":{"line":14,"column":0},"end":{"line":14,"column":37}},"14":{"start":{"line":15,"column":0},"end":{"line":15,"column":17}},"15":{"start":{"line":16,"column":0},"end":{"line":16,"column":1}},"17":{"start":{"line":18,"column":0},"end":{"line":18,"column":34}},"18":{"start":{"line":19,"column":0},"end":{"line":19,"column":47}},"19":{"start":{"line":20,"column":0},"end":{"line":20,"column":81}},"20":{"start":{"line":21,"column":0},"end":{"line":21,"column":1}},"22":{"start":{"line":23,"column":0},"end":{"line":23,"column":50}},"23":{"start":{"line":24,"column":0},"end":{"line":24,"column":65}},"24":{"start":{"line":25,"column":0},"end":{"line":25,"column":1}},"26":{"start":{"line":27,"column":0},"end":{"line":27,"column":47}},"27":{"start":{"line":28,"column":0},"end":{"line":28,"column":41}},"28":{"start":{"line":29,"column":0},"end":{"line":29,"column":52}},"29":{"start":{"line":30,"column":0},"end":{"line":30,"column":53}},"30":{"start":{"line":31,"column":0},"end":{"line":31,"column":44}},"31":{"start":{"line":32,"column":0},"end":{"line":32,"column":3}},"32":{"start":{"line":33,"column":0},"end":{"line":33,"column":26}},"33":{"start":{"line":34,"column":0},"end":{"line":34,"column":1}},"35":{"start":{"line":36,"column":0},"end":{"line":36,"column":56}},"36":{"start":{"line":37,"column":0},"end":{"line":37,"column":56}},"37":{"start":{"line":38,"column":0},"end":{"line":38,"column":1}},"39":{"start":{"line":40,"column":0},"end":{"line":40,"column":50}},"40":{"start":{"line":41,"column":0},"end":{"line":41,"column":61}},"41":{"start":{"line":42,"column":0},"end":{"line":42,"column":44}},"42":{"start":{"line":43,"column":0},"end":{"line":43,"column":1}},"44":{"start":{"line":45,"column":0},"end":{"line":45,"column":54}},"45":{"start":{"line":46,"column":0},"end":{"line":46,"column":54}},"46":{"start":{"line":47,"column":0},"end":{"line":47,"column":16}},"47":{"start":{"line":48,"column":0},"end":{"line":48,"column":57}},"48":{"start":{"line":49,"column":0},"end":{"line":49,"column":3}},"49":{"start":{"line":50,"column":0},"end":{"line":50,"column":32}},"50":{"start":{"line":51,"column":0},"end":{"line":51,"column":1}},"52":{"start":{"line":53,"column":0},"end":{"line":53,"column":98}},"53":{"start":{"line":54,"column":0},"end":{"line":54,"column":45}},"54":{"start":{"line":55,"column":0},"end":{"line":55,"column":41}},"55":{"start":{"line":56,"column":0},"end":{"line":56,"column":53}},"56":{"start":{"line":57,"column":0},"end":{"line":57,"column":26}},"57":{"start":{"line":58,"column":0},"end":{"line":58,"column":80}},"58":{"start":{"line":59,"column":0},"end":{"line":59,"column":4}},"59":{"start":{"line":60,"column":0},"end":{"line":60,"column":1}},"61":{"start":{"line":62,"column":0},"end":{"line":62,"column":98}},"62":{"start":{"line":63,"column":0},"end":{"line":63,"column":45}},"63":{"start":{"line":64,"column":0},"end":{"line":64,"column":41}},"64":{"start":{"line":65,"column":0},"end":{"line":65,"column":43}},"65":{"start":{"line":66,"column":0},"end":{"line":66,"column":47}},"66":{"start":{"line":67,"column":0},"end":{"line":67,"column":26}},"67":{"start":{"line":68,"column":0},"end":{"line":68,"column":87}},"68":{"start":{"line":69,"column":0},"end":{"line":69,"column":4}},"69":{"start":{"line":70,"column":0},"end":{"line":70,"column":1}}},"s":{"0":1,"3":1,"4":1,"5":0,"7":1,"9":1,"10":31,"11":31,"13":1,"14":0,"15":0,"17":2,"18":2,"19":2,"20":2,"22":1,"23":17,"24":17,"26":2,"27":2,"28":2,"29":2,"30":0,"31":0,"32":2,"33":2,"35":2,"36":2,"37":2,"39":1,"40":2,"41":2,"42":2,"44":1,"45":7,"46":7,"47":7,"48":7,"49":0,"50":0,"52":1,"53":1,"54":1,"55":1,"56":1,"57":1,"58":1,"59":1,"61":1,"62":1,"63":1,"64":1,"65":1,"66":1,"67":1,"68":1,"69":1},"branchMap":{"0":{"type":"branch","line":5,"loc":{"start":{"line":5,"column":46},"end":{"line":6,"column":45}},"locations":[{"start":{"line":5,"column":46},"end":{"line":6,"column":45}}]},"1":{"type":"branch","line":8,"loc":{"start":{"line":8,"column":28},"end":{"line":8,"column":56}},"locations":[{"start":{"line":8,"column":28},"end":{"line":8,"column":56}}]},"2":{"type":"branch","line":10,"loc":{"start":{"line":10,"column":7},"end":{"line":12,"column":1}},"locations":[{"start":{"line":10,"column":7},"end":{"line":12,"column":1}}]},"3":{"type":"branch","line":18,"loc":{"start":{"line":18,"column":0},"end":{"line":21,"column":1}},"locations":[{"start":{"line":18,"column":0},"end":{"line":21,"column":1}}]},"4":{"type":"branch","line":20,"loc":{"start":{"line":20,"column":37},"end":{"line":20,"column":54}},"locations":[{"start":{"line":20,"column":37},"end":{"line":20,"column":54}}]},"5":{"type":"branch","line":23,"loc":{"start":{"line":23,"column":7},"end":{"line":25,"column":1}},"locations":[{"start":{"line":23,"column":7},"end":{"line":25,"column":1}}]},"6":{"type":"branch","line":27,"loc":{"start":{"line":27,"column":0},"end":{"line":34,"column":1}},"locations":[{"start":{"line":27,"column":0},"end":{"line":34,"column":1}}]},"7":{"type":"branch","line":30,"loc":{"start":{"line":30,"column":52},"end":{"line":32,"column":3}},"locations":[{"start":{"line":30,"column":52},"end":{"line":32,"column":3}}]},"8":{"type":"branch","line":36,"loc":{"start":{"line":36,"column":0},"end":{"line":38,"column":1}},"locations":[{"start":{"line":36,"column":0},"end":{"line":38,"column":1}}]},"9":{"type":"branch","line":40,"loc":{"start":{"line":40,"column":7},"end":{"line":43,"column":1}},"locations":[{"start":{"line":40,"column":7},"end":{"line":43,"column":1}}]},"10":{"type":"branch","line":45,"loc":{"start":{"line":45,"column":7},"end":{"line":51,"column":1}},"locations":[{"start":{"line":45,"column":7},"end":{"line":51,"column":1}}]},"11":{"type":"branch","line":49,"loc":{"start":{"line":49,"column":2},"end":{"line":51,"column":1}},"locations":[{"start":{"line":49,"column":2},"end":{"line":51,"column":1}}]},"12":{"type":"branch","line":53,"loc":{"start":{"line":53,"column":7},"end":{"line":60,"column":1}},"locations":[{"start":{"line":53,"column":7},"end":{"line":60,"column":1}}]},"13":{"type":"branch","line":62,"loc":{"start":{"line":62,"column":7},"end":{"line":70,"column":1}},"locations":[{"start":{"line":62,"column":7},"end":{"line":70,"column":1}}]}},"b":{"0":[0],"1":[0],"2":[31],"3":[2],"4":[0],"5":[17],"6":[2],"7":[0],"8":[2],"9":[2],"10":[7],"11":[0],"12":[1],"13":[1]},"fnMap":{"0":{"name":"getStorageRoot","decl":{"start":{"line":10,"column":7},"end":{"line":12,"column":1}},"loc":{"start":{"line":10,"column":7},"end":{"line":12,"column":1}},"line":10},"1":{"name":"getStorageBaseUrl","decl":{"start":{"line":14,"column":7},"end":{"line":16,"column":1}},"loc":{"start":{"line":14,"column":7},"end":{"line":16,"column":1}},"line":14},"2":{"name":"normalizeRoot","decl":{"start":{"line":18,"column":0},"end":{"line":21,"column":1}},"loc":{"start":{"line":18,"column":0},"end":{"line":21,"column":1}},"line":18},"3":{"name":"sanitizeSegment","decl":{"start":{"line":23,"column":7},"end":{"line":25,"column":1}},"loc":{"start":{"line":23,"column":7},"end":{"line":25,"column":1}},"line":23},"4":{"name":"ensureWithinRoot","decl":{"start":{"line":27,"column":0},"end":{"line":34,"column":1}},"loc":{"start":{"line":27,"column":0},"end":{"line":34,"column":1}},"line":27},"5":{"name":"ensureDirExists","decl":{"start":{"line":36,"column":0},"end":{"line":38,"column":1}},"loc":{"start":{"line":36,"column":0},"end":{"line":38,"column":1}},"line":36},"6":{"name":"toRelativePath","decl":{"start":{"line":40,"column":7},"end":{"line":43,"column":1}},"loc":{"start":{"line":40,"column":7},"end":{"line":43,"column":1}},"line":40},"7":{"name":"buildPublicUrl","decl":{"start":{"line":45,"column":7},"end":{"line":51,"column":1}},"loc":{"start":{"line":45,"column":7},"end":{"line":51,"column":1}},"line":45},"8":{"name":"getWorkOrderAttachmentPath","decl":{"start":{"line":53,"column":7},"end":{"line":60,"column":1}},"loc":{"start":{"line":53,"column":7},"end":{"line":60,"column":1}},"line":53},"9":{"name":"getDocumentPath","decl":{"start":{"line":62,"column":7},"end":{"line":70,"column":1}},"loc":{"start":{"line":62,"column":7},"end":{"line":70,"column":1}},"line":62}},"f":{"0":31,"1":0,"2":2,"3":17,"4":2,"5":2,"6":2,"7":7,"8":1,"9":1}}
,"D:\\GB-Mobile-Application--Android---iOS-\\backend\\src\\config\\vendorGuards.ts": {"path":"D:\\GB-Mobile-Application--Android---iOS-\\backend\\src\\config\\vendorGuards.ts","all":false,"statementMap":{"0":{"start":{"line":1,"column":0},"end":{"line":1,"column":34}},"2":{"start":{"line":3,"column":0},"end":{"line":3,"column":49}},"3":{"start":{"line":4,"column":0},"end":{"line":4,"column":30}},"4":{"start":{"line":5,"column":0},"end":{"line":5,"column":30}},"5":{"start":{"line":6,"column":0},"end":{"line":6,"column":25}},"6":{"start":{"line":7,"column":0},"end":{"line":7,"column":18}},"7":{"start":{"line":8,"column":0},"end":{"line":8,"column":32}},"8":{"start":{"line":9,"column":0},"end":{"line":9,"column":2}},"10":{"start":{"line":11,"column":0},"end":{"line":11,"column":87}},"11":{"start":{"line":12,"column":0},"end":{"line":12,"column":52}},"12":{"start":{"line":13,"column":0},"end":{"line":13,"column":87}},"13":{"start":{"line":14,"column":0},"end":{"line":14,"column":10}},"14":{"start":{"line":15,"column":0},"end":{"line":15,"column":13}},"15":{"start":{"line":16,"column":0},"end":{"line":16,"column":13}},"16":{"start":{"line":17,"column":0},"end":{"line":17,"column":53}},"17":{"start":{"line":18,"column":0},"end":{"line":18,"column":63}},"18":{"start":{"line":19,"column":0},"end":{"line":19,"column":76}},"19":{"start":{"line":20,"column":0},"end":{"line":20,"column":80}},"20":{"start":{"line":21,"column":0},"end":{"line":21,"column":4}},"21":{"start":{"line":22,"column":0},"end":{"line":22,"column":1}},"23":{"start":{"line":24,"column":0},"end":{"line":24,"column":90}},"24":{"start":{"line":25,"column":0},"end":{"line":25,"column":48}},"26":{"start":{"line":27,"column":0},"end":{"line":27,"column":56}},"27":{"start":{"line":28,"column":0},"end":{"line":28,"column":16}},"28":{"start":{"line":29,"column":0},"end":{"line":29,"column":56}},"29":{"start":{"line":30,"column":0},"end":{"line":30,"column":106}},"30":{"start":{"line":31,"column":0},"end":{"line":31,"column":6}},"32":{"start":{"line":33,"column":0},"end":{"line":33,"column":3}},"34":{"start":{"line":35,"column":0},"end":{"line":35,"column":73}},"35":{"start":{"line":36,"column":0},"end":{"line":36,"column":1}}},"s":{"0":1,"2":1,"3":1,"4":1,"5":1,"6":1,"7":1,"8":1,"10":1,"11":21,"12":21,"13":21,"14":21,"15":21,"16":21,"17":21,"18":21,"19":21,"20":21,"21":21,"23":1,"24":2,"26":2,"27":1,"28":1,"29":1,"30":1,"32":1,"34":2,"35":2},"branchMap":{"0":{"type":"branch","line":11,"loc":{"start":{"line":11,"column":7},"end":{"line":22,"column":1}},"locations":[{"start":{"line":11,"column":7},"end":{"line":22,"column":1}}]},"1":{"type":"branch","line":11,"loc":{"start":{"line":11,"column":59},"end":{"line":11,"column":86}},"locations":[{"start":{"line":11,"column":59},"end":{"line":11,"column":86}}]},"2":{"type":"branch","line":13,"loc":{"start":{"line":13,"column":47},"end":{"line":13,"column":85}},"locations":[{"start":{"line":13,"column":47},"end":{"line":13,"column":85}}]},"3":{"type":"branch","line":24,"loc":{"start":{"line":24,"column":7},"end":{"line":36,"column":1}},"locations":[{"start":{"line":24,"column":7},"end":{"line":36,"column":1}}]},"4":{"type":"branch","line":24,"loc":{"start":{"line":24,"column":62},"end":{"line":24,"column":89}},"locations":[{"start":{"line":24,"column":62},"end":{"line":24,"column":89}}]},"5":{"type":"branch","line":27,"loc":{"start":{"line":27,"column":14},"end":{"line":27,"column":55}},"locations":[{"start":{"line":27,"column":14},"end":{"line":27,"column":55}}]},"6":{"type":"branch","line":27,"loc":{"start":{"line":27,"column":55},"end":{"line":33,"column":3}},"locations":[{"start":{"line":27,"column":55},"end":{"line":33,"column":3}}]}},"b":{"0":[21],"1":[0],"2":[84],"3":[2],"4":[0],"5":[1],"6":[1]},"fnMap":{"0":{"name":"getVendorFlagSummary","decl":{"start":{"line":11,"column":7},"end":{"line":22,"column":1}},"loc":{"start":{"line":11,"column":7},"end":{"line":22,"column":1}},"line":11},"1":{"name":"checkVendorDisableFlags","decl":{"start":{"line":24,"column":7},"end":{"line":36,"column":1}},"loc":{"start":{"line":24,"column":7},"end":{"line":36,"column":1}},"line":24}},"f":{"0":21,"1":2}}
,"D:\\GB-Mobile-Application--Android---iOS-\\backend\\src\\config\\vendorMqttControl.ts": {"path":"D:\\GB-Mobile-Application--Android---iOS-\\backend\\src\\config\\vendorMqttControl.ts","all":false,"statementMap":{"0":{"start":{"line":1,"column":0},"end":{"line":1,"column":34}},"2":{"start":{"line":3,"column":0},"end":{"line":3,"column":57}},"3":{"start":{"line":4,"column":0},"end":{"line":4,"column":78}},"4":{"start":{"line":5,"column":0},"end":{"line":5,"column":47}},"5":{"start":{"line":6,"column":0},"end":{"line":6,"column":42}},"34":{"start":{"line":35,"column":0},"end":{"line":35,"column":30}},"35":{"start":{"line":36,"column":0},"end":{"line":36,"column":33}},"37":{"start":{"line":38,"column":0},"end":{"line":38,"column":32}},"38":{"start":{"line":39,"column":0},"end":{"line":39,"column":31}},"39":{"start":{"line":40,"column":0},"end":{"line":40,"column":24}},"40":{"start":{"line":41,"column":0},"end":{"line":41,"column":29}},"41":{"start":{"line":42,"column":0},"end":{"line":42,"column":47}},"42":{"start":{"line":43,"column":0},"end":{"line":43,"column":1}},"44":{"start":{"line":45,"column":0},"end":{"line":45,"column":67}},"45":{"start":{"line":46,"column":0},"end":{"line":46,"column":30}},"46":{"start":{"line":47,"column":0},"end":{"line":47,"column":31}},"47":{"start":{"line":48,"column":0},"end":{"line":48,"column":63}},"48":{"start":{"line":49,"column":0},"end":{"line":49,"column":16}},"49":{"start":{"line":50,"column":0},"end":{"line":50,"column":1}},"51":{"start":{"line":52,"column":0},"end":{"line":52,"column":78}},"52":{"start":{"line":53,"column":0},"end":{"line":53,"column":56}},"53":{"start":{"line":54,"column":0},"end":{"line":54,"column":35}},"54":{"start":{"line":55,"column":0},"end":{"line":55,"column":45}},"55":{"start":{"line":56,"column":0},"end":{"line":56,"column":45}},"56":{"start":{"line":57,"column":0},"end":{"line":57,"column":85}},"57":{"start":{"line":58,"column":0},"end":{"line":58,"column":44}},"58":{"start":{"line":59,"column":0},"end":{"line":59,"column":40}},"59":{"start":{"line":60,"column":0},"end":{"line":60,"column":35}},"60":{"start":{"line":61,"column":0},"end":{"line":61,"column":4}},"61":{"start":{"line":62,"column":0},"end":{"line":62,"column":58}},"62":{"start":{"line":63,"column":0},"end":{"line":63,"column":95}},"63":{"start":{"line":64,"column":0},"end":{"line":64,"column":90}},"64":{"start":{"line":65,"column":0},"end":{"line":65,"column":29}},"65":{"start":{"line":66,"column":0},"end":{"line":66,"column":3}},"67":{"start":{"line":68,"column":0},"end":{"line":68,"column":10}},"68":{"start":{"line":69,"column":0},"end":{"line":69,"column":8}},"69":{"start":{"line":70,"column":0},"end":{"line":70,"column":13}},"70":{"start":{"line":71,"column":0},"end":{"line":71,"column":13}},"71":{"start":{"line":72,"column":0},"end":{"line":72,"column":19}},"72":{"start":{"line":73,"column":0},"end":{"line":73,"column":21}},"73":{"start":{"line":74,"column":0},"end":{"line":74,"column":13}},"74":{"start":{"line":75,"column":0},"end":{"line":75,"column":42}},"75":{"start":{"line":76,"column":0},"end":{"line":76,"column":16}},"76":{"start":{"line":77,"column":0},"end":{"line":77,"column":4}},"77":{"start":{"line":78,"column":0},"end":{"line":78,"column":1}},"79":{"start":{"line":80,"column":0},"end":{"line":80,"column":84}},"80":{"start":{"line":81,"column":0},"end":{"line":81,"column":63}},"81":{"start":{"line":82,"column":0},"end":{"line":82,"column":45}},"82":{"start":{"line":83,"column":0},"end":{"line":83,"column":45}},"83":{"start":{"line":84,"column":0},"end":{"line":84,"column":64}},"84":{"start":{"line":85,"column":0},"end":{"line":85,"column":30}},"85":{"start":{"line":86,"column":0},"end":{"line":86,"column":78}},"86":{"start":{"line":87,"column":0},"end":{"line":87,"column":45}},"87":{"start":{"line":88,"column":0},"end":{"line":88,"column":44}},"88":{"start":{"line":89,"column":0},"end":{"line":89,"column":31}},"89":{"start":{"line":90,"column":0},"end":{"line":90,"column":4}},"91":{"start":{"line":92,"column":0},"end":{"line":92,"column":57}},"92":{"start":{"line":93,"column":0},"end":{"line":93,"column":35}},"94":{"start":{"line":95,"column":0},"end":{"line":95,"column":38}},"95":{"start":{"line":96,"column":0},"end":{"line":96,"column":23}},"96":{"start":{"line":97,"column":0},"end":{"line":97,"column":70}},"97":{"start":{"line":98,"column":0},"end":{"line":98,"column":69}},"98":{"start":{"line":99,"column":0},"end":{"line":99,"column":50}},"99":{"start":{"line":100,"column":0},"end":{"line":100,"column":23}},"100":{"start":{"line":101,"column":0},"end":{"line":101,"column":51}},"101":{"start":{"line":102,"column":0},"end":{"line":102,"column":59}},"102":{"start":{"line":103,"column":0},"end":{"line":103,"column":3}},"104":{"start":{"line":105,"column":0},"end":{"line":105,"column":98}},"105":{"start":{"line":106,"column":0},"end":{"line":106,"column":94}},"106":{"start":{"line":107,"column":0},"end":{"line":107,"column":32}},"107":{"start":{"line":108,"column":0},"end":{"line":108,"column":3}},"109":{"start":{"line":110,"column":0},"end":{"line":110,"column":10}},"110":{"start":{"line":111,"column":0},"end":{"line":111,"column":14}},"111":{"start":{"line":112,"column":0},"end":{"line":112,"column":13}},"112":{"start":{"line":113,"column":0},"end":{"line":113,"column":48}},"113":{"start":{"line":114,"column":0},"end":{"line":114,"column":11}},"114":{"start":{"line":115,"column":0},"end":{"line":115,"column":11}},"115":{"start":{"line":116,"column":0},"end":{"line":116,"column":28}},"116":{"start":{"line":117,"column":0},"end":{"line":117,"column":38}},"117":{"start":{"line":118,"column":0},"end":{"line":118,"column":38}},"118":{"start":{"line":119,"column":0},"end":{"line":119,"column":25}},"119":{"start":{"line":120,"column":0},"end":{"line":120,"column":22}},"120":{"start":{"line":121,"column":0},"end":{"line":121,"column":16}},"121":{"start":{"line":122,"column":0},"end":{"line":122,"column":4}},"122":{"start":{"line":123,"column":0},"end":{"line":123,"column":1}}},"s":{"0":1,"2":1,"3":1,"4":1,"5":1,"34":1,"35":1,"37":227,"38":227,"39":227,"40":44,"41":227,"42":227,"44":49,"45":49,"46":18,"47":49,"48":18,"49":18,"51":1,"52":31,"53":31,"54":31,"55":31,"56":31,"57":31,"58":31,"59":31,"60":31,"61":31,"62":31,"63":0,"64":0,"65":0,"67":31,"68":31,"69":31,"70":31,"71":31,"72":31,"73":31,"74":31,"75":31,"76":31,"77":31,"79":1,"80":18,"81":18,"82":18,"83":18,"84":18,"85":18,"86":18,"87":18,"88":18,"89":18,"91":18,"92":18,"94":18,"95":2,"96":18,"97":0,"98":16,"99":10,"100":16,"101":4,"102":4,"104":18,"105":1,"106":1,"107":1,"109":18,"110":18,"111":18,"112":18,"113":18,"114":18,"115":18,"116":18,"117":18,"118":18,"119":18,"120":18,"121":18,"122":18},"branchMap":{"0":{"type":"branch","line":38,"loc":{"start":{"line":38,"column":0},"end":{"line":43,"column":1}},"locations":[{"start":{"line":38,"column":0},"end":{"line":43,"column":1}}]},"1":{"type":"branch","line":40,"loc":{"start":{"line":40,"column":12},"end":{"line":40,"column":24}},"locations":[{"start":{"line":40,"column":12},"end":{"line":40,"column":24}}]},"2":{"type":"branch","line":40,"loc":{"start":{"line":40,"column":19},"end":{"line":42,"column":39}},"locations":[{"start":{"line":40,"column":19},"end":{"line":42,"column":39}}]},"3":{"type":"branch","line":40,"loc":{"start":{"line":40,"column":19},"end":{"line":42,"column":32}},"locations":[{"start":{"line":40,"column":19},"end":{"line":42,"column":32}}]},"4":{"type":"branch","line":42,"loc":{"start":{"line":42,"column":28},"end":{"line":42,"column":39}},"locations":[{"start":{"line":42,"column":28},"end":{"line":42,"column":39}}]},"5":{"type":"branch","line":42,"loc":{"start":{"line":42,"column":32},"end":{"line":42,"column":47}},"locations":[{"start":{"line":42,"column":32},"end":{"line":42,"column":47}}]},"6":{"type":"branch","line":45,"loc":{"start":{"line":45,"column":0},"end":{"line":50,"column":1}},"locations":[{"start":{"line":45,"column":0},"end":{"line":50,"column":1}}]},"7":{"type":"branch","line":46,"loc":{"start":{"line":46,"column":14},"end":{"line":48,"column":47}},"locations":[{"start":{"line":46,"column":14},"end":{"line":48,"column":47}}]},"8":{"type":"branch","line":46,"loc":{"start":{"line":46,"column":21},"end":{"line":48,"column":47}},"locations":[{"start":{"line":46,"column":21},"end":{"line":48,"column":47}}]},"9":{"type":"branch","line":48,"loc":{"start":{"line":48,"column":47},"end":{"line":50,"column":1}},"locations":[{"start":{"line":48,"column":47},"end":{"line":50,"column":1}}]},"10":{"type":"branch","line":48,"loc":{"start":{"line":48,"column":47},"end":{"line":48,"column":63}},"locations":[{"start":{"line":48,"column":47},"end":{"line":48,"column":63}}]},"11":{"type":"branch","line":48,"loc":{"start":{"line":48,"column":54},"end":{"line":50,"column":1}},"locations":[{"start":{"line":48,"column":54},"end":{"line":50,"column":1}}]},"12":{"type":"branch","line":52,"loc":{"start":{"line":52,"column":7},"end":{"line":78,"column":1}},"locations":[{"start":{"line":52,"column":7},"end":{"line":78,"column":1}}]},"13":{"type":"branch","line":62,"loc":{"start":{"line":62,"column":22},"end":{"line":62,"column":40}},"locations":[{"start":{"line":62,"column":22},"end":{"line":62,"column":40}}]},"14":{"type":"branch","line":62,"loc":{"start":{"line":62,"column":34},"end":{"line":62,"column":45}},"locations":[{"start":{"line":62,"column":34},"end":{"line":62,"column":45}}]},"15":{"type":"branch","line":62,"loc":{"start":{"line":62,"column":41},"end":{"line":62,"column":58}},"locations":[{"start":{"line":62,"column":41},"end":{"line":62,"column":58}}]},"16":{"type":"branch","line":63,"loc":{"start":{"line":63,"column":7},"end":{"line":63,"column":45}},"locations":[{"start":{"line":63,"column":7},"end":{"line":63,"column":45}}]},"17":{"type":"branch","line":63,"loc":{"start":{"line":63,"column":40},"end":{"line":63,"column":74}},"locations":[{"start":{"line":63,"column":40},"end":{"line":63,"column":74}}]},"18":{"type":"branch","line":63,"loc":{"start":{"line":63,"column":65},"end":{"line":63,"column":94}},"locations":[{"start":{"line":63,"column":65},"end":{"line":63,"column":94}}]},"19":{"type":"branch","line":63,"loc":{"start":{"line":63,"column":94},"end":{"line":66,"column":3}},"locations":[{"start":{"line":63,"column":94},"end":{"line":66,"column":3}}]},"20":{"type":"branch","line":75,"loc":{"start":{"line":75,"column":17},"end":{"line":75,"column":42}},"locations":[{"start":{"line":75,"column":17},"end":{"line":75,"column":42}}]},"21":{"type":"branch","line":80,"loc":{"start":{"line":80,"column":7},"end":{"line":123,"column":1}},"locations":[{"start":{"line":80,"column":7},"end":{"line":123,"column":1}}]},"22":{"type":"branch","line":95,"loc":{"start":{"line":95,"column":7},"end":{"line":95,"column":29}},"locations":[{"start":{"line":95,"column":7},"end":{"line":95,"column":29}}]},"23":{"type":"branch","line":95,"loc":{"start":{"line":95,"column":19},"end":{"line":95,"column":37}},"locations":[{"start":{"line":95,"column":19},"end":{"line":95,"column":37}}]},"24":{"type":"branch","line":95,"loc":{"start":{"line":95,"column":37},"end":{"line":97,"column":13}},"locations":[{"start":{"line":95,"column":37},"end":{"line":97,"column":13}}]},"25":{"type":"branch","line":97,"loc":{"start":{"line":97,"column":2},"end":{"line":103,"column":3}},"locations":[{"start":{"line":97,"column":2},"end":{"line":103,"column":3}}]},"26":{"type":"branch","line":97,"loc":{"start":{"line":97,"column":14},"end":{"line":97,"column":48}},"locations":[{"start":{"line":97,"column":14},"end":{"line":97,"column":48}}]},"27":{"type":"branch","line":97,"loc":{"start":{"line":97,"column":37},"end":{"line":97,"column":69}},"locations":[{"start":{"line":97,"column":37},"end":{"line":97,"column":69}}]},"28":{"type":"branch","line":97,"loc":{"start":{"line":97,"column":69},"end":{"line":99,"column":13}},"locations":[{"start":{"line":97,"column":69},"end":{"line":99,"column":13}}]},"29":{"type":"branch","line":99,"loc":{"start":{"line":99,"column":14},"end":{"line":99,"column":49}},"locations":[{"start":{"line":99,"column":14},"end":{"line":99,"column":49}}]},"30":{"type":"branch","line":99,"loc":{"start":{"line":99,"column":49},"end":{"line":101,"column":13}},"locations":[{"start":{"line":99,"column":49},"end":{"line":101,"column":13}}]},"31":{"type":"branch","line":101,"loc":{"start":{"line":101,"column":2},"end":{"line":103,"column":3}},"locations":[{"start":{"line":101,"column":2},"end":{"line":103,"column":3}}]},"32":{"type":"branch","line":101,"loc":{"start":{"line":101,"column":14},"end":{"line":101,"column":50}},"locations":[{"start":{"line":101,"column":14},"end":{"line":101,"column":50}}]},"33":{"type":"branch","line":101,"loc":{"start":{"line":101,"column":50},"end":{"line":103,"column":3}},"locations":[{"start":{"line":101,"column":50},"end":{"line":103,"column":3}}]},"34":{"type":"branch","line":105,"loc":{"start":{"line":105,"column":7},"end":{"line":105,"column":45}},"locations":[{"start":{"line":105,"column":7},"end":{"line":105,"column":45}}]},"35":{"type":"branch","line":105,"loc":{"start":{"line":105,"column":40},"end":{"line":105,"column":74}},"locations":[{"start":{"line":105,"column":40},"end":{"line":105,"column":74}}]},"36":{"type":"branch","line":105,"loc":{"start":{"line":105,"column":65},"end":{"line":105,"column":97}},"locations":[{"start":{"line":105,"column":65},"end":{"line":105,"column":97}}]},"37":{"type":"branch","line":105,"loc":{"start":{"line":105,"column":97},"end":{"line":108,"column":3}},"locations":[{"start":{"line":105,"column":97},"end":{"line":108,"column":3}}]},"38":{"type":"branch","line":113,"loc":{"start":{"line":113,"column":17},"end":{"line":113,"column":48}},"locations":[{"start":{"line":113,"column":17},"end":{"line":113,"column":48}}]}},"b":{"0":[227],"1":[183],"2":[202],"3":[44],"4":[0],"5":[44],"6":[49],"7":[31],"8":[18],"9":[36],"10":[0],"11":[18],"12":[31],"13":[29],"14":[22],"15":[9],"16":[29],"17":[9],"18":[0],"19":[0],"20":[29],"21":[18],"22":[16],"23":[2],"24":[2],"25":[16],"26":[14],"27":[0],"28":[0],"29":[14],"30":[10],"31":[6],"32":[4],"33":[4],"34":[16],"35":[4],"36":[2],"37":[1],"38":[16]},"fnMap":{"0":{"name":"cleanEnv","decl":{"start":{"line":38,"column":0},"end":{"line":43,"column":1}},"loc":{"start":{"line":38,"column":0},"end":{"line":43,"column":1}},"line":38},"1":{"name":"parsePositiveInt","decl":{"start":{"line":45,"column":0},"end":{"line":50,"column":1}},"loc":{"start":{"line":45,"column":0},"end":{"line":50,"column":1}},"line":45},"2":{"name":"getVendorMqttConfig","decl":{"start":{"line":52,"column":7},"end":{"line":78,"column":1}},"loc":{"start":{"line":52,"column":7},"end":{"line":78,"column":1}},"line":52},"3":{"name":"getVendorControlConfig","decl":{"start":{"line":80,"column":7},"end":{"line":123,"column":1}},"loc":{"start":{"line":80,"column":7},"end":{"line":123,"column":1}},"line":80}},"f":{"0":227,"1":49,"2":31,"3":18}}
,"D:\\GB-Mobile-Application--Android---iOS-\\backend\\src\\config\\version.ts": {"path":"D:\\GB-Mobile-Application--Android---iOS-\\backend\\src\\config\\version.ts","all":false,"statementMap":{"0":{"start":{"line":1,"column":0},"end":{"line":1,"column":39}},"2":{"start":{"line":3,"column":0},"end":{"line":3,"column":41}},"3":{"start":{"line":4,"column":0},"end":{"line":4,"column":87}},"4":{"start":{"line":5,"column":0},"end":{"line":5,"column":1}}},"s":{"0":1,"2":1,"3":16,"4":16},"branchMap":{"0":{"type":"branch","line":3,"loc":{"start":{"line":3,"column":7},"end":{"line":5,"column":1}},"locations":[{"start":{"line":3,"column":7},"end":{"line":5,"column":1}}]},"1":{"type":"branch","line":4,"loc":{"start":{"line":4,"column":21},"end":{"line":4,"column":71}},"locations":[{"start":{"line":4,"column":21},"end":{"line":4,"column":71}}]},"2":{"type":"branch","line":4,"loc":{"start":{"line":4,"column":48},"end":{"line":4,"column":87}},"locations":[{"start":{"line":4,"column":48},"end":{"line":4,"column":87}}]}},"b":{"0":[16],"1":[0],"2":[0]},"fnMap":{"0":{"name":"getAppVersion","decl":{"start":{"line":3,"column":7},"end":{"line":5,"column":1}},"loc":{"start":{"line":3,"column":7},"end":{"line":5,"column":1}},"line":3}},"f":{"0":16}}
,"D:\\GB-Mobile-Application--Android---iOS-\\backend\\src\\middleware\\corsConfig.ts": {"path":"D:\\GB-Mobile-Application--Android---iOS-\\backend\\src\\middleware\\corsConfig.ts","all":false,"statementMap":{"0":{"start":{"line":1,"column":0},"end":{"line":1,"column":41}},"3":{"start":{"line":4,"column":0},"end":{"line":4,"column":49}},"4":{"start":{"line":5,"column":0},"end":{"line":5,"column":56}},"6":{"start":{"line":7,"column":0},"end":{"line":7,"column":10}},"7":{"start":{"line":8,"column":0},"end":{"line":8,"column":35}},"8":{"start":{"line":9,"column":0},"end":{"line":9,"column":20}},"10":{"start":{"line":11,"column":0},"end":{"line":11,"column":36}},"11":{"start":{"line":12,"column":0},"end":{"line":12,"column":7}},"13":{"start":{"line":14,"column":0},"end":{"line":14,"column":68}},"14":{"start":{"line":15,"column":0},"end":{"line":15,"column":39}},"15":{"start":{"line":16,"column":0},"end":{"line":16,"column":6}},"16":{"start":{"line":17,"column":0},"end":{"line":17,"column":22}},"17":{"start":{"line":18,"column":0},"end":{"line":18,"column":18}},"18":{"start":{"line":19,"column":0},"end":{"line":19,"column":30}},"19":{"start":{"line":20,"column":0},"end":{"line":20,"column":4}},"20":{"start":{"line":21,"column":0},"end":{"line":21,"column":1}},"22":{"start":{"line":23,"column":0},"end":{"line":23,"column":40}},"23":{"start":{"line":24,"column":0},"end":{"line":24,"column":41}},"24":{"start":{"line":25,"column":0},"end":{"line":25,"column":27}},"25":{"start":{"line":26,"column":0},"end":{"line":26,"column":1}}},"s":{"0":1,"3":1,"4":28,"6":28,"7":28,"8":227,"10":227,"11":227,"13":0,"14":227,"15":227,"16":28,"17":28,"18":28,"19":28,"20":28,"22":1,"23":28,"24":28,"25":28},"branchMap":{"0":{"type":"branch","line":4,"loc":{"start":{"line":4,"column":7},"end":{"line":21,"column":1}},"locations":[{"start":{"line":4,"column":7},"end":{"line":21,"column":1}}]},"1":{"type":"branch","line":8,"loc":{"start":{"line":8,"column":12},"end":{"line":16,"column":6}},"locations":[{"start":{"line":8,"column":12},"end":{"line":16,"column":6}}]},"2":{"type":"branch","line":12,"loc":{"start":{"line":12,"column":6},"end":{"line":14,"column":68}},"locations":[{"start":{"line":12,"column":6},"end":{"line":14,"column":68}}]},"3":{"type":"branch","line":23,"loc":{"start":{"line":23,"column":7},"end":{"line":26,"column":1}},"locations":[{"start":{"line":23,"column":7},"end":{"line":26,"column":1}}]}},"b":{"0":[28],"1":[227],"2":[0],"3":[28]},"fnMap":{"0":{"name":"buildCorsOptions","decl":{"start":{"line":4,"column":7},"end":{"line":21,"column":1}},"loc":{"start":{"line":4,"column":7},"end":{"line":21,"column":1}},"line":4},"1":{"name":"origin","decl":{"start":{"line":8,"column":12},"end":{"line":16,"column":6}},"loc":{"start":{"line":8,"column":12},"end":{"line":16,"column":6}},"line":8},"2":{"name":"createCorsMiddleware","decl":{"start":{"line":23,"column":7},"end":{"line":26,"column":1}},"loc":{"start":{"line":23,"column":7},"end":{"line":26,"column":1}},"line":23}},"f":{"0":28,"1":227,"2":28}}
,"D:\\GB-Mobile-Application--Android---iOS-\\backend\\src\\middleware\\errorHandler.ts": {"path":"D:\\GB-Mobile-Application--Android---iOS-\\backend\\src\\middleware\\errorHandler.ts","all":false,"statementMap":{"0":{"start":{"line":1,"column":0},"end":{"line":1,"column":58}},"3":{"start":{"line":4,"column":0},"end":{"line":4,"column":29}},"4":{"start":{"line":5,"column":0},"end":{"line":5,"column":15}},"5":{"start":{"line":6,"column":0},"end":{"line":6,"column":15}},"6":{"start":{"line":7,"column":0},"end":{"line":7,"column":16}},"7":{"start":{"line":8,"column":0},"end":{"line":8,"column":21}},"8":{"start":{"line":9,"column":0},"end":{"line":9,"column":3}},"9":{"start":{"line":10,"column":0},"end":{"line":10,"column":15}},"10":{"start":{"line":11,"column":0},"end":{"line":11,"column":90}},"11":{"start":{"line":12,"column":0},"end":{"line":12,"column":21}},"12":{"start":{"line":13,"column":0},"end":{"line":13,"column":4}},"14":{"start":{"line":15,"column":0},"end":{"line":15,"column":24}},"15":{"start":{"line":16,"column":0},"end":{"line":16,"column":11}},"16":{"start":{"line":17,"column":0},"end":{"line":17,"column":3}},"18":{"start":{"line":19,"column":0},"end":{"line":19,"column":61}},"19":{"start":{"line":20,"column":0},"end":{"line":20,"column":1}}},"s":{"0":1,"3":1,"4":0,"5":0,"6":0,"7":0,"8":0,"9":0,"10":0,"11":0,"12":0,"14":0,"15":0,"16":0,"18":0,"19":0},"branchMap":{},"b":{},"fnMap":{"0":{"name":"errorHandler","decl":{"start":{"line":4,"column":7},"end":{"line":20,"column":1}},"loc":{"start":{"line":4,"column":7},"end":{"line":20,"column":1}},"line":4}},"f":{"0":0}}
,"D:\\GB-Mobile-Application--Android---iOS-\\backend\\src\\middleware\\logger.ts": {"path":"D:\\GB-Mobile-Application--Android---iOS-\\backend\\src\\middleware\\logger.ts","all":false,"statementMap":{"0":{"start":{"line":1,"column":0},"end":{"line":1,"column":36}},"5":{"start":{"line":6,"column":0},"end":{"line":6,"column":41}},"15":{"start":{"line":16,"column":0},"end":{"line":16,"column":80}},"16":{"start":{"line":17,"column":0},"end":{"line":17,"column":50}},"17":{"start":{"line":18,"column":0},"end":{"line":18,"column":70}},"18":{"start":{"line":19,"column":0},"end":{"line":19,"column":73}},"19":{"start":{"line":20,"column":0},"end":{"line":20,"column":44}},"21":{"start":{"line":22,"column":0},"end":{"line":22,"column":46}},"22":{"start":{"line":23,"column":0},"end":{"line":23,"column":30}},"23":{"start":{"line":24,"column":0},"end":{"line":24,"column":45}},"25":{"start":{"line":26,"column":0},"end":{"line":26,"column":60}},"26":{"start":{"line":27,"column":0},"end":{"line":27,"column":77}},"28":{"start":{"line":29,"column":0},"end":{"line":29,"column":25}},"29":{"start":{"line":30,"column":0},"end":{"line":30,"column":45}},"30":{"start":{"line":31,"column":0},"end":{"line":31,"column":27}},"31":{"start":{"line":32,"column":0},"end":{"line":32,"column":22}},"32":{"start":{"line":33,"column":0},"end":{"line":33,"column":81}},"33":{"start":{"line":34,"column":0},"end":{"line":34,"column":23}},"34":{"start":{"line":35,"column":0},"end":{"line":35,"column":27}},"35":{"start":{"line":36,"column":0},"end":{"line":36,"column":30}},"36":{"start":{"line":37,"column":0},"end":{"line":37,"column":31}},"37":{"start":{"line":38,"column":0},"end":{"line":38,"column":19}},"38":{"start":{"line":39,"column":0},"end":{"line":39,"column":8}},"40":{"start":{"line":41,"column":0},"end":{"line":41,"column":16}},"41":{"start":{"line":42,"column":0},"end":{"line":42,"column":55}},"42":{"start":{"line":43,"column":0},"end":{"line":43,"column":14}},"43":{"start":{"line":44,"column":0},"end":{"line":44,"column":46}},"44":{"start":{"line":45,"column":0},"end":{"line":45,"column":7}},"45":{"start":{"line":46,"column":0},"end":{"line":46,"column":6}},"47":{"start":{"line":48,"column":0},"end":{"line":48,"column":43}},"48":{"start":{"line":49,"column":0},"end":{"line":49,"column":42}},"49":{"start":{"line":50,"column":0},"end":{"line":50,"column":48}},"51":{"start":{"line":52,"column":0},"end":{"line":52,"column":11}},"52":{"start":{"line":53,"column":0},"end":{"line":53,"column":5}},"53":{"start":{"line":54,"column":0},"end":{"line":54,"column":1}}},"s":{"0":1,"5":1,"15":1,"16":229,"17":229,"18":229,"19":229,"21":229,"22":229,"23":229,"25":229,"26":229,"28":229,"29":229,"30":456,"31":229,"32":229,"33":229,"34":229,"35":229,"36":229,"37":229,"38":229,"40":456,"41":1,"42":455,"43":228,"44":228,"45":456,"47":229,"48":229,"49":229,"51":229,"52":229,"53":229},"branchMap":{"0":{"type":"branch","line":16,"loc":{"start":{"line":16,"column":7},"end":{"line":54,"column":1}},"locations":[{"start":{"line":16,"column":7},"end":{"line":54,"column":1}}]},"1":{"type":"branch","line":18,"loc":{"start":{"line":18,"column":43},"end":{"line":18,"column":61}},"locations":[{"start":{"line":18,"column":43},"end":{"line":18,"column":61}}]},"2":{"type":"branch","line":19,"loc":{"start":{"line":19,"column":21},"end":{"line":19,"column":39}},"locations":[{"start":{"line":19,"column":21},"end":{"line":19,"column":39}}]},"3":{"type":"branch","line":19,"loc":{"start":{"line":19,"column":55},"end":{"line":19,"column":73}},"locations":[{"start":{"line":19,"column":55},"end":{"line":19,"column":73}}]},"4":{"type":"branch","line":22,"loc":{"start":{"line":22,"column":39},"end":{"line":53,"column":3}},"locations":[{"start":{"line":22,"column":39},"end":{"line":53,"column":3}}]},"5":{"type":"branch","line":30,"loc":{"start":{"line":30,"column":25},"end":{"line":46,"column":6}},"locations":[{"start":{"line":30,"column":25},"end":{"line":46,"column":6}}]},"6":{"type":"branch","line":31,"loc":{"start":{"line":31,"column":20},"end":{"line":41,"column":15}},"locations":[{"start":{"line":31,"column":20},"end":{"line":41,"column":15}}]},"7":{"type":"branch","line":31,"loc":{"start":{"line":31,"column":20},"end":{"line":31,"column":27}},"locations":[{"start":{"line":31,"column":20},"end":{"line":31,"column":27}}]},"8":{"type":"branch","line":41,"loc":{"start":{"line":41,"column":15},"end":{"line":45,"column":7}},"locations":[{"start":{"line":41,"column":15},"end":{"line":45,"column":7}}]},"9":{"type":"branch","line":41,"loc":{"start":{"line":41,"column":15},"end":{"line":43,"column":13}},"locations":[{"start":{"line":41,"column":15},"end":{"line":43,"column":13}}]},"10":{"type":"branch","line":43,"loc":{"start":{"line":43,"column":6},"end":{"line":45,"column":7}},"locations":[{"start":{"line":43,"column":6},"end":{"line":45,"column":7}}]},"11":{"type":"branch","line":48,"loc":{"start":{"line":48,"column":21},"end":{"line":48,"column":41}},"locations":[{"start":{"line":48,"column":21},"end":{"line":48,"column":41}}]},"12":{"type":"branch","line":49,"loc":{"start":{"line":49,"column":20},"end":{"line":49,"column":40}},"locations":[{"start":{"line":49,"column":20},"end":{"line":49,"column":40}}]},"13":{"type":"branch","line":50,"loc":{"start":{"line":50,"column":20},"end":{"line":50,"column":46}},"locations":[{"start":{"line":50,"column":20},"end":{"line":50,"column":46}}]}},"b":{"0":[229],"1":[0],"2":[228],"3":[228],"4":[229],"5":[456],"6":[229],"7":[227],"8":[455],"9":[1],"10":[228],"11":[228],"12":[227],"13":[1]},"fnMap":{"0":{"name":"requestLogger","decl":{"start":{"line":16,"column":7},"end":{"line":54,"column":1}},"loc":{"start":{"line":16,"column":7},"end":{"line":54,"column":1}},"line":16},"1":{"name":"markFinished","decl":{"start":{"line":30,"column":25},"end":{"line":46,"column":6}},"loc":{"start":{"line":30,"column":25},"end":{"line":46,"column":6}},"line":30}},"f":{"0":229,"1":456}}
,"D:\\GB-Mobile-Application--Android---iOS-\\backend\\src\\middleware\\rateLimit.ts": {"path":"D:\\GB-Mobile-Application--Android---iOS-\\backend\\src\\middleware\\rateLimit.ts","all":false,"statementMap":{"21":{"start":{"line":22,"column":0},"end":{"line":22,"column":80}},"22":{"start":{"line":23,"column":0},"end":{"line":23,"column":42}},"23":{"start":{"line":24,"column":0},"end":{"line":24,"column":42}},"24":{"start":{"line":25,"column":0},"end":{"line":25,"column":39}},"25":{"start":{"line":26,"column":0},"end":{"line":26,"column":3}},"26":{"start":{"line":27,"column":0},"end":{"line":27,"column":25}},"27":{"start":{"line":28,"column":0},"end":{"line":28,"column":1}},"29":{"start":{"line":30,"column":0},"end":{"line":30,"column":63}},"30":{"start":{"line":31,"column":0},"end":{"line":31,"column":42}},"31":{"start":{"line":32,"column":0},"end":{"line":32,"column":42}},"32":{"start":{"line":33,"column":0},"end":{"line":33,"column":20}},"33":{"start":{"line":34,"column":0},"end":{"line":34,"column":3}},"34":{"start":{"line":35,"column":0},"end":{"line":35,"column":13}},"35":{"start":{"line":36,"column":0},"end":{"line":36,"column":1}},"37":{"start":{"line":38,"column":0},"end":{"line":38,"column":44}},"38":{"start":{"line":39,"column":0},"end":{"line":39,"column":50}},"39":{"start":{"line":40,"column":0},"end":{"line":40,"column":60}},"40":{"start":{"line":41,"column":0},"end":{"line":41,"column":62}},"41":{"start":{"line":42,"column":0},"end":{"line":42,"column":2}},"43":{"start":{"line":44,"column":0},"end":{"line":44,"column":93}},"44":{"start":{"line":45,"column":0},"end":{"line":45,"column":77}},"45":{"start":{"line":46,"column":0},"end":{"line":46,"column":48}},"46":{"start":{"line":47,"column":0},"end":{"line":47,"column":1}},"48":{"start":{"line":49,"column":0},"end":{"line":49,"column":30}},"49":{"start":{"line":50,"column":0},"end":{"line":50,"column":54}},"51":{"start":{"line":52,"column":0},"end":{"line":52,"column":78}},"53":{"start":{"line":54,"column":0},"end":{"line":54,"column":57}},"54":{"start":{"line":55,"column":0},"end":{"line":55,"column":27}},"55":{"start":{"line":56,"column":0},"end":{"line":56,"column":46}},"57":{"start":{"line":58,"column":0},"end":{"line":58,"column":41}},"58":{"start":{"line":59,"column":0},"end":{"line":59,"column":44}},"59":{"start":{"line":60,"column":0},"end":{"line":60,"column":28}},"61":{"start":{"line":62,"column":0},"end":{"line":62,"column":70}},"62":{"start":{"line":63,"column":0},"end":{"line":63,"column":37}},"64":{"start":{"line":65,"column":0},"end":{"line":65,"column":55}},"65":{"start":{"line":66,"column":0},"end":{"line":66,"column":73}},"66":{"start":{"line":67,"column":0},"end":{"line":67,"column":7}},"67":{"start":{"line":68,"column":0},"end":{"line":68,"column":5}},"69":{"start":{"line":70,"column":0},"end":{"line":70,"column":29}},"70":{"start":{"line":71,"column":0},"end":{"line":71,"column":3}},"72":{"start":{"line":73,"column":0},"end":{"line":73,"column":63}},"73":{"start":{"line":74,"column":0},"end":{"line":74,"column":27}},"74":{"start":{"line":75,"column":0},"end":{"line":75,"column":46}},"75":{"start":{"line":76,"column":0},"end":{"line":76,"column":40}},"77":{"start":{"line":78,"column":0},"end":{"line":78,"column":33}},"78":{"start":{"line":79,"column":0},"end":{"line":79,"column":66}},"79":{"start":{"line":80,"column":0},"end":{"line":80,"column":72}},"80":{"start":{"line":81,"column":0},"end":{"line":81,"column":32}},"82":{"start":{"line":83,"column":0},"end":{"line":83,"column":62}},"83":{"start":{"line":84,"column":0},"end":{"line":84,"column":55}},"84":{"start":{"line":85,"column":0},"end":{"line":85,"column":63}},"85":{"start":{"line":86,"column":0},"end":{"line":86,"column":7}},"87":{"start":{"line":88,"column":0},"end":{"line":88,"column":37}},"88":{"start":{"line":89,"column":0},"end":{"line":89,"column":5}},"90":{"start":{"line":91,"column":0},"end":{"line":91,"column":21}},"91":{"start":{"line":92,"column":0},"end":{"line":92,"column":3}},"93":{"start":{"line":94,"column":0},"end":{"line":94,"column":48}},"94":{"start":{"line":95,"column":0},"end":{"line":95,"column":46}},"95":{"start":{"line":96,"column":0},"end":{"line":96,"column":33}},"96":{"start":{"line":97,"column":0},"end":{"line":97,"column":32}},"97":{"start":{"line":98,"column":0},"end":{"line":98,"column":5}},"98":{"start":{"line":99,"column":0},"end":{"line":99,"column":3}},"100":{"start":{"line":101,"column":0},"end":{"line":101,"column":11}},"101":{"start":{"line":102,"column":0},"end":{"line":102,"column":26}},"102":{"start":{"line":103,"column":0},"end":{"line":103,"column":3}},"104":{"start":{"line":105,"column":0},"end":{"line":105,"column":52}},"105":{"start":{"line":106,"column":0},"end":{"line":106,"column":69}},"106":{"start":{"line":107,"column":0},"end":{"line":107,"column":53}},"107":{"start":{"line":108,"column":0},"end":{"line":108,"column":6}},"108":{"start":{"line":109,"column":0},"end":{"line":109,"column":19}},"109":{"start":{"line":110,"column":0},"end":{"line":110,"column":79}},"110":{"start":{"line":111,"column":0},"end":{"line":111,"column":5}},"111":{"start":{"line":112,"column":0},"end":{"line":112,"column":16}},"112":{"start":{"line":113,"column":0},"end":{"line":113,"column":3}},"113":{"start":{"line":114,"column":0},"end":{"line":114,"column":1}},"115":{"start":{"line":116,"column":0},"end":{"line":116,"column":56}},"117":{"start":{"line":118,"column":0},"end":{"line":118,"column":90}},"118":{"start":{"line":119,"column":0},"end":{"line":119,"column":84}},"119":{"start":{"line":120,"column":0},"end":{"line":120,"column":68}},"120":{"start":{"line":121,"column":0},"end":{"line":121,"column":61}},"121":{"start":{"line":122,"column":0},"end":{"line":122,"column":22}},"122":{"start":{"line":123,"column":0},"end":{"line":123,"column":18}},"123":{"start":{"line":124,"column":0},"end":{"line":124,"column":3}},"125":{"start":{"line":126,"column":0},"end":{"line":126,"column":92}},"126":{"start":{"line":127,"column":0},"end":{"line":127,"column":61}},"127":{"start":{"line":128,"column":0},"end":{"line":128,"column":31}},"128":{"start":{"line":129,"column":0},"end":{"line":129,"column":71}},"129":{"start":{"line":130,"column":0},"end":{"line":130,"column":59}},"130":{"start":{"line":131,"column":0},"end":{"line":131,"column":5}},"131":{"start":{"line":132,"column":0},"end":{"line":132,"column":1}},"133":{"start":{"line":134,"column":0},"end":{"line":134,"column":40}},"134":{"start":{"line":135,"column":0},"end":{"line":135,"column":29}},"135":{"start":{"line":136,"column":0},"end":{"line":136,"column":1}}},"s":{"21":58,"22":58,"23":58,"24":58,"25":58,"26":0,"27":0,"29":29,"30":29,"31":29,"32":23,"33":23,"34":6,"35":6,"37":1,"38":1,"39":1,"40":1,"41":1,"43":36,"44":36,"45":36,"46":36,"48":1,"49":1,"51":1,"53":1,"54":61,"55":61,"57":61,"58":116,"59":116,"61":17,"62":17,"64":116,"65":3,"66":3,"67":116,"69":58,"70":61,"72":1,"73":10,"74":10,"75":10,"77":10,"78":19,"79":19,"80":19,"82":19,"83":6,"84":6,"85":6,"87":19,"88":19,"90":10,"91":10,"93":1,"94":48,"95":48,"96":96,"97":96,"98":48,"100":1,"101":11,"102":11,"104":1,"105":119,"106":119,"107":119,"108":119,"109":115,"110":115,"111":119,"112":119,"113":1,"115":1,"117":1,"118":55,"119":55,"120":55,"121":55,"122":54,"123":54,"125":1,"126":1,"127":1,"128":1,"129":1,"130":1,"131":1,"133":1,"134":11,"135":11},"branchMap":{"0":{"type":"branch","line":22,"loc":{"start":{"line":22,"column":0},"end":{"line":28,"column":1}},"locations":[{"start":{"line":22,"column":0},"end":{"line":28,"column":1}}]},"1":{"type":"branch","line":24,"loc":{"start":{"line":24,"column":26},"end":{"line":24,"column":41}},"locations":[{"start":{"line":24,"column":26},"end":{"line":24,"column":41}}]},"2":{"type":"branch","line":26,"loc":{"start":{"line":26,"column":2},"end":{"line":28,"column":1}},"locations":[{"start":{"line":26,"column":2},"end":{"line":28,"column":1}}]},"3":{"type":"branch","line":30,"loc":{"start":{"line":30,"column":0},"end":{"line":36,"column":1}},"locations":[{"start":{"line":30,"column":0},"end":{"line":36,"column":1}}]},"4":{"type":"branch","line":32,"loc":{"start":{"line":32,"column":26},"end":{"line":32,"column":41}},"locations":[{"start":{"line":32,"column":26},"end":{"line":32,"column":41}}]},"5":{"type":"branch","line":32,"loc":{"start":{"line":32,"column":41},"end":{"line":34,"column":3}},"locations":[{"start":{"line":32,"column":41},"end":{"line":34,"column":3}}]},"6":{"type":"branch","line":34,"loc":{"start":{"line":34,"column":2},"end":{"line":36,"column":1}},"locations":[{"start":{"line":34,"column":2},"end":{"line":36,"column":1}}]},"7":{"type":"branch","line":44,"loc":{"start":{"line":44,"column":0},"end":{"line":47,"column":1}},"locations":[{"start":{"line":44,"column":0},"end":{"line":47,"column":1}}]},"8":{"type":"branch","line":45,"loc":{"start":{"line":45,"column":47},"end":{"line":45,"column":75}},"locations":[{"start":{"line":45,"column":47},"end":{"line":45,"column":75}}]},"9":{"type":"branch","line":52,"loc":{"start":{"line":52,"column":2},"end":{"line":52,"column":78}},"locations":[{"start":{"line":52,"column":2},"end":{"line":52,"column":78}}]},"10":{"type":"branch","line":54,"loc":{"start":{"line":54,"column":2},"end":{"line":71,"column":3}},"locations":[{"start":{"line":54,"column":2},"end":{"line":71,"column":3}}]},"11":{"type":"branch","line":58,"loc":{"start":{"line":58,"column":40},"end":{"line":68,"column":5}},"locations":[{"start":{"line":58,"column":40},"end":{"line":68,"column":5}}]},"12":{"type":"branch","line":60,"loc":{"start":{"line":60,"column":19},"end":{"line":65,"column":30}},"locations":[{"start":{"line":60,"column":19},"end":{"line":65,"column":30}}]},"13":{"type":"branch","line":60,"loc":{"start":{"line":60,"column":19},"end":{"line":60,"column":28}},"locations":[{"start":{"line":60,"column":19},"end":{"line":60,"column":28}}]},"14":{"type":"branch","line":60,"loc":{"start":{"line":60,"column":19},"end":{"line":65,"column":30}},"locations":[{"start":{"line":60,"column":19},"end":{"line":65,"column":30}}]},"15":{"type":"branch","line":65,"loc":{"start":{"line":65,"column":17},"end":{"line":65,"column":54}},"locations":[{"start":{"line":65,"column":17},"end":{"line":65,"column":54}}]},"16":{"type":"branch","line":65,"loc":{"start":{"line":65,"column":54},"end":{"line":67,"column":7}},"locations":[{"start":{"line":65,"column":54},"end":{"line":67,"column":7}}]},"17":{"type":"branch","line":68,"loc":{"start":{"line":68,"column":4},"end":{"line":70,"column":29}},"locations":[{"start":{"line":68,"column":4},"end":{"line":70,"column":29}}]},"18":{"type":"branch","line":73,"loc":{"start":{"line":73,"column":2},"end":{"line":92,"column":3}},"locations":[{"start":{"line":73,"column":2},"end":{"line":92,"column":3}}]},"19":{"type":"branch","line":78,"loc":{"start":{"line":78,"column":32},"end":{"line":89,"column":5}},"locations":[{"start":{"line":78,"column":32},"end":{"line":89,"column":5}}]},"20":{"type":"branch","line":79,"loc":{"start":{"line":79,"column":44},"end":{"line":79,"column":66}},"locations":[{"start":{"line":79,"column":44},"end":{"line":79,"column":66}}]},"21":{"type":"branch","line":83,"loc":{"start":{"line":83,"column":61},"end":{"line":86,"column":7}},"locations":[{"start":{"line":83,"column":61},"end":{"line":86,"column":7}}]},"22":{"type":"branch","line":85,"loc":{"start":{"line":85,"column":29},"end":{"line":85,"column":45}},"locations":[{"start":{"line":85,"column":29},"end":{"line":85,"column":45}}]},"23":{"type":"branch","line":94,"loc":{"start":{"line":94,"column":2},"end":{"line":99,"column":3}},"locations":[{"start":{"line":94,"column":2},"end":{"line":99,"column":3}}]},"24":{"type":"branch","line":96,"loc":{"start":{"line":96,"column":32},"end":{"line":98,"column":5}},"locations":[{"start":{"line":96,"column":32},"end":{"line":98,"column":5}}]},"25":{"type":"branch","line":101,"loc":{"start":{"line":101,"column":2},"end":{"line":103,"column":3}},"locations":[{"start":{"line":101,"column":2},"end":{"line":103,"column":3}}]},"26":{"type":"branch","line":105,"loc":{"start":{"line":105,"column":10},"end":{"line":113,"column":3}},"locations":[{"start":{"line":105,"column":10},"end":{"line":113,"column":3}}]},"27":{"type":"branch","line":107,"loc":{"start":{"line":107,"column":19},"end":{"line":107,"column":34}},"locations":[{"start":{"line":107,"column":19},"end":{"line":107,"column":34}}]},"28":{"type":"branch","line":109,"loc":{"start":{"line":109,"column":18},"end":{"line":111,"column":5}},"locations":[{"start":{"line":109,"column":18},"end":{"line":111,"column":5}}]},"29":{"type":"branch","line":118,"loc":{"start":{"line":118,"column":7},"end":{"line":132,"column":1}},"locations":[{"start":{"line":118,"column":7},"end":{"line":132,"column":1}}]},"30":{"type":"branch","line":119,"loc":{"start":{"line":119,"column":46},"end":{"line":119,"column":74}},"locations":[{"start":{"line":119,"column":46},"end":{"line":119,"column":74}}]},"31":{"type":"branch","line":119,"loc":{"start":{"line":119,"column":66},"end":{"line":119,"column":84}},"locations":[{"start":{"line":119,"column":66},"end":{"line":119,"column":84}}]},"32":{"type":"branch","line":120,"loc":{"start":{"line":120,"column":23},"end":{"line":120,"column":58}},"locations":[{"start":{"line":120,"column":23},"end":{"line":120,"column":58}}]},"33":{"type":"branch","line":120,"loc":{"start":{"line":120,"column":41},"end":{"line":120,"column":68}},"locations":[{"start":{"line":120,"column":41},"end":{"line":120,"column":68}}]},"34":{"type":"branch","line":122,"loc":{"start":{"line":122,"column":21},"end":{"line":124,"column":3}},"locations":[{"start":{"line":122,"column":21},"end":{"line":124,"column":3}}]},"35":{"type":"branch","line":124,"loc":{"start":{"line":124,"column":2},"end":{"line":132,"column":1}},"locations":[{"start":{"line":124,"column":2},"end":{"line":132,"column":1}}]},"36":{"type":"branch","line":134,"loc":{"start":{"line":134,"column":7},"end":{"line":136,"column":1}},"locations":[{"start":{"line":134,"column":7},"end":{"line":136,"column":1}}]}},"b":{"0":[58],"1":[0],"2":[0],"3":[29],"4":[6],"5":[23],"6":[6],"7":[36],"8":[58],"9":[31],"10":[61],"11":[116],"12":[114],"13":[99],"14":[17],"15":[5],"16":[3],"17":[58],"18":[10],"19":[19],"20":[9],"21":[6],"22":[3],"23":[48],"24":[96],"25":[11],"26":[119],"27":[0],"28":[115],"29":[55],"30":[52],"31":[3],"32":[0],"33":[0],"34":[54],"35":[1],"36":[11]},"fnMap":{"0":{"name":"parseDurationMinutes","decl":{"start":{"line":22,"column":0},"end":{"line":28,"column":1}},"loc":{"start":{"line":22,"column":0},"end":{"line":28,"column":1}},"line":22},"1":{"name":"parseCount","decl":{"start":{"line":30,"column":0},"end":{"line":36,"column":1}},"loc":{"start":{"line":30,"column":0},"end":{"line":36,"column":1}},"line":30},"2":{"name":"pruneAttempts","decl":{"start":{"line":44,"column":0},"end":{"line":47,"column":1}},"loc":{"start":{"line":44,"column":0},"end":{"line":47,"column":1}},"line":44},"3":{"name":"AuthRateLimiter","decl":{"start":{"line":52,"column":2},"end":{"line":52,"column":78}},"loc":{"start":{"line":52,"column":2},"end":{"line":52,"column":78}},"line":52},"4":{"name":"check","decl":{"start":{"line":54,"column":2},"end":{"line":71,"column":3}},"loc":{"start":{"line":54,"column":2},"end":{"line":71,"column":3}},"line":54},"5":{"name":"recordFailure","decl":{"start":{"line":73,"column":2},"end":{"line":92,"column":3}},"loc":{"start":{"line":73,"column":2},"end":{"line":92,"column":3}},"line":73},"6":{"name":"recordSuccess","decl":{"start":{"line":94,"column":2},"end":{"line":99,"column":3}},"loc":{"start":{"line":94,"column":2},"end":{"line":99,"column":3}},"line":94},"7":{"name":"reset","decl":{"start":{"line":101,"column":2},"end":{"line":103,"column":3}},"loc":{"start":{"line":101,"column":2},"end":{"line":103,"column":3}},"line":101},"8":{"name":"buildKeys","decl":{"start":{"line":105,"column":10},"end":{"line":113,"column":3}},"loc":{"start":{"line":105,"column":10},"end":{"line":113,"column":3}},"line":105},"9":{"name":"authRateLimitMiddleware","decl":{"start":{"line":118,"column":7},"end":{"line":132,"column":1}},"loc":{"start":{"line":118,"column":7},"end":{"line":132,"column":1}},"line":118},"10":{"name":"resetAuthRateLimiter","decl":{"start":{"line":134,"column":7},"end":{"line":136,"column":1}},"loc":{"start":{"line":134,"column":7},"end":{"line":136,"column":1}},"line":134}},"f":{"0":58,"1":29,"2":36,"3":31,"4":61,"5":10,"6":48,"7":11,"8":119,"9":55,"10":11}}
[...]
end":{"line":189,"column":25}},"locations":[{"start":{"line":189,"column":13},"end":{"line":189,"column":25}}]},"46":{"type":"branch","line":189,"loc":{"start":{"line":189,"column":20},"end":{"line":201,"column":1}},"locations":[{"start":{"line":189,"column":20},"end":{"line":201,"column":1}}]},"47":{"type":"branch","line":195,"loc":{"start":{"line":195,"column":48},"end":{"line":198,"column":4}},"locations":[{"start":{"line":195,"column":48},"end":{"line":198,"column":4}}]},"48":{"type":"branch","line":197,"loc":{"start":{"line":197,"column":13},"end":{"line":197,"column":83}},"locations":[{"start":{"line":197,"column":13},"end":{"line":197,"column":83}}]},"49":{"type":"branch","line":209,"loc":{"start":{"line":209,"column":0},"end":{"line":222,"column":1}},"locations":[{"start":{"line":209,"column":0},"end":{"line":222,"column":1}}]},"50":{"type":"branch","line":217,"loc":{"start":{"line":217,"column":24},"end":{"line":217,"column":31}},"locations":[{"start":{"line":217,"column":24},"end":{"line":217,"column":31}}]},"51":{"type":"branch","line":217,"loc":{"start":{"line":217,"column":24},"end":{"line":218,"column":40}},"locations":[{"start":{"line":217,"column":24},"end":{"line":218,"column":40}}]},"52":{"type":"branch","line":218,"loc":{"start":{"line":218,"column":35},"end":{"line":218,"column":43}},"locations":[{"start":{"line":218,"column":35},"end":{"line":218,"column":43}}]},"53":{"type":"branch","line":219,"loc":{"start":{"line":219,"column":33},"end":{"line":221,"column":3}},"locations":[{"start":{"line":219,"column":33},"end":{"line":221,"column":3}}]},"54":{"type":"branch","line":224,"loc":{"start":{"line":224,"column":0},"end":{"line":227,"column":1}},"locations":[{"start":{"line":224,"column":0},"end":{"line":227,"column":1}}]},"55":{"type":"branch","line":226,"loc":{"start":{"line":226,"column":20},"end":{"line":226,"column":53}},"locations":[{"start":{"line":226,"column":20},"end":{"line":226,"column":53}}]},"56":{"type":"branch","line":239,"loc":{"start":{"line":239,"column":0},"end":{"line":241,"column":1}},"locations":[{"start":{"line":239,"column":0},"end":{"line":241,"column":1}}]},"57":{"type":"branch","line":243,"loc":{"start":{"line":243,"column":0},"end":{"line":266,"column":1}},"locations":[{"start":{"line":243,"column":0},"end":{"line":266,"column":1}}]},"58":{"type":"branch","line":249,"loc":{"start":{"line":249,"column":13},"end":{"line":251,"column":3}},"locations":[{"start":{"line":249,"column":13},"end":{"line":251,"column":3}}]},"59":{"type":"branch","line":253,"loc":{"start":{"line":253,"column":17},"end":{"line":258,"column":15}},"locations":[{"start":{"line":253,"column":17},"end":{"line":258,"column":15}}]},"60":{"type":"branch","line":253,"loc":{"start":{"line":253,"column":17},"end":{"line":255,"column":3}},"locations":[{"start":{"line":253,"column":17},"end":{"line":255,"column":3}}]},"61":{"type":"branch","line":255,"loc":{"start":{"line":255,"column":2},"end":{"line":258,"column":15}},"locations":[{"start":{"line":255,"column":2},"end":{"line":258,"column":15}}]},"62":{"type":"branch","line":258,"loc":{"start":{"line":258,"column":15},"end":{"line":260,"column":3}},"locations":[{"start":{"line":258,"column":15},"end":{"line":260,"column":3}}]},"63":{"type":"branch","line":260,"loc":{"start":{"line":260,"column":2},"end":{"line":261,"column":33}},"locations":[{"start":{"line":260,"column":2},"end":{"line":261,"column":33}}]},"64":{"type":"branch","line":261,"loc":{"start":{"line":261,"column":33},"end":{"line":263,"column":3}},"locations":[{"start":{"line":261,"column":33},"end":{"line":263,"column":3}}]},"65":{"type":"branch","line":263,"loc":{"start":{"line":263,"column":2},"end":{"line":266,"column":1}},"locations":[{"start":{"line":263,"column":2},"end":{"line":266,"column":1}}]},"66":{"type":"branch","line":268,"loc":{"start":{"line":268,"column":0},"end":{"line":316,"column":1}},"locations":[{"start":{"line":268,"column":0},"end":{"line":316,"column":1}}]},"67":{"type":"branch","line":270,"loc":{"start":{"line":270,"column":57},"end":{"line":270,"column":73}},"locations":[{"start":{"line":270,"column":57},"end":{"line":270,"column":73}}]},"68":{"type":"branch","line":274,"loc":{"start":{"line":274,"column":25},"end":{"line":274,"column":42}},"locations":[{"start":{"line":274,"column":25},"end":{"line":274,"column":42}}]},"69":{"type":"branch","line":276,"loc":{"start":{"line":276,"column":21},"end":{"line":295,"column":3}},"locations":[{"start":{"line":276,"column":21},"end":{"line":295,"column":3}}]},"70":{"type":"branch","line":278,"loc":{"start":{"line":278,"column":16},"end":{"line":280,"column":5}},"locations":[{"start":{"line":278,"column":16},"end":{"line":280,"column":5}}]},"71":{"type":"branch","line":281,"loc":{"start":{"line":281,"column":30},"end":{"line":281,"column":46}},"locations":[{"start":{"line":281,"column":30},"end":{"line":281,"column":46}}]},"72":{"type":"branch","line":283,"loc":{"start":{"line":283,"column":9},"end":{"line":283,"column":44}},"locations":[{"start":{"line":283,"column":9},"end":{"line":283,"column":44}}]},"73":{"type":"branch","line":283,"loc":{"start":{"line":283,"column":44},"end":{"line":286,"column":5}},"locations":[{"start":{"line":283,"column":44},"end":{"line":286,"column":5}}]},"74":{"type":"branch","line":287,"loc":{"start":{"line":287,"column":59},"end":{"line":292,"column":5}},"locations":[{"start":{"line":287,"column":59},"end":{"line":292,"column":5}}]},"75":{"type":"branch","line":293,"loc":{"start":{"line":293,"column":23},"end":{"line":293,"column":98}},"locations":[{"start":{"line":293,"column":23},"end":{"line":293,"column":98}}]},"76":{"type":"branch","line":294,"loc":{"start":{"line":294,"column":23},"end":{"line":294,"column":55}},"locations":[{"start":{"line":294,"column":23},"end":{"line":294,"column":55}}]},"77":{"type":"branch","line":298,"loc":{"start":{"line":298,"column":32},"end":{"line":298,"column":47}},"locations":[{"start":{"line":298,"column":32},"end":{"line":298,"column":47}}]},"78":{"type":"branch","line":304,"loc":{"start":{"line":304,"column":14},"end":{"line":304,"column":39}},"locations":[{"start":{"line":304,"column":14},"end":{"line":304,"column":39}}]},"79":{"type":"branch","line":308,"loc":{"start":{"line":308,"column":14},"end":{"line":308,"column":39}},"locations":[{"start":{"line":308,"column":14},"end":{"line":308,"column":39}}]},"80":{"type":"branch","line":311,"loc":{"start":{"line":311,"column":6},"end":{"line":311,"column":33}},"locations":[{"start":{"line":311,"column":6},"end":{"line":311,"column":33}}]},"81":{"type":"branch","line":311,"loc":{"start":{"line":311,"column":33},"end":{"line":313,"column":3}},"locations":[{"start":{"line":311,"column":33},"end":{"line":313,"column":3}}]},"82":{"type":"branch","line":318,"loc":{"start":{"line":318,"column":0},"end":{"line":361,"column":1}},"locations":[{"start":{"line":318,"column":0},"end":{"line":361,"column":1}}]},"83":{"type":"branch","line":327,"loc":{"start":{"line":327,"column":14},"end":{"line":327,"column":26}},"locations":[{"start":{"line":327,"column":14},"end":{"line":327,"column":26}}]},"84":{"type":"branch","line":329,"loc":{"start":{"line":329,"column":21},"end":{"line":329,"column":37}},"locations":[{"start":{"line":329,"column":21},"end":{"line":329,"column":37}}]},"85":{"type":"branch","line":330,"loc":{"start":{"line":330,"column":25},"end":{"line":330,"column":43}},"locations":[{"start":{"line":330,"column":25},"end":{"line":330,"column":43}}]},"86":{"type":"branch","line":332,"loc":{"start":{"line":332,"column":7},"end":{"line":332,"column":27}},"locations":[{"start":{"line":332,"column":7},"end":{"line":332,"column":27}}]},"87":{"type":"branch","line":332,"loc":{"start":{"line":332,"column":27},"end":{"line":341,"column":3}},"locations":[{"start":{"line":332,"column":27},"end":{"line":341,"column":3}}]},"88":{"type":"branch","line":343,"loc":{"start":{"line":343,"column":15},"end":{"line":345,"column":3}},"locations":[{"start":{"line":343,"column":15},"end":{"line":345,"column":3}}]},"89":{"type":"branch","line":352,"loc":{"start":{"line":352,"column":11},"end":{"line":352,"column":37}},"locations":[{"start":{"line":352,"column":11},"end":{"line":352,"column":37}}]},"90":{"type":"branch","line":352,"loc":{"start":{"line":352,"column":26},"end":{"line":352,"column":50}},"locations":[{"start":{"line":352,"column":26},"end":{"line":352,"column":50}}]},"91":{"type":"branch","line":363,"loc":{"start":{"line":363,"column":0},"end":{"line":410,"column":1}},"locations":[{"start":{"line":363,"column":0},"end":{"line":410,"column":1}}]},"92":{"type":"branch","line":367,"loc":{"start":{"line":367,"column":17},"end":{"line":367,"column":29}},"locations":[{"start":{"line":367,"column":17},"end":{"line":367,"column":29}}]},"93":{"type":"branch","line":369,"loc":{"start":{"line":369,"column":14},"end":{"line":371,"column":3}},"locations":[{"start":{"line":369,"column":14},"end":{"line":371,"column":3}}]},"94":{"type":"branch","line":371,"loc":{"start":{"line":371,"column":2},"end":{"line":373,"column":31}},"locations":[{"start":{"line":371,"column":2},"end":{"line":373,"column":31}}]},"95":{"type":"branch","line":373,"loc":{"start":{"line":373,"column":21},"end":{"line":373,"column":47}},"locations":[{"start":{"line":373,"column":21},"end":{"line":373,"column":47}}]},"96":{"type":"branch","line":375,"loc":{"start":{"line":375,"column":14},"end":{"line":375,"column":46}},"locations":[{"start":{"line":375,"column":14},"end":{"line":375,"column":46}}]},"97":{"type":"branch","line":376,"loc":{"start":{"line":376,"column":16},"end":{"line":376,"column":51}},"locations":[{"start":{"line":376,"column":16},"end":{"line":376,"column":51}}]},"98":{"type":"branch","line":381,"loc":{"start":{"line":381,"column":37},"end":{"line":386,"column":13}},"locations":[{"start":{"line":381,"column":37},"end":{"line":386,"column":13}}]},"99":{"type":"branch","line":386,"loc":{"start":{"line":386,"column":2},"end":{"line":390,"column":48}},"locations":[{"start":{"line":386,"column":2},"end":{"line":390,"column":48}}]},"100":{"type":"branch","line":386,"loc":{"start":{"line":386,"column":28},"end":{"line":386,"column":51}},"locations":[{"start":{"line":386,"column":28},"end":{"line":386,"column":51}}]},"101":{"type":"branch","line":386,"loc":{"start":{"line":386,"column":51},"end":{"line":388,"column":3}},"locations":[{"start":{"line":386,"column":51},"end":{"line":388,"column":3}}]},"102":{"type":"branch","line":390,"loc":{"start":{"line":390,"column":36},"end":{"line":390,"column":77}},"locations":[{"start":{"line":390,"column":36},"end":{"line":390,"column":77}}]},"103":{"type":"branch","line":390,"loc":{"start":{"line":390,"column":62},"end":{"line":390,"column":105}},"locations":[{"start":{"line":390,"column":62},"end":{"line":390,"column":105}}]},"104":{"type":"branch","line":392,"loc":{"start":{"line":392,"column":19},"end":{"line":392,"column":62}},"locations":[{"start":{"line":392,"column":19},"end":{"line":392,"column":62}}]},"105":{"type":"branch","line":392,"loc":{"start":{"line":392,"column":45},"end":{"line":392,"column":91}},"locations":[{"start":{"line":392,"column":45},"end":{"line":392,"column":91}}]},"106":{"type":"branch","line":398,"loc":{"start":{"line":398,"column":27},"end":{"line":398,"column":54}},"locations":[{"start":{"line":398,"column":27},"end":{"line":398,"column":54}}]},"107":{"type":"branch","line":398,"loc":{"start":{"line":398,"column":39},"end":{"line":398,"column":64}},"locations":[{"start":{"line":398,"column":39},"end":{"line":398,"column":64}}]},"108":{"type":"branch","line":399,"loc":{"start":{"line":399,"column":31},"end":{"line":399,"column":60}},"locations":[{"start":{"line":399,"column":31},"end":{"line":399,"column":60}}]},"109":{"type":"branch","line":399,"loc":{"start":{"line":399,"column":43},"end":{"line":399,"column":70}},"locations":[{"start":{"line":399,"column":43},"end":{"line":399,"column":70}}]},"110":{"type":"branch","line":401,"loc":{"start":{"line":401,"column":26},"end":{"line":401,"column":87}},"locations":[{"start":{"line":401,"column":26},"end":{"line":401,"column":87}}]},"111":{"type":"branch","line":401,"loc":{"start":{"line":401,"column":55},"end":{"line":401,"column":87}},"locations":[{"start":{"line":401,"column":55},"end":{"line":401,"column":87}}]},"112":{"type":"branch","line":401,"loc":{"start":{"line":401,"column":75},"end":{"line":402,"column":28}},"locations":[{"start":{"line":401,"column":75},"end":{"line":402,"column":28}}]},"113":{"type":"branch","line":402,"loc":{"start":{"line":402,"column":10},"end":{"line":402,"column":28}},"locations":[{"start":{"line":402,"column":10},"end":{"line":402,"column":28}}]},"114":{"type":"branch","line":402,"loc":{"start":{"line":402,"column":24},"end":{"line":403,"column":20}},"locations":[{"start":{"line":402,"column":24},"end":{"line":403,"column":20}}]},"115":{"type":"branch","line":405,"loc":{"start":{"line":405,"column":27},"end":{"line":405,"column":58}},"locations":[{"start":{"line":405,"column":27},"end":{"line":405,"column":58}}]},"116":{"type":"branch","line":405,"loc":{"start":{"line":405,"column":51},"end":{"line":405,"column":68}},"locations":[{"start":{"line":405,"column":51},"end":{"line":405,"column":68}}]},"117":{"type":"branch","line":406,"loc":{"start":{"line":406,"column":3},"end":{"line":408,"column":23}},"locations":[{"start":{"line":406,"column":3},"end":{"line":408,"column":23}}]},"118":{"type":"branch","line":408,"loc":{"start":{"line":408,"column":16},"end":{"line":408,"column":28}},"locations":[{"start":{"line":408,"column":16},"end":{"line":408,"column":28}}]},"119":{"type":"branch","line":408,"loc":{"start":{"line":408,"column":23},"end":{"line":410,"column":1}},"locations":[{"start":{"line":408,"column":23},"end":{"line":410,"column":1}}]},"120":{"type":"branch","line":412,"loc":{"start":{"line":412,"column":0},"end":{"line":422,"column":1}},"locations":[{"start":{"line":412,"column":0},"end":{"line":422,"column":1}}]},"121":{"type":"branch","line":418,"loc":{"start":{"line":418,"column":17},"end":{"line":418,"column":29}},"locations":[{"start":{"line":418,"column":17},"end":{"line":418,"column":29}}]}},"b":{"0":[2],"1":[1],"2":[121],"3":[50],"4":[117],"5":[71],"6":[50],"7":[0],"8":[0],"9":[50],"10":[45],"11":[39],"12":[15],"13":[30],"14":[4],"15":[0],"16":[26],"17":[2],"18":[0],"19":[1],"20":[1],"21":[0],"22":[21],"23":[7],"24":[16],"25":[19],"26":[14],"27":[0],"28":[14],"29":[5],"30":[0],"31":[14],"32":[1],"33":[20],"34":[4],"35":[0],"36":[20],"37":[4],"38":[4],"39":[1],"40":[19],"41":[26],"42":[25],"43":[1],"44":[25],"45":[1],"46":[24],"47":[10],"48":[0],"49":[10],"50":[2],"51":[8],"52":[0],"53":[1],"54":[1],"55":[2],"56":[5],"57":[10],"58":[0],"59":[8],"60":[3],"61":[7],"62":[0],"63":[7],"64":[0],"65":[7],"66":[10],"67":[3],"68":[8],"69":[2],"70":[0],"71":[0],"72":[0],"73":[0],"74":[0],"75":[0],"76":[0],"77":[0],"78":[5],"79":[8],"80":[2],"81":[2],"82":[2],"83":[0],"84":[0],"85":[0],"86":[0],"87":[0],"88":[0],"89":[0],"90":[0],"91":[12],"92":[0],"93":[10],"94":[11],"95":[2],"96":[10],"97":[10],"98":[0],"99":[9],"100":[3],"101":[3],"102":[0],"103":[9],"104":[0],"105":[9],"106":[0],"107":[9],"108":[0],"109":[9],"110":[9],"111":[3],"112":[3],"113":[0],"114":[6],"115":[0],"116":[9],"117":[9],"118":[0],"119":[9],"120":[1],"121":[0]},"fnMap":{"0":{"name":"WorkOrderValidationError","decl":{"start":{"line":53,"column":2},"end":{"line":56,"column":3}},"loc":{"start":{"line":53,"column":2},"end":{"line":56,"column":3}},"line":53},"1":{"name":"InvalidStatusTransitionError","decl":{"start":{"line":60,"column":2},"end":{"line":63,"column":3}},"loc":{"start":{"line":60,"column":2},"end":{"line":63,"column":3}},"line":60},"2":{"name":"toDate","decl":{"start":{"line":68,"column":0},"end":{"line":72,"column":1}},"loc":{"start":{"line":68,"column":0},"end":{"line":72,"column":1}},"line":68},"3":{"name":"computeSlaBreached","decl":{"start":{"line":74,"column":0},"end":{"line":87,"column":1}},"loc":{"start":{"line":74,"column":0},"end":{"line":87,"column":1}},"line":74},"4":{"name":"deriveDefaultSlaDueAtFromSeverity","decl":{"start":{"line":89,"column":0},"end":{"line":100,"column":1}},"loc":{"start":{"line":89,"column":0},"end":{"line":100,"column":1}},"line":89},"5":{"name":"validateSlaFields","decl":{"start":{"line":102,"column":0},"end":{"line":124,"column":1}},"loc":{"start":{"line":102,"column":0},"end":{"line":124,"column":1}},"line":102},"6":{"name":"withComputedSla","decl":{"start":{"line":126,"column":0},"end":{"line":138,"column":1}},"loc":{"start":{"line":126,"column":0},"end":{"line":138,"column":1}},"line":126},"7":{"name":"startOfDay","decl":{"start":{"line":140,"column":0},"end":{"line":144,"column":1}},"loc":{"start":{"line":140,"column":0},"end":{"line":144,"column":1}},"line":140},"8":{"name":"endOfDay","decl":{"start":{"line":146,"column":0},"end":{"line":150,"column":1}},"loc":{"start":{"line":146,"column":0},"end":{"line":150,"column":1}},"line":146},"9":{"name":"hydrateWorkOrder","decl":{"start":{"line":184,"column":0},"end":{"line":201,"column":1}},"loc":{"start":{"line":184,"column":0},"end":{"line":201,"column":1}},"line":184},"10":{"name":"assertStatusTransition","decl":{"start":{"line":209,"column":0},"end":{"line":222,"column":1}},"loc":{"start":{"line":209,"column":0},"end":{"line":222,"column":1}},"line":209},"11":{"name":"listWorkOrders","decl":{"start":{"line":224,"column":0},"end":{"line":227,"column":1}},"loc":{"start":{"line":224,"column":0},"end":{"line":227,"column":1}},"line":224},"12":{"name":"listWorkOrdersForDevice","decl":{"start":{"line":229,"column":0},"end":{"line":232,"column":1}},"loc":{"start":{"line":229,"column":0},"end":{"line":232,"column":1}},"line":229},"13":{"name":"listWorkOrdersForAlert","decl":{"start":{"line":234,"column":0},"end":{"line":237,"column":1}},"loc":{"start":{"line":234,"column":0},"end":{"line":237,"column":1}},"line":234},"14":{"name":"getWorkOrder","decl":{"start":{"line":239,"column":0},"end":{"line":241,"column":1}},"loc":{"start":{"line":239,"column":0},"end":{"line":241,"column":1}},"line":239},"15":{"name":"validateSiteAndDevice","decl":{"start":{"line":243,"column":0},"end":{"line":266,"column":1}},"loc":{"start":{"line":243,"column":0},"end":{"line":266,"column":1}},"line":243},"16":{"name":"createWorkOrder","decl":{"start":{"line":268,"column":0},"end":{"line":316,"column":1}},"loc":{"start":{"line":268,"column":0},"end":{"line":316,"column":1}},"line":268},"17":{"name":"createFromAlert","decl":{"start":{"line":318,"column":0},"end":{"line":361,"column":1}},"loc":{"start":{"line":318,"column":0},"end":{"line":361,"column":1}},"line":318},"18":{"name":"updateWorkOrderDetails","decl":{"start":{"line":363,"column":0},"end":{"line":410,"column":1}},"loc":{"start":{"line":363,"column":0},"end":{"line":410,"column":1}},"line":363},"19":{"name":"updateWorkOrderTasks","decl":{"start":{"line":412,"column":0},"end":{"line":422,"column":1}},"loc":{"start":{"line":412,"column":0},"end":{"line":422,"column":1}},"line":412},"20":{"name":"getMaintenanceSummary","decl":{"start":{"line":424,"column":0},"end":{"line":483,"column":1}},"loc":{"start":{"line":424,"column":0},"end":{"line":483,"column":1}},"line":424}},"f":{"0":2,"1":1,"2":121,"3":45,"4":2,"5":21,"6":26,"7":0,"8":0,"9":25,"10":10,"11":1,"12":0,"13":0,"14":5,"15":10,"16":10,"17":2,"18":12,"19":1,"20":0}}
,"D:\\GB-Mobile-Application--Android---iOS-\\backend\\src\\types\\files.ts": {"path":"D:\\GB-Mobile-Application--Android---iOS-\\backend\\src\\types\\files.ts","all":true,"statementMap":{},"s":{},"branchMap":{"0":{"type":"branch","line":1,"loc":{"start":{"line":1,"column":62},"end":{"line":1,"column":62}},"locations":[{"start":{"line":1,"column":62},"end":{"line":1,"column":62}}]}},"b":{"0":[1]},"fnMap":{"0":{"name":"(empty-report)","decl":{"start":{"line":1,"column":62},"end":{"line":1,"column":62}},"loc":{"start":{"line":1,"column":62},"end":{"line":1,"column":62}},"line":1}},"f":{"0":1}}
}
